ARM GAS  C:\Users\DHEERA~1\AppData\Local\Temp\ccM4ywDL.s 			page 1


   1              		.syntax unified
   2              		.cpu cortex-m3
   3              		.fpu softvfp
   4              		.eabi_attribute 20, 1
   5              		.eabi_attribute 21, 1
   6              		.eabi_attribute 23, 3
   7              		.eabi_attribute 24, 1
   8              		.eabi_attribute 25, 1
   9              		.eabi_attribute 26, 1
  10              		.eabi_attribute 30, 1
  11              		.eabi_attribute 34, 1
  12              		.eabi_attribute 18, 4
  13              		.thumb
  14              		.syntax unified
  15              		.file	"ErikaOS_1_eecfg.c"
  16              		.text
  17              	.Ltext0:
  18              		.cfi_sections	.debug_frame
  19              		.global	EE_oo_autostart_task_data
  20              		.comm	EE_ApplicationMode,4,4
  21              		.global	EE_oo_action_ROM
  22              		.comm	EE_oo_counter_object_RAM,16,4
  23              		.global	EE_oo_counter_object_ROM
  24              		.global	EE_ALARM_ID
  25              		.global	EE_ALARM_NAME
  26              		.global	EE_alarm_ROM
  27              		.global	EE_counter_RAM
  28              		.global	EE_counter_ROM
  29              		.global	EE_th_is_extended
  30              		.global	EE_th_waswaiting
  31              		.global	EE_th_event_waitmask
  32              		.global	EE_th_event_active
  33              		.global	EE_th_terminate_nextask
  34              		.global	EE_rq_free
  35              		.comm	EE_rq_pairs_tid,16,4
  36              		.global	EE_rq_pairs_next
  37              		.global	EE_rq_link
  38              		.global	EE_th_rnact_max
  39              		.global	EE_th_rnact
  40              		.global	EE_rq_bitmask
  41              		.global	EE_rq_queues_tail
  42              		.global	EE_rq_queues_head
  43              		.global	EE_sys_ceiling
  44              		.global	EE_stkfirst
  45              		.global	EE_th_next
  46              		.global	EE_th_status
  47              		.global	EE_th_dispatch_prio
  48              		.global	EE_EVENT_ID
  49              		.global	EE_EVENT_NAME
  50              		.global	EE_TASK_NAME
  51              		.global	EE_th_ready_prio
  52              		.global	EE_terminate_real_th_body
  53              		.comm	EE_terminate_data,16,4
  54              		.global	EE_hal_thread_body
  55              		.global	EE_cortex_mx_IRQ_tos
  56              		.global	EE_cortex_mx_active_tos
  57              		.global	EE_cortex_mx_system_tos
ARM GAS  C:\Users\DHEERA~1\AppData\Local\Temp\ccM4ywDL.s 			page 2


  58              		.global	EE_std_thread_tos
  59              		.comm	EE_cortex_mx_stack_9,512,4
  60              		.comm	EE_cortex_mx_stack_4,1000,4
  61              		.section	.rodata
  62              		.align	2
  63              		.type	EE_oo_autostart_task_data, %object
  64              		.size	EE_oo_autostart_task_data, 8
  65              	EE_oo_autostart_task_data:
  66 0000 01000000 		.word	1
  67 0004 08000000 		.word	EE_oo_autostart_task_mode_OSDEFAULTAPPMODE
  68              		.type	EE_oo_autostart_task_mode_OSDEFAULTAPPMODE, %object
  69              		.size	EE_oo_autostart_task_mode_OSDEFAULTAPPMODE, 4
  70              	EE_oo_autostart_task_mode_OSDEFAULTAPPMODE:
  71 0008 00000000 		.space	4
  72              		.type	EE_oo_action_ROM, %object
  73              		.size	EE_oo_action_ROM, 20
  74              	EE_oo_action_ROM:
  75 000c 00       		.byte	0
  76 000d 000000   		.space	3
  77 0010 02000000 		.word	2
  78 0014 00000000 		.word	0
  79 0018 00000000 		.word	0
  80 001c FFFFFFFF 		.word	-1
  81              		.type	EE_oo_counter_object_ROM, %object
  82              		.size	EE_oo_counter_object_ROM, 12
  83              	EE_oo_counter_object_ROM:
  84 0020 00000000 		.space	12
  84      00000000 
  84      00000000 
  85              		.type	EE_ALARM_ID, %object
  86              		.size	EE_ALARM_ID, 4
  87              	EE_ALARM_ID:
  88 002c 00000000 		.space	4
  89              		.type	EE_alarm_ROM, %object
  90              		.size	EE_alarm_ROM, 4
  91              	EE_alarm_ROM:
  92 0030 00000000 		.space	4
  93              		.type	EE_counter_ROM, %object
  94              		.size	EE_counter_ROM, 12
  95              	EE_counter_ROM:
  96 0034 10270000 		.word	10000
  97 0038 01000000 		.word	1
  98 003c 00000000 		.word	0
  99              		.type	EE_th_is_extended, %object
 100              		.size	EE_th_is_extended, 16
 101              	EE_th_is_extended:
 102 0040 00000000 		.word	0
 103 0044 00000000 		.word	0
 104 0048 00000000 		.word	0
 105 004c 01000000 		.word	1
 106              		.type	EE_th_rnact_max, %object
 107              		.size	EE_th_rnact_max, 16
 108              	EE_th_rnact_max:
 109 0050 01000000 		.word	1
 110 0054 01000000 		.word	1
 111 0058 01000000 		.word	1
 112 005c 01000000 		.word	1
ARM GAS  C:\Users\DHEERA~1\AppData\Local\Temp\ccM4ywDL.s 			page 3


 113              		.type	EE_th_dispatch_prio, %object
 114              		.size	EE_th_dispatch_prio, 16
 115              	EE_th_dispatch_prio:
 116 0060 01000000 		.word	1
 117 0064 01000000 		.word	1
 118 0068 10000000 		.word	16
 119 006c 04000000 		.word	4
 120              		.type	EE_EVENT_ID, %object
 121              		.size	EE_EVENT_ID, 8
 122              	EE_EVENT_ID:
 123 0070 01000000 		.word	1
 124 0074 02000000 		.word	2
 125              		.type	EE_th_ready_prio, %object
 126              		.size	EE_th_ready_prio, 16
 127              	EE_th_ready_prio:
 128 0078 01000000 		.word	1
 129 007c 01000000 		.word	1
 130 0080 10000000 		.word	16
 131 0084 04000000 		.word	4
 132              		.type	EE_terminate_real_th_body, %object
 133              		.size	EE_terminate_real_th_body, 16
 134              	EE_terminate_real_th_body:
 135 0088 00000000 		.word	Functsk_init
 136 008c 00000000 		.word	Functsk_background
 137 0090 00000000 		.word	Functsk_io
 138 0094 00000000 		.word	Functsk_control
 139              		.type	EE_hal_thread_body, %object
 140              		.size	EE_hal_thread_body, 16
 141              	EE_hal_thread_body:
 142 0098 00000000 		.word	EE_oo_thread_stub
 143 009c 00000000 		.word	EE_oo_thread_stub
 144 00a0 00000000 		.word	EE_oo_thread_stub
 145 00a4 00000000 		.word	EE_oo_thread_stub
 146              		.type	EE_std_thread_tos, %object
 147              		.size	EE_std_thread_tos, 20
 148              	EE_std_thread_tos:
 149 00a8 00000000 		.word	0
 150 00ac 00000000 		.word	0
 151 00b0 00000000 		.word	0
 152 00b4 00000000 		.word	0
 153 00b8 01000000 		.word	1
 154              		.data
 155              		.align	2
 156              		.type	EE_ALARM_NAME, %object
 157              		.size	EE_ALARM_NAME, 4
 158              	EE_ALARM_NAME:
 159 0000 00000000 		.word	.LC0
 160              		.type	EE_counter_RAM, %object
 161              		.size	EE_counter_RAM, 8
 162              	EE_counter_RAM:
 163 0004 00000000 		.word	0
 164 0008 FFFFFFFF 		.word	-1
 165              		.type	EE_th_terminate_nextask, %object
 166              		.size	EE_th_terminate_nextask, 16
 167              	EE_th_terminate_nextask:
 168 000c FFFFFFFF 		.word	-1
 169 0010 FFFFFFFF 		.word	-1
ARM GAS  C:\Users\DHEERA~1\AppData\Local\Temp\ccM4ywDL.s 			page 4


 170 0014 FFFFFFFF 		.word	-1
 171 0018 FFFFFFFF 		.word	-1
 172              		.type	EE_rq_pairs_next, %object
 173              		.size	EE_rq_pairs_next, 16
 174              	EE_rq_pairs_next:
 175 001c 01000000 		.word	1
 176 0020 02000000 		.word	2
 177 0024 03000000 		.word	3
 178 0028 FFFFFFFF 		.word	-1
 179              		.type	EE_rq_link, %object
 180              		.size	EE_rq_link, 16
 181              	EE_rq_link:
 182 002c 00000000 		.word	0
 183 0030 00000000 		.word	0
 184 0034 04000000 		.word	4
 185 0038 02000000 		.word	2
 186              		.type	EE_th_rnact, %object
 187              		.size	EE_th_rnact, 16
 188              	EE_th_rnact:
 189 003c 01000000 		.word	1
 190 0040 01000000 		.word	1
 191 0044 01000000 		.word	1
 192 0048 01000000 		.word	1
 193              		.type	EE_rq_queues_tail, %object
 194              		.size	EE_rq_queues_tail, 64
 195              	EE_rq_queues_tail:
 196 004c FFFFFFFF 		.word	-1
 197 0050 FFFFFFFF 		.word	-1
 198 0054 FFFFFFFF 		.word	-1
 199 0058 FFFFFFFF 		.word	-1
 200 005c FFFFFFFF 		.word	-1
 201 0060 FFFFFFFF 		.word	-1
 202 0064 FFFFFFFF 		.word	-1
 203 0068 FFFFFFFF 		.word	-1
 204 006c FFFFFFFF 		.word	-1
 205 0070 FFFFFFFF 		.word	-1
 206 0074 FFFFFFFF 		.word	-1
 207 0078 FFFFFFFF 		.word	-1
 208 007c FFFFFFFF 		.word	-1
 209 0080 FFFFFFFF 		.word	-1
 210 0084 FFFFFFFF 		.word	-1
 211 0088 FFFFFFFF 		.word	-1
 212              		.type	EE_rq_queues_head, %object
 213              		.size	EE_rq_queues_head, 64
 214              	EE_rq_queues_head:
 215 008c FFFFFFFF 		.word	-1
 216 0090 FFFFFFFF 		.word	-1
 217 0094 FFFFFFFF 		.word	-1
 218 0098 FFFFFFFF 		.word	-1
 219 009c FFFFFFFF 		.word	-1
 220 00a0 FFFFFFFF 		.word	-1
 221 00a4 FFFFFFFF 		.word	-1
 222 00a8 FFFFFFFF 		.word	-1
 223 00ac FFFFFFFF 		.word	-1
 224 00b0 FFFFFFFF 		.word	-1
 225 00b4 FFFFFFFF 		.word	-1
 226 00b8 FFFFFFFF 		.word	-1
ARM GAS  C:\Users\DHEERA~1\AppData\Local\Temp\ccM4ywDL.s 			page 5


 227 00bc FFFFFFFF 		.word	-1
 228 00c0 FFFFFFFF 		.word	-1
 229 00c4 FFFFFFFF 		.word	-1
 230 00c8 FFFFFFFF 		.word	-1
 231              		.type	EE_stkfirst, %object
 232              		.size	EE_stkfirst, 4
 233              	EE_stkfirst:
 234 00cc FFFFFFFF 		.word	-1
 235              		.type	EE_th_next, %object
 236              		.size	EE_th_next, 16
 237              	EE_th_next:
 238 00d0 FFFFFFFF 		.word	-1
 239 00d4 FFFFFFFF 		.word	-1
 240 00d8 FFFFFFFF 		.word	-1
 241 00dc FFFFFFFF 		.word	-1
 242              		.type	EE_th_status, %object
 243              		.size	EE_th_status, 16
 244              	EE_th_status:
 245 00e0 03000000 		.word	3
 246 00e4 03000000 		.word	3
 247 00e8 03000000 		.word	3
 248 00ec 03000000 		.word	3
 249              		.type	EE_EVENT_NAME, %object
 250              		.size	EE_EVENT_NAME, 8
 251              	EE_EVENT_NAME:
 252 00f0 0C000000 		.word	.LC1
 253 00f4 20000000 		.word	.LC2
 254              		.type	EE_TASK_NAME, %object
 255              		.size	EE_TASK_NAME, 16
 256              	EE_TASK_NAME:
 257 00f8 30000000 		.word	.LC3
 258 00fc 3C000000 		.word	.LC4
 259 0100 4C000000 		.word	.LC5
 260 0104 54000000 		.word	.LC6
 261              		.type	EE_cortex_mx_IRQ_tos, %object
 262              		.size	EE_cortex_mx_IRQ_tos, 4
 263              	EE_cortex_mx_IRQ_tos:
 264 0108 00020000 		.word	EE_cortex_mx_stack_9+512
 265              		.type	EE_cortex_mx_system_tos, %object
 266              		.size	EE_cortex_mx_system_tos, 8
 267              	EE_cortex_mx_system_tos:
 268 010c 00000000 		.word	0
 269 0110 C0030000 		.word	EE_cortex_mx_stack_4+960
 270              		.section	.rodata.str1.4,"aMS",%progbits,1
 271              		.align	2
 272              	.LC0:
 273 0000 616C726D 		.ascii	"alrm_1ms\000"
 273      5F316D73 
 273      00
 274 0009 000000   		.space	3
 275              	.LC1:
 276 000c 65765F6A 		.ascii	"ev_joystick_onData\000"
 276      6F797374 
 276      69636B5F 
 276      6F6E4461 
 276      746100
 277 001f 00       		.space	1
ARM GAS  C:\Users\DHEERA~1\AppData\Local\Temp\ccM4ywDL.s 			page 6


 278              	.LC2:
 279 0020 65765F73 		.ascii	"ev_speed_onData\000"
 279      70656564 
 279      5F6F6E44 
 279      61746100 
 280              	.LC3:
 281 0030 74736B5F 		.ascii	"tsk_init\000"
 281      696E6974 
 281      00
 282 0039 000000   		.space	3
 283              	.LC4:
 284 003c 74736B5F 		.ascii	"tsk_background\000"
 284      6261636B 
 284      67726F75 
 284      6E6400
 285 004b 00       		.space	1
 286              	.LC5:
 287 004c 74736B5F 		.ascii	"tsk_io\000"
 287      696F00
 288 0053 00       		.space	1
 289              	.LC6:
 290 0054 74736B5F 		.ascii	"tsk_control\000"
 290      636F6E74 
 290      726F6C00 
 291              		.bss
 292              		.align	2
 293              		.type	EE_th_waswaiting, %object
 294              		.size	EE_th_waswaiting, 16
 295              	EE_th_waswaiting:
 296 0000 00000000 		.space	16
 296      00000000 
 296      00000000 
 296      00000000 
 297              		.type	EE_th_event_waitmask, %object
 298              		.size	EE_th_event_waitmask, 16
 299              	EE_th_event_waitmask:
 300 0010 00000000 		.space	16
 300      00000000 
 300      00000000 
 300      00000000 
 301              		.type	EE_th_event_active, %object
 302              		.size	EE_th_event_active, 16
 303              	EE_th_event_active:
 304 0020 00000000 		.space	16
 304      00000000 
 304      00000000 
 304      00000000 
 305              		.type	EE_rq_free, %object
 306              		.size	EE_rq_free, 4
 307              	EE_rq_free:
 308 0030 00000000 		.space	4
 309              		.type	EE_rq_bitmask, %object
 310              		.size	EE_rq_bitmask, 2
 311              	EE_rq_bitmask:
 312 0034 0000     		.space	2
 313 0036 0000     		.space	2
 314              		.type	EE_sys_ceiling, %object
ARM GAS  C:\Users\DHEERA~1\AppData\Local\Temp\ccM4ywDL.s 			page 7


 315              		.size	EE_sys_ceiling, 4
 316              	EE_sys_ceiling:
 317 0038 00000000 		.space	4
 318              		.type	EE_cortex_mx_active_tos, %object
 319              		.size	EE_cortex_mx_active_tos, 4
 320              	EE_cortex_mx_active_tos:
 321 003c 00000000 		.space	4
 322              		.text
 323              	.Letext0:
 324              		.file 1 "Generated_Source\\PSoC5\\ErikaOS_1_common_ee_types.inc"
 325              		.file 2 "Generated_Source\\PSoC5\\ErikaOS_1_cortex_mx_ee_cpu.inc"
 326              		.file 3 "Generated_Source\\PSoC5\\ErikaOS_1_ee_oo_common.inc"
 327              		.file 4 "Generated_Source\\PSoC5\\ErikaOS_1_common_ee_hal_structs.inc"
 328              		.file 5 "Generated_Source\\PSoC5\\ErikaOS_1_eecfg.c"
 329              		.file 6 "Generated_Source\\PSoC5\\ErikaOS_1_ee_oo_intfunc.inc"
 330              		.file 7 "Generated_Source\\PSoC5\\ErikaOS_1_cortex_mx_ee_context.inc"
 331              		.file 8 "Generated_Source\\PSoC5\\ErikaOS_1_common_ee_primitives.inc"
 332              		.section	.debug_info,"",%progbits
 333              	.Ldebug_info0:
 334 0000 B2080000 		.4byte	0x8b2
 335 0004 0400     		.2byte	0x4
 336 0006 00000000 		.4byte	.Ldebug_abbrev0
 337 000a 04       		.byte	0x4
 338 000b 01       		.uleb128 0x1
 339 000c 26050000 		.4byte	.LASF112
 340 0010 0C       		.byte	0xc
 341 0011 4A070000 		.4byte	.LASF113
 342 0015 C5030000 		.4byte	.LASF114
 343 0019 00000000 		.4byte	.Ldebug_line0
 344 001d 02       		.uleb128 0x2
 345 001e 01       		.byte	0x1
 346 001f 06       		.byte	0x6
 347 0020 0F010000 		.4byte	.LASF0
 348 0024 02       		.uleb128 0x2
 349 0025 01       		.byte	0x1
 350 0026 08       		.byte	0x8
 351 0027 9E040000 		.4byte	.LASF1
 352 002b 02       		.uleb128 0x2
 353 002c 02       		.byte	0x2
 354 002d 05       		.byte	0x5
 355 002e E3040000 		.4byte	.LASF2
 356 0032 02       		.uleb128 0x2
 357 0033 02       		.byte	0x2
 358 0034 07       		.byte	0x7
 359 0035 73020000 		.4byte	.LASF3
 360 0039 02       		.uleb128 0x2
 361 003a 04       		.byte	0x4
 362 003b 05       		.byte	0x5
 363 003c 96010000 		.4byte	.LASF4
 364 0040 02       		.uleb128 0x2
 365 0041 04       		.byte	0x4
 366 0042 07       		.byte	0x7
 367 0043 31020000 		.4byte	.LASF5
 368 0047 02       		.uleb128 0x2
 369 0048 08       		.byte	0x8
 370 0049 05       		.byte	0x5
 371 004a 01010000 		.4byte	.LASF6
ARM GAS  C:\Users\DHEERA~1\AppData\Local\Temp\ccM4ywDL.s 			page 8


 372 004e 02       		.uleb128 0x2
 373 004f 08       		.byte	0x8
 374 0050 07       		.byte	0x7
 375 0051 5E000000 		.4byte	.LASF7
 376 0055 03       		.uleb128 0x3
 377 0056 04       		.byte	0x4
 378 0057 05       		.byte	0x5
 379 0058 696E7400 		.ascii	"int\000"
 380 005c 02       		.uleb128 0x2
 381 005d 04       		.byte	0x4
 382 005e 07       		.byte	0x7
 383 005f F9010000 		.4byte	.LASF8
 384 0063 02       		.uleb128 0x2
 385 0064 08       		.byte	0x8
 386 0065 04       		.byte	0x4
 387 0066 9B030000 		.4byte	.LASF9
 388 006a 04       		.uleb128 0x4
 389 006b 6B040000 		.4byte	.LASF10
 390 006f 01       		.byte	0x1
 391 0070 52       		.byte	0x52
 392 0071 32000000 		.4byte	0x32
 393 0075 04       		.uleb128 0x4
 394 0076 2F070000 		.4byte	.LASF11
 395 007a 01       		.byte	0x1
 396 007b 53       		.byte	0x53
 397 007c 55000000 		.4byte	0x55
 398 0080 04       		.uleb128 0x4
 399 0081 25070000 		.4byte	.LASF12
 400 0085 01       		.byte	0x1
 401 0086 54       		.byte	0x54
 402 0087 5C000000 		.4byte	0x5c
 403 008b 04       		.uleb128 0x4
 404 008c A3070000 		.4byte	.LASF13
 405 0090 01       		.byte	0x1
 406 0091 64       		.byte	0x64
 407 0092 96000000 		.4byte	0x96
 408 0096 05       		.uleb128 0x5
 409 0097 04       		.byte	0x4
 410 0098 06       		.uleb128 0x6
 411 0099 04       		.byte	0x4
 412 009a 9E000000 		.4byte	0x9e
 413 009e 07       		.uleb128 0x7
 414 009f 04       		.uleb128 0x4
 415 00a0 1E030000 		.4byte	.LASF14
 416 00a4 01       		.byte	0x1
 417 00a5 70       		.byte	0x70
 418 00a6 98000000 		.4byte	0x98
 419 00aa 04       		.uleb128 0x4
 420 00ab C0050000 		.4byte	.LASF15
 421 00af 01       		.byte	0x1
 422 00b0 73       		.byte	0x73
 423 00b1 98000000 		.4byte	0x98
 424 00b5 04       		.uleb128 0x4
 425 00b6 06020000 		.4byte	.LASF16
 426 00ba 02       		.byte	0x2
 427 00bb 4D       		.byte	0x4d
 428 00bc 80000000 		.4byte	0x80
ARM GAS  C:\Users\DHEERA~1\AppData\Local\Temp\ccM4ywDL.s 			page 9


 429 00c0 04       		.uleb128 0x4
 430 00c1 BD030000 		.4byte	.LASF17
 431 00c5 02       		.byte	0x2
 432 00c6 4E       		.byte	0x4e
 433 00c7 75000000 		.4byte	0x75
 434 00cb 04       		.uleb128 0x4
 435 00cc BD070000 		.4byte	.LASF18
 436 00d0 02       		.byte	0x2
 437 00d1 4F       		.byte	0x4f
 438 00d2 80000000 		.4byte	0x80
 439 00d6 04       		.uleb128 0x4
 440 00d7 3D000000 		.4byte	.LASF19
 441 00db 02       		.byte	0x2
 442 00dc 54       		.byte	0x54
 443 00dd B5000000 		.4byte	0xb5
 444 00e1 04       		.uleb128 0x4
 445 00e2 EC010000 		.4byte	.LASF20
 446 00e6 02       		.byte	0x2
 447 00e7 78       		.byte	0x78
 448 00e8 75000000 		.4byte	0x75
 449 00ec 08       		.uleb128 0x8
 450 00ed B3000000 		.4byte	.LASF61
 451 00f1 04       		.byte	0x4
 452 00f2 04       		.byte	0x4
 453 00f3 4D       		.byte	0x4d
 454 00f4 05010000 		.4byte	0x105
 455 00f8 09       		.uleb128 0x9
 456 00f9 8F070000 		.4byte	.LASF28
 457 00fd 04       		.byte	0x4
 458 00fe 4E       		.byte	0x4e
 459 00ff 8B000000 		.4byte	0x8b
 460 0103 00       		.byte	0
 461 0104 00       		.byte	0
 462 0105 0A       		.uleb128 0xa
 463 0106 82030000 		.4byte	.LASF21
 464 010a 03       		.byte	0x3
 465 010b 1101     		.2byte	0x111
 466 010d 6A000000 		.4byte	0x6a
 467 0111 0A       		.uleb128 0xa
 468 0112 AA000000 		.4byte	.LASF22
 469 0116 03       		.byte	0x3
 470 0117 F701     		.2byte	0x1f7
 471 0119 E1000000 		.4byte	0xe1
 472 011d 0A       		.uleb128 0xa
 473 011e 32010000 		.4byte	.LASF23
 474 0122 03       		.byte	0x3
 475 0123 2C02     		.2byte	0x22c
 476 0125 B5000000 		.4byte	0xb5
 477 0129 0A       		.uleb128 0xa
 478 012a 1D000000 		.4byte	.LASF24
 479 012e 03       		.byte	0x3
 480 012f 3502     		.2byte	0x235
 481 0131 B5000000 		.4byte	0xb5
 482 0135 0A       		.uleb128 0xa
 483 0136 19060000 		.4byte	.LASF25
 484 013a 03       		.byte	0x3
 485 013b 5D02     		.2byte	0x25d
ARM GAS  C:\Users\DHEERA~1\AppData\Local\Temp\ccM4ywDL.s 			page 10


 486 013d B5000000 		.4byte	0xb5
 487 0141 0A       		.uleb128 0xa
 488 0142 32000000 		.4byte	.LASF26
 489 0146 03       		.byte	0x3
 490 0147 6302     		.2byte	0x263
 491 0149 B5000000 		.4byte	0xb5
 492 014d 0A       		.uleb128 0xa
 493 014e 2F030000 		.4byte	.LASF27
 494 0152 03       		.byte	0x3
 495 0153 6C02     		.2byte	0x26c
 496 0155 B5000000 		.4byte	0xb5
 497 0159 0B       		.uleb128 0xb
 498 015a 0C       		.byte	0xc
 499 015b 03       		.byte	0x3
 500 015c 7202     		.2byte	0x272
 501 015e 8A010000 		.4byte	0x18a
 502 0162 0C       		.uleb128 0xc
 503 0163 BA000000 		.4byte	.LASF29
 504 0167 03       		.byte	0x3
 505 0168 7302     		.2byte	0x273
 506 016a 29010000 		.4byte	0x129
 507 016e 00       		.byte	0
 508 016f 0C       		.uleb128 0xc
 509 0170 16040000 		.4byte	.LASF30
 510 0174 03       		.byte	0x3
 511 0175 7402     		.2byte	0x274
 512 0177 29010000 		.4byte	0x129
 513 017b 04       		.byte	0x4
 514 017c 0C       		.uleb128 0xc
 515 017d E3010000 		.4byte	.LASF31
 516 0181 03       		.byte	0x3
 517 0182 7502     		.2byte	0x275
 518 0184 29010000 		.4byte	0x129
 519 0188 08       		.byte	0x8
 520 0189 00       		.byte	0
 521 018a 0A       		.uleb128 0xa
 522 018b 0F050000 		.4byte	.LASF32
 523 018f 03       		.byte	0x3
 524 0190 7A02     		.2byte	0x27a
 525 0192 59010000 		.4byte	0x159
 526 0196 0B       		.uleb128 0xb
 527 0197 08       		.byte	0x8
 528 0198 03       		.byte	0x3
 529 0199 7D02     		.2byte	0x27d
 530 019b BA010000 		.4byte	0x1ba
 531 019f 0C       		.uleb128 0xc
 532 01a0 F3010000 		.4byte	.LASF33
 533 01a4 03       		.byte	0x3
 534 01a5 7E02     		.2byte	0x27e
 535 01a7 29010000 		.4byte	0x129
 536 01ab 00       		.byte	0
 537 01ac 0C       		.uleb128 0xc
 538 01ad 13060000 		.4byte	.LASF34
 539 01b1 03       		.byte	0x3
 540 01b2 7F02     		.2byte	0x27f
 541 01b4 35010000 		.4byte	0x135
 542 01b8 04       		.byte	0x4
ARM GAS  C:\Users\DHEERA~1\AppData\Local\Temp\ccM4ywDL.s 			page 11


 543 01b9 00       		.byte	0
 544 01ba 0A       		.uleb128 0xa
 545 01bb 73010000 		.4byte	.LASF35
 546 01bf 03       		.byte	0x3
 547 01c0 8002     		.2byte	0x280
 548 01c2 96010000 		.4byte	0x196
 549 01c6 0D       		.uleb128 0xd
 550 01c7 01       		.byte	0x1
 551 01c8 24000000 		.4byte	0x24
 552 01cc 03       		.byte	0x3
 553 01cd 8A02     		.2byte	0x28a
 554 01cf E0010000 		.4byte	0x1e0
 555 01d3 0E       		.uleb128 0xe
 556 01d4 AC040000 		.4byte	.LASF36
 557 01d8 00       		.byte	0
 558 01d9 0E       		.uleb128 0xe
 559 01da 75040000 		.4byte	.LASF37
 560 01de 01       		.byte	0x1
 561 01df 00       		.byte	0
 562 01e0 0A       		.uleb128 0xa
 563 01e1 9E020000 		.4byte	.LASF38
 564 01e5 03       		.byte	0x3
 565 01e6 8D02     		.2byte	0x28d
 566 01e8 C6010000 		.4byte	0x1c6
 567 01ec 0A       		.uleb128 0xa
 568 01ed CA020000 		.4byte	.LASF39
 569 01f1 03       		.byte	0x3
 570 01f2 9002     		.2byte	0x290
 571 01f4 E0010000 		.4byte	0x1e0
 572 01f8 0B       		.uleb128 0xb
 573 01f9 0C       		.byte	0xc
 574 01fa 03       		.byte	0x3
 575 01fb 9402     		.2byte	0x294
 576 01fd 27020000 		.4byte	0x227
 577 0201 0F       		.uleb128 0xf
 578 0202 6300     		.ascii	"c\000"
 579 0204 03       		.byte	0x3
 580 0205 9602     		.2byte	0x296
 581 0207 4D010000 		.4byte	0x14d
 582 020b 00       		.byte	0
 583 020c 0C       		.uleb128 0xc
 584 020d 70060000 		.4byte	.LASF40
 585 0211 03       		.byte	0x3
 586 0212 9802     		.2byte	0x298
 587 0214 35010000 		.4byte	0x135
 588 0218 04       		.byte	0x4
 589 0219 0C       		.uleb128 0xc
 590 021a 6E020000 		.4byte	.LASF41
 591 021e 03       		.byte	0x3
 592 021f 9A02     		.2byte	0x29a
 593 0221 EC010000 		.4byte	0x1ec
 594 0225 08       		.byte	0x8
 595 0226 00       		.byte	0
 596 0227 0A       		.uleb128 0xa
 597 0228 7B000000 		.4byte	.LASF42
 598 022c 03       		.byte	0x3
 599 022d 9B02     		.2byte	0x29b
ARM GAS  C:\Users\DHEERA~1\AppData\Local\Temp\ccM4ywDL.s 			page 12


 600 022f F8010000 		.4byte	0x1f8
 601 0233 0B       		.uleb128 0xb
 602 0234 10       		.byte	0x10
 603 0235 03       		.byte	0x3
 604 0236 9F02     		.2byte	0x29f
 605 0238 71020000 		.4byte	0x271
 606 023c 0C       		.uleb128 0xc
 607 023d 23040000 		.4byte	.LASF43
 608 0241 03       		.byte	0x3
 609 0242 A002     		.2byte	0x2a0
 610 0244 D6000000 		.4byte	0xd6
 611 0248 00       		.byte	0
 612 0249 0C       		.uleb128 0xc
 613 024a 86070000 		.4byte	.LASF44
 614 024e 03       		.byte	0x3
 615 024f A102     		.2byte	0x2a1
 616 0251 29010000 		.4byte	0x129
 617 0255 04       		.byte	0x4
 618 0256 0C       		.uleb128 0xc
 619 0257 75000000 		.4byte	.LASF45
 620 025b 03       		.byte	0x3
 621 025c A202     		.2byte	0x2a2
 622 025e 29010000 		.4byte	0x129
 623 0262 08       		.byte	0x8
 624 0263 0C       		.uleb128 0xc
 625 0264 00000000 		.4byte	.LASF46
 626 0268 03       		.byte	0x3
 627 0269 A302     		.2byte	0x2a3
 628 026b 35010000 		.4byte	0x135
 629 026f 0C       		.byte	0xc
 630 0270 00       		.byte	0
 631 0271 0A       		.uleb128 0xa
 632 0272 28040000 		.4byte	.LASF47
 633 0276 03       		.byte	0x3
 634 0277 A402     		.2byte	0x2a4
 635 0279 33020000 		.4byte	0x233
 636 027d 0D       		.uleb128 0xd
 637 027e 01       		.byte	0x1
 638 027f 24000000 		.4byte	0x24
 639 0283 03       		.byte	0x3
 640 0284 A702     		.2byte	0x2a7
 641 0286 A3020000 		.4byte	0x2a3
 642 028a 0E       		.uleb128 0xe
 643 028b 30060000 		.4byte	.LASF48
 644 028f 00       		.byte	0
 645 0290 0E       		.uleb128 0xe
 646 0291 78060000 		.4byte	.LASF49
 647 0295 01       		.byte	0x1
 648 0296 0E       		.uleb128 0xe
 649 0297 4F060000 		.4byte	.LASF50
 650 029b 02       		.byte	0x2
 651 029c 0E       		.uleb128 0xe
 652 029d F2050000 		.4byte	.LASF51
 653 02a1 03       		.byte	0x3
 654 02a2 00       		.byte	0
 655 02a3 0A       		.uleb128 0xa
 656 02a4 1B010000 		.4byte	.LASF52
ARM GAS  C:\Users\DHEERA~1\AppData\Local\Temp\ccM4ywDL.s 			page 13


 657 02a8 03       		.byte	0x3
 658 02a9 AC02     		.2byte	0x2ac
 659 02ab 7D020000 		.4byte	0x27d
 660 02af 0A       		.uleb128 0xa
 661 02b0 D4060000 		.4byte	.LASF53
 662 02b4 03       		.byte	0x3
 663 02b5 AF02     		.2byte	0x2af
 664 02b7 A3020000 		.4byte	0x2a3
 665 02bb 0B       		.uleb128 0xb
 666 02bc 14       		.byte	0x14
 667 02bd 03       		.byte	0x3
 668 02be B202     		.2byte	0x2b2
 669 02c0 04030000 		.4byte	0x304
 670 02c4 0C       		.uleb128 0xc
 671 02c5 AA060000 		.4byte	.LASF54
 672 02c9 03       		.byte	0x3
 673 02ca B302     		.2byte	0x2b3
 674 02cc AF020000 		.4byte	0x2af
 675 02d0 00       		.byte	0
 676 02d1 0C       		.uleb128 0xc
 677 02d2 97070000 		.4byte	.LASF55
 678 02d6 03       		.byte	0x3
 679 02d7 B402     		.2byte	0x2b4
 680 02d9 11010000 		.4byte	0x111
 681 02dd 04       		.byte	0x4
 682 02de 0C       		.uleb128 0xc
 683 02df B4050000 		.4byte	.LASF56
 684 02e3 03       		.byte	0x3
 685 02e4 B602     		.2byte	0x2b6
 686 02e6 1D010000 		.4byte	0x11d
 687 02ea 08       		.byte	0x8
 688 02eb 0F       		.uleb128 0xf
 689 02ec 6600     		.ascii	"f\000"
 690 02ee 03       		.byte	0x3
 691 02ef B802     		.2byte	0x2b8
 692 02f1 9F000000 		.4byte	0x9f
 693 02f5 0C       		.byte	0xc
 694 02f6 0C       		.uleb128 0xc
 695 02f7 DA040000 		.4byte	.LASF57
 696 02fb 03       		.byte	0x3
 697 02fc BA02     		.2byte	0x2ba
 698 02fe 4D010000 		.4byte	0x14d
 699 0302 10       		.byte	0x10
 700 0303 00       		.byte	0
 701 0304 0A       		.uleb128 0xa
 702 0305 55040000 		.4byte	.LASF58
 703 0309 03       		.byte	0x3
 704 030a BB02     		.2byte	0x2bb
 705 030c BB020000 		.4byte	0x2bb
 706 0310 0B       		.uleb128 0xb
 707 0311 04       		.byte	0x4
 708 0312 03       		.byte	0x3
 709 0313 BD02     		.2byte	0x2bd
 710 0315 27030000 		.4byte	0x327
 711 0319 0C       		.uleb128 0xc
 712 031a 54030000 		.4byte	.LASF59
 713 031e 03       		.byte	0x3
ARM GAS  C:\Users\DHEERA~1\AppData\Local\Temp\ccM4ywDL.s 			page 14


 714 031f BF02     		.2byte	0x2bf
 715 0321 41010000 		.4byte	0x141
 716 0325 00       		.byte	0
 717 0326 00       		.byte	0
 718 0327 0A       		.uleb128 0xa
 719 0328 0E020000 		.4byte	.LASF60
 720 032c 03       		.byte	0x3
 721 032d C402     		.2byte	0x2c4
 722 032f 10030000 		.4byte	0x310
 723 0333 10       		.uleb128 0x10
 724 0334 54020000 		.4byte	.LASF62
 725 0338 08       		.byte	0x8
 726 0339 03       		.byte	0x3
 727 033a 0E04     		.2byte	0x40e
 728 033c 5A030000 		.4byte	0x35a
 729 0340 0F       		.uleb128 0xf
 730 0341 6E7400   		.ascii	"nt\000"
 731 0344 03       		.byte	0x3
 732 0345 0F04     		.2byte	0x40f
 733 0347 B5000000 		.4byte	0xb5
 734 034b 00       		.byte	0
 735 034c 0C       		.uleb128 0xc
 736 034d B6060000 		.4byte	.LASF63
 737 0351 03       		.byte	0x3
 738 0352 1004     		.2byte	0x410
 739 0354 6A030000 		.4byte	0x36a
 740 0358 04       		.byte	0x4
 741 0359 00       		.byte	0
 742 035a 11       		.uleb128 0x11
 743 035b 65030000 		.4byte	0x365
 744 035f 65030000 		.4byte	0x365
 745 0363 12       		.uleb128 0x12
 746 0364 00       		.byte	0
 747 0365 13       		.uleb128 0x13
 748 0366 E1000000 		.4byte	0xe1
 749 036a 06       		.uleb128 0x6
 750 036b 04       		.byte	0x4
 751 036c 5A030000 		.4byte	0x35a
 752 0370 11       		.uleb128 0x11
 753 0371 65030000 		.4byte	0x365
 754 0375 80030000 		.4byte	0x380
 755 0379 14       		.uleb128 0x14
 756 037a 80030000 		.4byte	0x380
 757 037e 00       		.byte	0
 758 037f 00       		.byte	0
 759 0380 02       		.uleb128 0x2
 760 0381 04       		.byte	0x4
 761 0382 07       		.byte	0x7
 762 0383 92030000 		.4byte	.LASF64
 763 0387 15       		.uleb128 0x15
 764 0388 CA000000 		.4byte	.LASF115
 765 038c 05       		.byte	0x5
 766 038d 6507     		.2byte	0x765
 767 038f 99030000 		.4byte	0x399
 768 0393 05       		.uleb128 0x5
 769 0394 03       		.byte	0x3
 770 0395 08000000 		.4byte	EE_oo_autostart_task_mode_OSDEFAULTAPPMODE
ARM GAS  C:\Users\DHEERA~1\AppData\Local\Temp\ccM4ywDL.s 			page 15


 771 0399 13       		.uleb128 0x13
 772 039a 70030000 		.4byte	0x370
 773 039e 11       		.uleb128 0x11
 774 039f AE030000 		.4byte	0x3ae
 775 03a3 AE030000 		.4byte	0x3ae
 776 03a7 14       		.uleb128 0x14
 777 03a8 80030000 		.4byte	0x380
 778 03ac 03       		.byte	0x3
 779 03ad 00       		.byte	0
 780 03ae 13       		.uleb128 0x13
 781 03af AA000000 		.4byte	0xaa
 782 03b3 16       		.uleb128 0x16
 783 03b4 88060000 		.4byte	.LASF65
 784 03b8 05       		.byte	0x5
 785 03b9 D2       		.byte	0xd2
 786 03ba C4030000 		.4byte	0x3c4
 787 03be 05       		.uleb128 0x5
 788 03bf 03       		.byte	0x3
 789 03c0 00000000 		.4byte	EE_hal_thread_body
 790 03c4 13       		.uleb128 0x13
 791 03c5 9E030000 		.4byte	0x39e
 792 03c9 11       		.uleb128 0x11
 793 03ca D9030000 		.4byte	0x3d9
 794 03ce D9030000 		.4byte	0x3d9
 795 03d2 14       		.uleb128 0x14
 796 03d3 80030000 		.4byte	0x380
 797 03d7 04       		.byte	0x4
 798 03d8 00       		.byte	0
 799 03d9 13       		.uleb128 0x13
 800 03da B5000000 		.4byte	0xb5
 801 03de 16       		.uleb128 0x16
 802 03df E0050000 		.4byte	.LASF66
 803 03e3 05       		.byte	0x5
 804 03e4 71       		.byte	0x71
 805 03e5 EF030000 		.4byte	0x3ef
 806 03e9 05       		.uleb128 0x5
 807 03ea 03       		.byte	0x3
 808 03eb 00000000 		.4byte	EE_std_thread_tos
 809 03ef 13       		.uleb128 0x13
 810 03f0 C9030000 		.4byte	0x3c9
 811 03f4 11       		.uleb128 0x11
 812 03f5 80000000 		.4byte	0x80
 813 03f9 04040000 		.4byte	0x404
 814 03fd 14       		.uleb128 0x14
 815 03fe 80030000 		.4byte	0x380
 816 0402 03       		.byte	0x3
 817 0403 00       		.byte	0
 818 0404 16       		.uleb128 0x16
 819 0405 38070000 		.4byte	.LASF67
 820 0409 05       		.byte	0x5
 821 040a ED       		.byte	0xed
 822 040b F4030000 		.4byte	0x3f4
 823 040f 05       		.uleb128 0x5
 824 0410 03       		.byte	0x3
 825 0411 00000000 		.4byte	EE_terminate_data
 826 0415 16       		.uleb128 0x16
 827 0416 C0040000 		.4byte	.LASF68
ARM GAS  C:\Users\DHEERA~1\AppData\Local\Temp\ccM4ywDL.s 			page 16


 828 041a 05       		.byte	0x5
 829 041b F0       		.byte	0xf0
 830 041c 26040000 		.4byte	0x426
 831 0420 05       		.uleb128 0x5
 832 0421 03       		.byte	0x3
 833 0422 00000000 		.4byte	EE_terminate_real_th_body
 834 0426 13       		.uleb128 0x13
 835 0427 9E030000 		.4byte	0x39e
 836 042b 11       		.uleb128 0x11
 837 042c EC000000 		.4byte	0xec
 838 0430 3B040000 		.4byte	0x43b
 839 0434 14       		.uleb128 0x14
 840 0435 80030000 		.4byte	0x380
 841 0439 01       		.byte	0x1
 842 043a 00       		.byte	0
 843 043b 16       		.uleb128 0x16
 844 043c 86040000 		.4byte	.LASF69
 845 0440 05       		.byte	0x5
 846 0441 8D       		.byte	0x8d
 847 0442 2B040000 		.4byte	0x42b
 848 0446 05       		.uleb128 0x5
 849 0447 03       		.byte	0x3
 850 0448 00000000 		.4byte	EE_cortex_mx_system_tos
 851 044c 16       		.uleb128 0x16
 852 044d 5B010000 		.4byte	.LASF70
 853 0451 05       		.byte	0x5
 854 0452 A9       		.byte	0xa9
 855 0453 B5000000 		.4byte	0xb5
 856 0457 05       		.uleb128 0x5
 857 0458 03       		.byte	0x3
 858 0459 00000000 		.4byte	EE_cortex_mx_active_tos
 859 045d 11       		.uleb128 0x11
 860 045e D9030000 		.4byte	0x3d9
 861 0462 6D040000 		.4byte	0x46d
 862 0466 14       		.uleb128 0x14
 863 0467 80030000 		.4byte	0x380
 864 046b 03       		.byte	0x3
 865 046c 00       		.byte	0
 866 046d 17       		.uleb128 0x17
 867 046e 3F060000 		.4byte	.LASF71
 868 0472 05       		.byte	0x5
 869 0473 E202     		.2byte	0x2e2
 870 0475 7F040000 		.4byte	0x47f
 871 0479 05       		.uleb128 0x5
 872 047a 03       		.byte	0x3
 873 047b 00000000 		.4byte	EE_th_rnact_max
 874 047f 13       		.uleb128 0x13
 875 0480 5D040000 		.4byte	0x45d
 876 0484 17       		.uleb128 0x17
 877 0485 E3060000 		.4byte	.LASF72
 878 0489 05       		.byte	0x5
 879 048a 0C01     		.2byte	0x10c
 880 048c 96040000 		.4byte	0x496
 881 0490 05       		.uleb128 0x5
 882 0491 03       		.byte	0x3
 883 0492 00000000 		.4byte	EE_th_ready_prio
 884 0496 13       		.uleb128 0x13
ARM GAS  C:\Users\DHEERA~1\AppData\Local\Temp\ccM4ywDL.s 			page 17


 885 0497 5D040000 		.4byte	0x45d
 886 049b 17       		.uleb128 0x17
 887 049c E0020000 		.4byte	.LASF73
 888 04a0 05       		.byte	0x5
 889 04a1 4502     		.2byte	0x245
 890 04a3 AD040000 		.4byte	0x4ad
 891 04a7 05       		.uleb128 0x5
 892 04a8 03       		.byte	0x3
 893 04a9 00000000 		.4byte	EE_th_dispatch_prio
 894 04ad 13       		.uleb128 0x13
 895 04ae 5D040000 		.4byte	0x45d
 896 04b2 11       		.uleb128 0x11
 897 04b3 C2040000 		.4byte	0x4c2
 898 04b7 C2040000 		.4byte	0x4c2
 899 04bb 14       		.uleb128 0x14
 900 04bc 80030000 		.4byte	0x380
 901 04c0 03       		.byte	0x3
 902 04c1 00       		.byte	0
 903 04c2 06       		.uleb128 0x6
 904 04c3 04       		.byte	0x4
 905 04c4 CF040000 		.4byte	0x4cf
 906 04c8 02       		.uleb128 0x2
 907 04c9 01       		.byte	0x1
 908 04ca 08       		.byte	0x8
 909 04cb 2B060000 		.4byte	.LASF74
 910 04cf 13       		.uleb128 0x13
 911 04d0 C8040000 		.4byte	0x4c8
 912 04d4 17       		.uleb128 0x17
 913 04d5 02050000 		.4byte	.LASF75
 914 04d9 05       		.byte	0x5
 915 04da 2801     		.2byte	0x128
 916 04dc B2040000 		.4byte	0x4b2
 917 04e0 05       		.uleb128 0x5
 918 04e1 03       		.byte	0x3
 919 04e2 00000000 		.4byte	EE_TASK_NAME
 920 04e6 11       		.uleb128 0x11
 921 04e7 C2040000 		.4byte	0x4c2
 922 04eb F6040000 		.4byte	0x4f6
 923 04ef 14       		.uleb128 0x14
 924 04f0 80030000 		.4byte	0x380
 925 04f4 01       		.byte	0x1
 926 04f5 00       		.byte	0
 927 04f6 17       		.uleb128 0x17
 928 04f7 40010000 		.4byte	.LASF76
 929 04fb 05       		.byte	0x5
 930 04fc 8101     		.2byte	0x181
 931 04fe E6040000 		.4byte	0x4e6
 932 0502 05       		.uleb128 0x5
 933 0503 03       		.byte	0x3
 934 0504 00000000 		.4byte	EE_EVENT_NAME
 935 0508 11       		.uleb128 0x11
 936 0509 C2040000 		.4byte	0x4c2
 937 050d 18050000 		.4byte	0x518
 938 0511 14       		.uleb128 0x14
 939 0512 80030000 		.4byte	0x380
 940 0516 00       		.byte	0
 941 0517 00       		.byte	0
ARM GAS  C:\Users\DHEERA~1\AppData\Local\Temp\ccM4ywDL.s 			page 18


 942 0518 17       		.uleb128 0x17
 943 0519 23020000 		.4byte	.LASF77
 944 051d 05       		.byte	0x5
 945 051e 3D06     		.2byte	0x63d
 946 0520 08050000 		.4byte	0x508
 947 0524 05       		.uleb128 0x5
 948 0525 03       		.byte	0x3
 949 0526 00000000 		.4byte	EE_ALARM_NAME
 950 052a 11       		.uleb128 0x11
 951 052b 3A050000 		.4byte	0x53a
 952 052f 3A050000 		.4byte	0x53a
 953 0533 14       		.uleb128 0x14
 954 0534 80030000 		.4byte	0x380
 955 0538 01       		.byte	0x1
 956 0539 00       		.byte	0
 957 053a 13       		.uleb128 0x13
 958 053b 40000000 		.4byte	0x40
 959 053f 17       		.uleb128 0x17
 960 0540 8A010000 		.4byte	.LASF78
 961 0544 05       		.byte	0x5
 962 0545 E201     		.2byte	0x1e2
 963 0547 51050000 		.4byte	0x551
 964 054b 05       		.uleb128 0x5
 965 054c 03       		.byte	0x3
 966 054d 00000000 		.4byte	EE_EVENT_ID
 967 0551 13       		.uleb128 0x13
 968 0552 2A050000 		.4byte	0x52a
 969 0556 11       		.uleb128 0x11
 970 0557 3A050000 		.4byte	0x53a
 971 055b 66050000 		.4byte	0x566
 972 055f 14       		.uleb128 0x14
 973 0560 80030000 		.4byte	0x380
 974 0564 00       		.byte	0
 975 0565 00       		.byte	0
 976 0566 17       		.uleb128 0x17
 977 0567 F5000000 		.4byte	.LASF79
 978 056b 05       		.byte	0x5
 979 056c 5906     		.2byte	0x659
 980 056e 78050000 		.4byte	0x578
 981 0572 05       		.uleb128 0x5
 982 0573 03       		.byte	0x3
 983 0574 00000000 		.4byte	EE_ALARM_ID
 984 0578 13       		.uleb128 0x13
 985 0579 56050000 		.4byte	0x556
 986 057d 11       		.uleb128 0x11
 987 057e B5000000 		.4byte	0xb5
 988 0582 8D050000 		.4byte	0x58d
 989 0586 14       		.uleb128 0x14
 990 0587 80030000 		.4byte	0x380
 991 058b 03       		.byte	0x3
 992 058c 00       		.byte	0
 993 058d 17       		.uleb128 0x17
 994 058e BD020000 		.4byte	.LASF80
 995 0592 05       		.byte	0x5
 996 0593 8102     		.2byte	0x281
 997 0595 7D050000 		.4byte	0x57d
 998 0599 05       		.uleb128 0x5
ARM GAS  C:\Users\DHEERA~1\AppData\Local\Temp\ccM4ywDL.s 			page 19


 999 059a 03       		.byte	0x3
 1000 059b 00000000 		.4byte	EE_th_status
 1001 059f 11       		.uleb128 0x11
 1002 05a0 E1000000 		.4byte	0xe1
 1003 05a4 AF050000 		.4byte	0x5af
 1004 05a8 14       		.uleb128 0x14
 1005 05a9 80030000 		.4byte	0x380
 1006 05ad 03       		.byte	0x3
 1007 05ae 00       		.byte	0
 1008 05af 17       		.uleb128 0x17
 1009 05b0 B5040000 		.4byte	.LASF81
 1010 05b4 05       		.byte	0x5
 1011 05b5 9D02     		.2byte	0x29d
 1012 05b7 9F050000 		.4byte	0x59f
 1013 05bb 05       		.uleb128 0x5
 1014 05bc 03       		.byte	0x3
 1015 05bd 00000000 		.4byte	EE_th_next
 1016 05c1 17       		.uleb128 0x17
 1017 05c2 F4060000 		.4byte	.LASF82
 1018 05c6 05       		.byte	0x5
 1019 05c7 C702     		.2byte	0x2c7
 1020 05c9 7D050000 		.4byte	0x57d
 1021 05cd 05       		.uleb128 0x5
 1022 05ce 03       		.byte	0x3
 1023 05cf 00000000 		.4byte	EE_th_rnact
 1024 05d3 17       		.uleb128 0x17
 1025 05d4 05000000 		.4byte	.LASF83
 1026 05d8 05       		.byte	0x5
 1027 05d9 7703     		.2byte	0x377
 1028 05db 9F050000 		.4byte	0x59f
 1029 05df 05       		.uleb128 0x5
 1030 05e0 03       		.byte	0x3
 1031 05e1 00000000 		.4byte	EE_th_terminate_nextask
 1032 05e5 17       		.uleb128 0x17
 1033 05e6 26000000 		.4byte	.LASF84
 1034 05ea 05       		.byte	0x5
 1035 05eb B902     		.2byte	0x2b9
 1036 05ed E1000000 		.4byte	0xe1
 1037 05f1 05       		.uleb128 0x5
 1038 05f2 03       		.byte	0x3
 1039 05f3 00000000 		.4byte	EE_stkfirst
 1040 05f7 17       		.uleb128 0x17
 1041 05f8 9B060000 		.4byte	.LASF85
 1042 05fc 05       		.byte	0x5
 1043 05fd BC02     		.2byte	0x2bc
 1044 05ff B5000000 		.4byte	0xb5
 1045 0603 05       		.uleb128 0x5
 1046 0604 03       		.byte	0x3
 1047 0605 00000000 		.4byte	EE_sys_ceiling
 1048 0609 17       		.uleb128 0x17
 1049 060a B2030000 		.4byte	.LASF86
 1050 060e 05       		.byte	0x5
 1051 060f FD02     		.2byte	0x2fd
 1052 0611 7D050000 		.4byte	0x57d
 1053 0615 05       		.uleb128 0x5
 1054 0616 03       		.byte	0x3
 1055 0617 00000000 		.4byte	EE_rq_link
ARM GAS  C:\Users\DHEERA~1\AppData\Local\Temp\ccM4ywDL.s 			page 20


 1056 061b 11       		.uleb128 0x11
 1057 061c C0000000 		.4byte	0xc0
 1058 0620 2B060000 		.4byte	0x62b
 1059 0624 14       		.uleb128 0x14
 1060 0625 80030000 		.4byte	0x380
 1061 0629 0F       		.byte	0xf
 1062 062a 00       		.byte	0
 1063 062b 17       		.uleb128 0x17
 1064 062c 9F010000 		.4byte	.LASF87
 1065 0630 05       		.byte	0x5
 1066 0631 BF02     		.2byte	0x2bf
 1067 0633 1B060000 		.4byte	0x61b
 1068 0637 05       		.uleb128 0x5
 1069 0638 03       		.byte	0x3
 1070 0639 00000000 		.4byte	EE_rq_queues_head
 1071 063d 17       		.uleb128 0x17
 1072 063e CE050000 		.4byte	.LASF88
 1073 0642 05       		.byte	0x5
 1074 0643 C102     		.2byte	0x2c1
 1075 0645 1B060000 		.4byte	0x61b
 1076 0649 05       		.uleb128 0x5
 1077 064a 03       		.byte	0x3
 1078 064b 00000000 		.4byte	EE_rq_queues_tail
 1079 064f 11       		.uleb128 0x11
 1080 0650 C0000000 		.4byte	0xc0
 1081 0654 5F060000 		.4byte	0x65f
 1082 0658 14       		.uleb128 0x14
 1083 0659 80030000 		.4byte	0x380
 1084 065d 03       		.byte	0x3
 1085 065e 00       		.byte	0
 1086 065f 17       		.uleb128 0x17
 1087 0660 99000000 		.4byte	.LASF89
 1088 0664 05       		.byte	0x5
 1089 0665 1B03     		.2byte	0x31b
 1090 0667 4F060000 		.4byte	0x64f
 1091 066b 05       		.uleb128 0x5
 1092 066c 03       		.byte	0x3
 1093 066d 00000000 		.4byte	EE_rq_pairs_next
 1094 0671 17       		.uleb128 0x17
 1095 0672 00070000 		.4byte	.LASF90
 1096 0676 05       		.byte	0x5
 1097 0677 7003     		.2byte	0x370
 1098 0679 9F050000 		.4byte	0x59f
 1099 067d 05       		.uleb128 0x5
 1100 067e 03       		.byte	0x3
 1101 067f 00000000 		.4byte	EE_rq_pairs_tid
 1102 0683 17       		.uleb128 0x17
 1103 0684 05060000 		.4byte	.LASF91
 1104 0688 05       		.byte	0x5
 1105 0689 C402     		.2byte	0x2c4
 1106 068b 05010000 		.4byte	0x105
 1107 068f 05       		.uleb128 0x5
 1108 0690 03       		.byte	0x3
 1109 0691 00000000 		.4byte	EE_rq_bitmask
 1110 0695 17       		.uleb128 0x17
 1111 0696 A7030000 		.4byte	.LASF92
 1112 069a 05       		.byte	0x5
ARM GAS  C:\Users\DHEERA~1\AppData\Local\Temp\ccM4ywDL.s 			page 21


 1113 069b 7303     		.2byte	0x373
 1114 069d C0000000 		.4byte	0xc0
 1115 06a1 05       		.uleb128 0x5
 1116 06a2 03       		.byte	0x3
 1117 06a3 00000000 		.4byte	EE_rq_free
 1118 06a7 17       		.uleb128 0x17
 1119 06a8 73070000 		.4byte	.LASF93
 1120 06ac 05       		.byte	0x5
 1121 06ad 9A03     		.2byte	0x39a
 1122 06af 7D050000 		.4byte	0x57d
 1123 06b3 05       		.uleb128 0x5
 1124 06b4 03       		.byte	0x3
 1125 06b5 00000000 		.4byte	EE_th_event_active
 1126 06b9 17       		.uleb128 0x17
 1127 06ba ED040000 		.4byte	.LASF94
 1128 06be 05       		.byte	0x5
 1129 06bf B603     		.2byte	0x3b6
 1130 06c1 7D050000 		.4byte	0x57d
 1131 06c5 05       		.uleb128 0x5
 1132 06c6 03       		.byte	0x3
 1133 06c7 00000000 		.4byte	EE_th_event_waitmask
 1134 06cb 11       		.uleb128 0x11
 1135 06cc D6000000 		.4byte	0xd6
 1136 06d0 DB060000 		.4byte	0x6db
 1137 06d4 14       		.uleb128 0x14
 1138 06d5 80030000 		.4byte	0x380
 1139 06d9 03       		.byte	0x3
 1140 06da 00       		.byte	0
 1141 06db 17       		.uleb128 0x17
 1142 06dc 43020000 		.4byte	.LASF95
 1143 06e0 05       		.byte	0x5
 1144 06e1 D203     		.2byte	0x3d2
 1145 06e3 CB060000 		.4byte	0x6cb
 1146 06e7 05       		.uleb128 0x5
 1147 06e8 03       		.byte	0x3
 1148 06e9 00000000 		.4byte	EE_th_waswaiting
 1149 06ed 17       		.uleb128 0x17
 1150 06ee AB070000 		.4byte	.LASF96
 1151 06f2 05       		.byte	0x5
 1152 06f3 EE03     		.2byte	0x3ee
 1153 06f5 FF060000 		.4byte	0x6ff
 1154 06f9 05       		.uleb128 0x5
 1155 06fa 03       		.byte	0x3
 1156 06fb 00000000 		.4byte	EE_th_is_extended
 1157 06ff 13       		.uleb128 0x13
 1158 0700 5D040000 		.4byte	0x45d
 1159 0704 11       		.uleb128 0x11
 1160 0705 14070000 		.4byte	0x714
 1161 0709 14070000 		.4byte	0x714
 1162 070d 14       		.uleb128 0x14
 1163 070e 80030000 		.4byte	0x380
 1164 0712 00       		.byte	0
 1165 0713 00       		.byte	0
 1166 0714 13       		.uleb128 0x13
 1167 0715 8A010000 		.4byte	0x18a
 1168 0719 17       		.uleb128 0x17
 1169 071a 46040000 		.4byte	.LASF97
ARM GAS  C:\Users\DHEERA~1\AppData\Local\Temp\ccM4ywDL.s 			page 22


 1170 071e 05       		.byte	0x5
 1171 071f FF05     		.2byte	0x5ff
 1172 0721 2B070000 		.4byte	0x72b
 1173 0725 05       		.uleb128 0x5
 1174 0726 03       		.byte	0x3
 1175 0727 00000000 		.4byte	EE_counter_ROM
 1176 072b 13       		.uleb128 0x13
 1177 072c 04070000 		.4byte	0x704
 1178 0730 11       		.uleb128 0x11
 1179 0731 40070000 		.4byte	0x740
 1180 0735 40070000 		.4byte	0x740
 1181 0739 14       		.uleb128 0x14
 1182 073a 80030000 		.4byte	0x380
 1183 073e 00       		.byte	0
 1184 073f 00       		.byte	0
 1185 0740 13       		.uleb128 0x13
 1186 0741 27020000 		.4byte	0x227
 1187 0745 17       		.uleb128 0x17
 1188 0746 3B030000 		.4byte	.LASF98
 1189 074a 05       		.byte	0x5
 1190 074b 9606     		.2byte	0x696
 1191 074d 57070000 		.4byte	0x757
 1192 0751 05       		.uleb128 0x5
 1193 0752 03       		.byte	0x3
 1194 0753 00000000 		.4byte	EE_oo_counter_object_ROM
 1195 0757 13       		.uleb128 0x13
 1196 0758 30070000 		.4byte	0x730
 1197 075c 11       		.uleb128 0x11
 1198 075d 6C070000 		.4byte	0x76c
 1199 0761 6C070000 		.4byte	0x76c
 1200 0765 14       		.uleb128 0x14
 1201 0766 80030000 		.4byte	0x380
 1202 076a 00       		.byte	0
 1203 076b 00       		.byte	0
 1204 076c 13       		.uleb128 0x13
 1205 076d 04030000 		.4byte	0x304
 1206 0771 17       		.uleb128 0x17
 1207 0772 71030000 		.4byte	.LASF99
 1208 0776 05       		.byte	0x5
 1209 0777 BA06     		.2byte	0x6ba
 1210 0779 83070000 		.4byte	0x783
 1211 077d 05       		.uleb128 0x5
 1212 077e 03       		.byte	0x3
 1213 077f 00000000 		.4byte	EE_oo_action_ROM
 1214 0783 13       		.uleb128 0x13
 1215 0784 5C070000 		.4byte	0x75c
 1216 0788 11       		.uleb128 0x11
 1217 0789 98070000 		.4byte	0x798
 1218 078d 98070000 		.4byte	0x798
 1219 0791 14       		.uleb128 0x14
 1220 0792 80030000 		.4byte	0x380
 1221 0796 00       		.byte	0
 1222 0797 00       		.byte	0
 1223 0798 13       		.uleb128 0x13
 1224 0799 27030000 		.4byte	0x327
 1225 079d 17       		.uleb128 0x17
 1226 079e 4E010000 		.4byte	.LASF100
ARM GAS  C:\Users\DHEERA~1\AppData\Local\Temp\ccM4ywDL.s 			page 23


 1227 07a2 05       		.byte	0x5
 1228 07a3 2006     		.2byte	0x620
 1229 07a5 AF070000 		.4byte	0x7af
 1230 07a9 05       		.uleb128 0x5
 1231 07aa 03       		.byte	0x3
 1232 07ab 00000000 		.4byte	EE_alarm_ROM
 1233 07af 13       		.uleb128 0x13
 1234 07b0 88070000 		.4byte	0x788
 1235 07b4 11       		.uleb128 0x11
 1236 07b5 BA010000 		.4byte	0x1ba
 1237 07b9 C4070000 		.4byte	0x7c4
 1238 07bd 14       		.uleb128 0x14
 1239 07be 80030000 		.4byte	0x380
 1240 07c2 00       		.byte	0
 1241 07c3 00       		.byte	0
 1242 07c4 17       		.uleb128 0x17
 1243 07c5 61060000 		.4byte	.LASF101
 1244 07c9 05       		.byte	0x5
 1245 07ca 0C06     		.2byte	0x60c
 1246 07cc B4070000 		.4byte	0x7b4
 1247 07d0 05       		.uleb128 0x5
 1248 07d1 03       		.byte	0x3
 1249 07d2 00000000 		.4byte	EE_counter_RAM
 1250 07d6 11       		.uleb128 0x11
 1251 07d7 71020000 		.4byte	0x271
 1252 07db E6070000 		.4byte	0x7e6
 1253 07df 14       		.uleb128 0x14
 1254 07e0 80030000 		.4byte	0x380
 1255 07e4 00       		.byte	0
 1256 07e5 00       		.byte	0
 1257 07e6 17       		.uleb128 0x17
 1258 07e7 BB060000 		.4byte	.LASF102
 1259 07eb 05       		.byte	0x5
 1260 07ec B106     		.2byte	0x6b1
 1261 07ee D6070000 		.4byte	0x7d6
 1262 07f2 05       		.uleb128 0x5
 1263 07f3 03       		.byte	0x3
 1264 07f4 00000000 		.4byte	EE_oo_counter_object_RAM
 1265 07f8 11       		.uleb128 0x11
 1266 07f9 08080000 		.4byte	0x808
 1267 07fd 08080000 		.4byte	0x808
 1268 0801 14       		.uleb128 0x14
 1269 0802 80030000 		.4byte	0x380
 1270 0806 00       		.byte	0
 1271 0807 00       		.byte	0
 1272 0808 13       		.uleb128 0x13
 1273 0809 33030000 		.4byte	0x333
 1274 080d 17       		.uleb128 0x17
 1275 080e C5070000 		.4byte	.LASF103
 1276 0812 05       		.byte	0x5
 1277 0813 9607     		.2byte	0x796
 1278 0815 1F080000 		.4byte	0x81f
 1279 0819 05       		.uleb128 0x5
 1280 081a 03       		.byte	0x3
 1281 081b 00000000 		.4byte	EE_oo_autostart_task_data
 1282 081f 13       		.uleb128 0x13
 1283 0820 F8070000 		.4byte	0x7f8
ARM GAS  C:\Users\DHEERA~1\AppData\Local\Temp\ccM4ywDL.s 			page 24


 1284 0824 18       		.uleb128 0x18
 1285 0825 86020000 		.4byte	.LASF104
 1286 0829 06       		.byte	0x6
 1287 082a 40       		.byte	0x40
 1288 082b B5000000 		.4byte	0xb5
 1289 082f 18       		.uleb128 0x18
 1290 0830 B1010000 		.4byte	.LASF105
 1291 0834 06       		.byte	0x6
 1292 0835 47       		.byte	0x47
 1293 0836 CB000000 		.4byte	0xcb
 1294 083a 17       		.uleb128 0x17
 1295 083b 5E030000 		.4byte	.LASF106
 1296 083f 05       		.byte	0x5
 1297 0840 5C07     		.2byte	0x75c
 1298 0842 B5000000 		.4byte	0xb5
 1299 0846 05       		.uleb128 0x5
 1300 0847 03       		.byte	0x3
 1301 0848 00000000 		.4byte	EE_ApplicationMode
 1302 084c 18       		.uleb128 0x18
 1303 084d CA010000 		.4byte	.LASF107
 1304 0851 07       		.byte	0x7
 1305 0852 48       		.byte	0x48
 1306 0853 E1000000 		.4byte	0xe1
 1307 0857 18       		.uleb128 0x18
 1308 0858 10070000 		.4byte	.LASF108
 1309 085c 08       		.byte	0x8
 1310 085d 44       		.byte	0x44
 1311 085e B5000000 		.4byte	0xb5
 1312 0862 16       		.uleb128 0x16
 1313 0863 49000000 		.4byte	.LASF109
 1314 0867 05       		.byte	0x5
 1315 0868 AD       		.byte	0xad
 1316 0869 EC000000 		.4byte	0xec
 1317 086d 05       		.uleb128 0x5
 1318 086e 03       		.byte	0x3
 1319 086f 00000000 		.4byte	EE_cortex_mx_IRQ_tos
 1320 0873 11       		.uleb128 0x11
 1321 0874 55000000 		.4byte	0x55
 1322 0878 83080000 		.4byte	0x883
 1323 087c 14       		.uleb128 0x14
 1324 087d 80030000 		.4byte	0x380
 1325 0881 F9       		.byte	0xf9
 1326 0882 00       		.byte	0
 1327 0883 16       		.uleb128 0x16
 1328 0884 F4020000 		.4byte	.LASF110
 1329 0888 05       		.byte	0x5
 1330 0889 1D       		.byte	0x1d
 1331 088a 73080000 		.4byte	0x873
 1332 088e 05       		.uleb128 0x5
 1333 088f 03       		.byte	0x3
 1334 0890 00000000 		.4byte	EE_cortex_mx_stack_4
 1335 0894 11       		.uleb128 0x11
 1336 0895 55000000 		.4byte	0x55
 1337 0899 A4080000 		.4byte	0x8a4
 1338 089d 14       		.uleb128 0x14
 1339 089e 80030000 		.4byte	0x380
 1340 08a2 7F       		.byte	0x7f
ARM GAS  C:\Users\DHEERA~1\AppData\Local\Temp\ccM4ywDL.s 			page 25


 1341 08a3 00       		.byte	0
 1342 08a4 16       		.uleb128 0x16
 1343 08a5 09030000 		.4byte	.LASF111
 1344 08a9 05       		.byte	0x5
 1345 08aa 32       		.byte	0x32
 1346 08ab 94080000 		.4byte	0x894
 1347 08af 05       		.uleb128 0x5
 1348 08b0 03       		.byte	0x3
 1349 08b1 00000000 		.4byte	EE_cortex_mx_stack_9
 1350 08b5 00       		.byte	0
 1351              		.section	.debug_abbrev,"",%progbits
 1352              	.Ldebug_abbrev0:
 1353 0000 01       		.uleb128 0x1
 1354 0001 11       		.uleb128 0x11
 1355 0002 01       		.byte	0x1
 1356 0003 25       		.uleb128 0x25
 1357 0004 0E       		.uleb128 0xe
 1358 0005 13       		.uleb128 0x13
 1359 0006 0B       		.uleb128 0xb
 1360 0007 03       		.uleb128 0x3
 1361 0008 0E       		.uleb128 0xe
 1362 0009 1B       		.uleb128 0x1b
 1363 000a 0E       		.uleb128 0xe
 1364 000b 10       		.uleb128 0x10
 1365 000c 17       		.uleb128 0x17
 1366 000d 00       		.byte	0
 1367 000e 00       		.byte	0
 1368 000f 02       		.uleb128 0x2
 1369 0010 24       		.uleb128 0x24
 1370 0011 00       		.byte	0
 1371 0012 0B       		.uleb128 0xb
 1372 0013 0B       		.uleb128 0xb
 1373 0014 3E       		.uleb128 0x3e
 1374 0015 0B       		.uleb128 0xb
 1375 0016 03       		.uleb128 0x3
 1376 0017 0E       		.uleb128 0xe
 1377 0018 00       		.byte	0
 1378 0019 00       		.byte	0
 1379 001a 03       		.uleb128 0x3
 1380 001b 24       		.uleb128 0x24
 1381 001c 00       		.byte	0
 1382 001d 0B       		.uleb128 0xb
 1383 001e 0B       		.uleb128 0xb
 1384 001f 3E       		.uleb128 0x3e
 1385 0020 0B       		.uleb128 0xb
 1386 0021 03       		.uleb128 0x3
 1387 0022 08       		.uleb128 0x8
 1388 0023 00       		.byte	0
 1389 0024 00       		.byte	0
 1390 0025 04       		.uleb128 0x4
 1391 0026 16       		.uleb128 0x16
 1392 0027 00       		.byte	0
 1393 0028 03       		.uleb128 0x3
 1394 0029 0E       		.uleb128 0xe
 1395 002a 3A       		.uleb128 0x3a
 1396 002b 0B       		.uleb128 0xb
 1397 002c 3B       		.uleb128 0x3b
ARM GAS  C:\Users\DHEERA~1\AppData\Local\Temp\ccM4ywDL.s 			page 26


 1398 002d 0B       		.uleb128 0xb
 1399 002e 49       		.uleb128 0x49
 1400 002f 13       		.uleb128 0x13
 1401 0030 00       		.byte	0
 1402 0031 00       		.byte	0
 1403 0032 05       		.uleb128 0x5
 1404 0033 0F       		.uleb128 0xf
 1405 0034 00       		.byte	0
 1406 0035 0B       		.uleb128 0xb
 1407 0036 0B       		.uleb128 0xb
 1408 0037 00       		.byte	0
 1409 0038 00       		.byte	0
 1410 0039 06       		.uleb128 0x6
 1411 003a 0F       		.uleb128 0xf
 1412 003b 00       		.byte	0
 1413 003c 0B       		.uleb128 0xb
 1414 003d 0B       		.uleb128 0xb
 1415 003e 49       		.uleb128 0x49
 1416 003f 13       		.uleb128 0x13
 1417 0040 00       		.byte	0
 1418 0041 00       		.byte	0
 1419 0042 07       		.uleb128 0x7
 1420 0043 15       		.uleb128 0x15
 1421 0044 00       		.byte	0
 1422 0045 27       		.uleb128 0x27
 1423 0046 19       		.uleb128 0x19
 1424 0047 00       		.byte	0
 1425 0048 00       		.byte	0
 1426 0049 08       		.uleb128 0x8
 1427 004a 13       		.uleb128 0x13
 1428 004b 01       		.byte	0x1
 1429 004c 03       		.uleb128 0x3
 1430 004d 0E       		.uleb128 0xe
 1431 004e 0B       		.uleb128 0xb
 1432 004f 0B       		.uleb128 0xb
 1433 0050 3A       		.uleb128 0x3a
 1434 0051 0B       		.uleb128 0xb
 1435 0052 3B       		.uleb128 0x3b
 1436 0053 0B       		.uleb128 0xb
 1437 0054 01       		.uleb128 0x1
 1438 0055 13       		.uleb128 0x13
 1439 0056 00       		.byte	0
 1440 0057 00       		.byte	0
 1441 0058 09       		.uleb128 0x9
 1442 0059 0D       		.uleb128 0xd
 1443 005a 00       		.byte	0
 1444 005b 03       		.uleb128 0x3
 1445 005c 0E       		.uleb128 0xe
 1446 005d 3A       		.uleb128 0x3a
 1447 005e 0B       		.uleb128 0xb
 1448 005f 3B       		.uleb128 0x3b
 1449 0060 0B       		.uleb128 0xb
 1450 0061 49       		.uleb128 0x49
 1451 0062 13       		.uleb128 0x13
 1452 0063 38       		.uleb128 0x38
 1453 0064 0B       		.uleb128 0xb
 1454 0065 00       		.byte	0
ARM GAS  C:\Users\DHEERA~1\AppData\Local\Temp\ccM4ywDL.s 			page 27


 1455 0066 00       		.byte	0
 1456 0067 0A       		.uleb128 0xa
 1457 0068 16       		.uleb128 0x16
 1458 0069 00       		.byte	0
 1459 006a 03       		.uleb128 0x3
 1460 006b 0E       		.uleb128 0xe
 1461 006c 3A       		.uleb128 0x3a
 1462 006d 0B       		.uleb128 0xb
 1463 006e 3B       		.uleb128 0x3b
 1464 006f 05       		.uleb128 0x5
 1465 0070 49       		.uleb128 0x49
 1466 0071 13       		.uleb128 0x13
 1467 0072 00       		.byte	0
 1468 0073 00       		.byte	0
 1469 0074 0B       		.uleb128 0xb
 1470 0075 13       		.uleb128 0x13
 1471 0076 01       		.byte	0x1
 1472 0077 0B       		.uleb128 0xb
 1473 0078 0B       		.uleb128 0xb
 1474 0079 3A       		.uleb128 0x3a
 1475 007a 0B       		.uleb128 0xb
 1476 007b 3B       		.uleb128 0x3b
 1477 007c 05       		.uleb128 0x5
 1478 007d 01       		.uleb128 0x1
 1479 007e 13       		.uleb128 0x13
 1480 007f 00       		.byte	0
 1481 0080 00       		.byte	0
 1482 0081 0C       		.uleb128 0xc
 1483 0082 0D       		.uleb128 0xd
 1484 0083 00       		.byte	0
 1485 0084 03       		.uleb128 0x3
 1486 0085 0E       		.uleb128 0xe
 1487 0086 3A       		.uleb128 0x3a
 1488 0087 0B       		.uleb128 0xb
 1489 0088 3B       		.uleb128 0x3b
 1490 0089 05       		.uleb128 0x5
 1491 008a 49       		.uleb128 0x49
 1492 008b 13       		.uleb128 0x13
 1493 008c 38       		.uleb128 0x38
 1494 008d 0B       		.uleb128 0xb
 1495 008e 00       		.byte	0
 1496 008f 00       		.byte	0
 1497 0090 0D       		.uleb128 0xd
 1498 0091 04       		.uleb128 0x4
 1499 0092 01       		.byte	0x1
 1500 0093 0B       		.uleb128 0xb
 1501 0094 0B       		.uleb128 0xb
 1502 0095 49       		.uleb128 0x49
 1503 0096 13       		.uleb128 0x13
 1504 0097 3A       		.uleb128 0x3a
 1505 0098 0B       		.uleb128 0xb
 1506 0099 3B       		.uleb128 0x3b
 1507 009a 05       		.uleb128 0x5
 1508 009b 01       		.uleb128 0x1
 1509 009c 13       		.uleb128 0x13
 1510 009d 00       		.byte	0
 1511 009e 00       		.byte	0
ARM GAS  C:\Users\DHEERA~1\AppData\Local\Temp\ccM4ywDL.s 			page 28


 1512 009f 0E       		.uleb128 0xe
 1513 00a0 28       		.uleb128 0x28
 1514 00a1 00       		.byte	0
 1515 00a2 03       		.uleb128 0x3
 1516 00a3 0E       		.uleb128 0xe
 1517 00a4 1C       		.uleb128 0x1c
 1518 00a5 0B       		.uleb128 0xb
 1519 00a6 00       		.byte	0
 1520 00a7 00       		.byte	0
 1521 00a8 0F       		.uleb128 0xf
 1522 00a9 0D       		.uleb128 0xd
 1523 00aa 00       		.byte	0
 1524 00ab 03       		.uleb128 0x3
 1525 00ac 08       		.uleb128 0x8
 1526 00ad 3A       		.uleb128 0x3a
 1527 00ae 0B       		.uleb128 0xb
 1528 00af 3B       		.uleb128 0x3b
 1529 00b0 05       		.uleb128 0x5
 1530 00b1 49       		.uleb128 0x49
 1531 00b2 13       		.uleb128 0x13
 1532 00b3 38       		.uleb128 0x38
 1533 00b4 0B       		.uleb128 0xb
 1534 00b5 00       		.byte	0
 1535 00b6 00       		.byte	0
 1536 00b7 10       		.uleb128 0x10
 1537 00b8 13       		.uleb128 0x13
 1538 00b9 01       		.byte	0x1
 1539 00ba 03       		.uleb128 0x3
 1540 00bb 0E       		.uleb128 0xe
 1541 00bc 0B       		.uleb128 0xb
 1542 00bd 0B       		.uleb128 0xb
 1543 00be 3A       		.uleb128 0x3a
 1544 00bf 0B       		.uleb128 0xb
 1545 00c0 3B       		.uleb128 0x3b
 1546 00c1 05       		.uleb128 0x5
 1547 00c2 01       		.uleb128 0x1
 1548 00c3 13       		.uleb128 0x13
 1549 00c4 00       		.byte	0
 1550 00c5 00       		.byte	0
 1551 00c6 11       		.uleb128 0x11
 1552 00c7 01       		.uleb128 0x1
 1553 00c8 01       		.byte	0x1
 1554 00c9 49       		.uleb128 0x49
 1555 00ca 13       		.uleb128 0x13
 1556 00cb 01       		.uleb128 0x1
 1557 00cc 13       		.uleb128 0x13
 1558 00cd 00       		.byte	0
 1559 00ce 00       		.byte	0
 1560 00cf 12       		.uleb128 0x12
 1561 00d0 21       		.uleb128 0x21
 1562 00d1 00       		.byte	0
 1563 00d2 00       		.byte	0
 1564 00d3 00       		.byte	0
 1565 00d4 13       		.uleb128 0x13
 1566 00d5 26       		.uleb128 0x26
 1567 00d6 00       		.byte	0
 1568 00d7 49       		.uleb128 0x49
ARM GAS  C:\Users\DHEERA~1\AppData\Local\Temp\ccM4ywDL.s 			page 29


 1569 00d8 13       		.uleb128 0x13
 1570 00d9 00       		.byte	0
 1571 00da 00       		.byte	0
 1572 00db 14       		.uleb128 0x14
 1573 00dc 21       		.uleb128 0x21
 1574 00dd 00       		.byte	0
 1575 00de 49       		.uleb128 0x49
 1576 00df 13       		.uleb128 0x13
 1577 00e0 2F       		.uleb128 0x2f
 1578 00e1 0B       		.uleb128 0xb
 1579 00e2 00       		.byte	0
 1580 00e3 00       		.byte	0
 1581 00e4 15       		.uleb128 0x15
 1582 00e5 34       		.uleb128 0x34
 1583 00e6 00       		.byte	0
 1584 00e7 03       		.uleb128 0x3
 1585 00e8 0E       		.uleb128 0xe
 1586 00e9 3A       		.uleb128 0x3a
 1587 00ea 0B       		.uleb128 0xb
 1588 00eb 3B       		.uleb128 0x3b
 1589 00ec 05       		.uleb128 0x5
 1590 00ed 49       		.uleb128 0x49
 1591 00ee 13       		.uleb128 0x13
 1592 00ef 02       		.uleb128 0x2
 1593 00f0 18       		.uleb128 0x18
 1594 00f1 00       		.byte	0
 1595 00f2 00       		.byte	0
 1596 00f3 16       		.uleb128 0x16
 1597 00f4 34       		.uleb128 0x34
 1598 00f5 00       		.byte	0
 1599 00f6 03       		.uleb128 0x3
 1600 00f7 0E       		.uleb128 0xe
 1601 00f8 3A       		.uleb128 0x3a
 1602 00f9 0B       		.uleb128 0xb
 1603 00fa 3B       		.uleb128 0x3b
 1604 00fb 0B       		.uleb128 0xb
 1605 00fc 49       		.uleb128 0x49
 1606 00fd 13       		.uleb128 0x13
 1607 00fe 3F       		.uleb128 0x3f
 1608 00ff 19       		.uleb128 0x19
 1609 0100 02       		.uleb128 0x2
 1610 0101 18       		.uleb128 0x18
 1611 0102 00       		.byte	0
 1612 0103 00       		.byte	0
 1613 0104 17       		.uleb128 0x17
 1614 0105 34       		.uleb128 0x34
 1615 0106 00       		.byte	0
 1616 0107 03       		.uleb128 0x3
 1617 0108 0E       		.uleb128 0xe
 1618 0109 3A       		.uleb128 0x3a
 1619 010a 0B       		.uleb128 0xb
 1620 010b 3B       		.uleb128 0x3b
 1621 010c 05       		.uleb128 0x5
 1622 010d 49       		.uleb128 0x49
 1623 010e 13       		.uleb128 0x13
 1624 010f 3F       		.uleb128 0x3f
 1625 0110 19       		.uleb128 0x19
ARM GAS  C:\Users\DHEERA~1\AppData\Local\Temp\ccM4ywDL.s 			page 30


 1626 0111 02       		.uleb128 0x2
 1627 0112 18       		.uleb128 0x18
 1628 0113 00       		.byte	0
 1629 0114 00       		.byte	0
 1630 0115 18       		.uleb128 0x18
 1631 0116 34       		.uleb128 0x34
 1632 0117 00       		.byte	0
 1633 0118 03       		.uleb128 0x3
 1634 0119 0E       		.uleb128 0xe
 1635 011a 3A       		.uleb128 0x3a
 1636 011b 0B       		.uleb128 0xb
 1637 011c 3B       		.uleb128 0x3b
 1638 011d 0B       		.uleb128 0xb
 1639 011e 49       		.uleb128 0x49
 1640 011f 13       		.uleb128 0x13
 1641 0120 3F       		.uleb128 0x3f
 1642 0121 19       		.uleb128 0x19
 1643 0122 3C       		.uleb128 0x3c
 1644 0123 19       		.uleb128 0x19
 1645 0124 00       		.byte	0
 1646 0125 00       		.byte	0
 1647 0126 00       		.byte	0
 1648              		.section	.debug_aranges,"",%progbits
 1649 0000 14000000 		.4byte	0x14
 1650 0004 0200     		.2byte	0x2
 1651 0006 00000000 		.4byte	.Ldebug_info0
 1652 000a 04       		.byte	0x4
 1653 000b 00       		.byte	0
 1654 000c 0000     		.2byte	0
 1655 000e 0000     		.2byte	0
 1656 0010 00000000 		.4byte	0
 1657 0014 00000000 		.4byte	0
 1658              		.section	.debug_line,"",%progbits
 1659              	.Ldebug_line0:
 1660 0000 38010000 		.section	.debug_str,"MS",%progbits,1
 1660      02003201 
 1660      00000201 
 1660      FB0E0D00 
 1660      01010101 
 1661              	.LASF46:
 1662 0000 6E657874 		.ascii	"next\000"
 1662      00
 1663              	.LASF83:
 1664 0005 45455F74 		.ascii	"EE_th_terminate_nextask\000"
 1664      685F7465 
 1664      726D696E 
 1664      6174655F 
 1664      6E657874 
 1665              	.LASF24:
 1666 001d 5469636B 		.ascii	"TickType\000"
 1666      54797065 
 1666      00
 1667              	.LASF84:
 1668 0026 45455F73 		.ascii	"EE_stkfirst\000"
 1668      746B6669 
 1668      72737400 
 1669              	.LASF26:
ARM GAS  C:\Users\DHEERA~1\AppData\Local\Temp\ccM4ywDL.s 			page 31


 1670 0032 41637469 		.ascii	"ActionType\000"
 1670      6F6E5479 
 1670      706500
 1671              	.LASF19:
 1672 003d 45455F54 		.ascii	"EE_TYPEBOOL\000"
 1672      59504542 
 1672      4F4F4C00 
 1673              	.LASF109:
 1674 0049 45455F63 		.ascii	"EE_cortex_mx_IRQ_tos\000"
 1674      6F727465 
 1674      785F6D78 
 1674      5F495251 
 1674      5F746F73 
 1675              	.LASF7:
 1676 005e 6C6F6E67 		.ascii	"long long unsigned int\000"
 1676      206C6F6E 
 1676      6720756E 
 1676      7369676E 
 1676      65642069 
 1677              	.LASF45:
 1678 0075 64656C74 		.ascii	"delta\000"
 1678      6100
 1679              	.LASF42:
 1680 007b 45455F6F 		.ascii	"EE_oo_counter_object_ROM_type\000"
 1680      6F5F636F 
 1680      756E7465 
 1680      725F6F62 
 1680      6A656374 
 1681              	.LASF89:
 1682 0099 45455F72 		.ascii	"EE_rq_pairs_next\000"
 1682      715F7061 
 1682      6972735F 
 1682      6E657874 
 1682      00
 1683              	.LASF22:
 1684 00aa 5461736B 		.ascii	"TaskType\000"
 1684      54797065 
 1684      00
 1685              	.LASF61:
 1686 00b3 45455F54 		.ascii	"EE_TOS\000"
 1686      4F5300
 1687              	.LASF29:
 1688 00ba 6D617861 		.ascii	"maxallowedvalue\000"
 1688      6C6C6F77 
 1688      65647661 
 1688      6C756500 
 1689              	.LASF115:
 1690 00ca 45455F6F 		.ascii	"EE_oo_autostart_task_mode_OSDEFAULTAPPMODE\000"
 1690      6F5F6175 
 1690      746F7374 
 1690      6172745F 
 1690      7461736B 
 1691              	.LASF79:
 1692 00f5 45455F41 		.ascii	"EE_ALARM_ID\000"
 1692      4C41524D 
 1692      5F494400 
 1693              	.LASF6:
ARM GAS  C:\Users\DHEERA~1\AppData\Local\Temp\ccM4ywDL.s 			page 32


 1694 0101 6C6F6E67 		.ascii	"long long int\000"
 1694      206C6F6E 
 1694      6720696E 
 1694      7400
 1695              	.LASF0:
 1696 010f 7369676E 		.ascii	"signed char\000"
 1696      65642063 
 1696      68617200 
 1697              	.LASF52:
 1698 011b 45455F6F 		.ascii	"EE_oo_action_kind_type\000"
 1698      6F5F6163 
 1698      74696F6E 
 1698      5F6B696E 
 1698      645F7479 
 1699              	.LASF23:
 1700 0132 4576656E 		.ascii	"EventMaskType\000"
 1700      744D6173 
 1700      6B547970 
 1700      6500
 1701              	.LASF76:
 1702 0140 45455F45 		.ascii	"EE_EVENT_NAME\000"
 1702      56454E54 
 1702      5F4E414D 
 1702      4500
 1703              	.LASF100:
 1704 014e 45455F61 		.ascii	"EE_alarm_ROM\000"
 1704      6C61726D 
 1704      5F524F4D 
 1704      00
 1705              	.LASF70:
 1706 015b 45455F63 		.ascii	"EE_cortex_mx_active_tos\000"
 1706      6F727465 
 1706      785F6D78 
 1706      5F616374 
 1706      6976655F 
 1707              	.LASF35:
 1708 0173 45455F6F 		.ascii	"EE_oo_counter_RAM_type\000"
 1708      6F5F636F 
 1708      756E7465 
 1708      725F5241 
 1708      4D5F7479 
 1709              	.LASF78:
 1710 018a 45455F45 		.ascii	"EE_EVENT_ID\000"
 1710      56454E54 
 1710      5F494400 
 1711              	.LASF4:
 1712 0196 6C6F6E67 		.ascii	"long int\000"
 1712      20696E74 
 1712      00
 1713              	.LASF87:
 1714 019f 45455F72 		.ascii	"EE_rq_queues_head\000"
 1714      715F7175 
 1714      65756573 
 1714      5F686561 
 1714      6400
 1715              	.LASF105:
 1716 01b1 45455F6F 		.ascii	"EE_oo_IRQ_suspend_status\000"
ARM GAS  C:\Users\DHEERA~1\AppData\Local\Temp\ccM4ywDL.s 			page 33


 1716      6F5F4952 
 1716      515F7375 
 1716      7370656E 
 1716      645F7374 
 1717              	.LASF107:
 1718 01ca 45455F73 		.ascii	"EE_std_endcycle_next_tid\000"
 1718      74645F65 
 1718      6E646379 
 1718      636C655F 
 1718      6E657874 
 1719              	.LASF31:
 1720 01e3 6D696E63 		.ascii	"mincycle\000"
 1720      79636C65 
 1720      00
 1721              	.LASF20:
 1722 01ec 45455F54 		.ascii	"EE_TID\000"
 1722      494400
 1723              	.LASF33:
 1724 01f3 76616C75 		.ascii	"value\000"
 1724      6500
 1725              	.LASF8:
 1726 01f9 756E7369 		.ascii	"unsigned int\000"
 1726      676E6564 
 1726      20696E74 
 1726      00
 1727              	.LASF16:
 1728 0206 45455F55 		.ascii	"EE_UREG\000"
 1728      52454700 
 1729              	.LASF60:
 1730 020e 45455F6F 		.ascii	"EE_oo_alarm_ROM_type\000"
 1730      6F5F616C 
 1730      61726D5F 
 1730      524F4D5F 
 1730      74797065 
 1731              	.LASF77:
 1732 0223 45455F41 		.ascii	"EE_ALARM_NAME\000"
 1732      4C41524D 
 1732      5F4E414D 
 1732      4500
 1733              	.LASF5:
 1734 0231 6C6F6E67 		.ascii	"long unsigned int\000"
 1734      20756E73 
 1734      69676E65 
 1734      6420696E 
 1734      7400
 1735              	.LASF95:
 1736 0243 45455F74 		.ascii	"EE_th_waswaiting\000"
 1736      685F7761 
 1736      73776169 
 1736      74696E67 
 1736      00
 1737              	.LASF62:
 1738 0254 45455F6F 		.ascii	"EE_oo_autostart_task_type\000"
 1738      6F5F6175 
 1738      746F7374 
 1738      6172745F 
 1738      7461736B 
ARM GAS  C:\Users\DHEERA~1\AppData\Local\Temp\ccM4ywDL.s 			page 34


 1739              	.LASF41:
 1740 026e 6B696E64 		.ascii	"kind\000"
 1740      00
 1741              	.LASF3:
 1742 0273 73686F72 		.ascii	"short unsigned int\000"
 1742      7420756E 
 1742      7369676E 
 1742      65642069 
 1742      6E7400
 1743              	.LASF104:
 1744 0286 45455F6F 		.ascii	"EE_oo_IRQ_disable_count\000"
 1744      6F5F4952 
 1744      515F6469 
 1744      7361626C 
 1744      655F636F 
 1745              	.LASF38:
 1746 029e 45455F6F 		.ascii	"EE_oo_counter_object_kind_type\000"
 1746      6F5F636F 
 1746      756E7465 
 1746      725F6F62 
 1746      6A656374 
 1747              	.LASF80:
 1748 02bd 45455F74 		.ascii	"EE_th_status\000"
 1748      685F7374 
 1748      61747573 
 1748      00
 1749              	.LASF39:
 1750 02ca 436F756E 		.ascii	"CounterObjectKindType\000"
 1750      7465724F 
 1750      626A6563 
 1750      744B696E 
 1750      64547970 
 1751              	.LASF73:
 1752 02e0 45455F74 		.ascii	"EE_th_dispatch_prio\000"
 1752      685F6469 
 1752      73706174 
 1752      63685F70 
 1752      72696F00 
 1753              	.LASF110:
 1754 02f4 45455F63 		.ascii	"EE_cortex_mx_stack_4\000"
 1754      6F727465 
 1754      785F6D78 
 1754      5F737461 
 1754      636B5F34 
 1755              	.LASF111:
 1756 0309 45455F63 		.ascii	"EE_cortex_mx_stack_9\000"
 1756      6F727465 
 1756      785F6D78 
 1756      5F737461 
 1756      636B5F39 
 1757              	.LASF14:
 1758 031e 45455F56 		.ascii	"EE_VOID_CALLBACK\000"
 1758      4F49445F 
 1758      43414C4C 
 1758      4241434B 
 1758      00
 1759              	.LASF27:
ARM GAS  C:\Users\DHEERA~1\AppData\Local\Temp\ccM4ywDL.s 			page 35


 1760 032f 436F756E 		.ascii	"CounterType\000"
 1760      74657254 
 1760      79706500 
 1761              	.LASF98:
 1762 033b 45455F6F 		.ascii	"EE_oo_counter_object_ROM\000"
 1762      6F5F636F 
 1762      756E7465 
 1762      725F6F62 
 1762      6A656374 
 1763              	.LASF59:
 1764 0354 61637469 		.ascii	"action_id\000"
 1764      6F6E5F69 
 1764      6400
 1765              	.LASF106:
 1766 035e 45455F41 		.ascii	"EE_ApplicationMode\000"
 1766      70706C69 
 1766      63617469 
 1766      6F6E4D6F 
 1766      646500
 1767              	.LASF99:
 1768 0371 45455F6F 		.ascii	"EE_oo_action_ROM\000"
 1768      6F5F6163 
 1768      74696F6E 
 1768      5F524F4D 
 1768      00
 1769              	.LASF21:
 1770 0382 45455F54 		.ascii	"EE_TYPE_RQ_MASK\000"
 1770      5950455F 
 1770      52515F4D 
 1770      41534B00 
 1771              	.LASF64:
 1772 0392 73697A65 		.ascii	"sizetype\000"
 1772      74797065 
 1772      00
 1773              	.LASF9:
 1774 039b 6C6F6E67 		.ascii	"long double\000"
 1774      20646F75 
 1774      626C6500 
 1775              	.LASF92:
 1776 03a7 45455F72 		.ascii	"EE_rq_free\000"
 1776      715F6672 
 1776      656500
 1777              	.LASF86:
 1778 03b2 45455F72 		.ascii	"EE_rq_link\000"
 1778      715F6C69 
 1778      6E6B00
 1779              	.LASF17:
 1780 03bd 45455F53 		.ascii	"EE_SREG\000"
 1780      52454700 
 1781              	.LASF114:
 1782 03c5 443A5C4D 		.ascii	"D:\\MS\\HDA\\Embedded\\Second_sem\\EAA\\Assignment1"
 1782      535C4844 
 1782      415C456D 
 1782      62656464 
 1782      65645C53 
 1783 03f2 5C456C65 		.ascii	"\\Electronic_Gaspedal\\Design01.cydsn\000"
 1783      6374726F 
ARM GAS  C:\Users\DHEERA~1\AppData\Local\Temp\ccM4ywDL.s 			page 36


 1783      6E69635F 
 1783      47617370 
 1783      6564616C 
 1784              	.LASF30:
 1785 0416 7469636B 		.ascii	"ticksperbase\000"
 1785      73706572 
 1785      62617365 
 1785      00
 1786              	.LASF43:
 1787 0423 75736564 		.ascii	"used\000"
 1787      00
 1788              	.LASF47:
 1789 0428 45455F6F 		.ascii	"EE_oo_counter_object_RAM_type\000"
 1789      6F5F636F 
 1789      756E7465 
 1789      725F6F62 
 1789      6A656374 
 1790              	.LASF97:
 1791 0446 45455F63 		.ascii	"EE_counter_ROM\000"
 1791      6F756E74 
 1791      65725F52 
 1791      4F4D00
 1792              	.LASF58:
 1793 0455 45455F6F 		.ascii	"EE_oo_action_ROM_type\000"
 1793      6F5F6163 
 1793      74696F6E 
 1793      5F524F4D 
 1793      5F747970 
 1794              	.LASF10:
 1795 046b 45455F55 		.ascii	"EE_UINT16\000"
 1795      494E5431 
 1795      3600
 1796              	.LASF37:
 1797 0475 45455F53 		.ascii	"EE_SCHEDULETABLE\000"
 1797      43484544 
 1797      554C4554 
 1797      41424C45 
 1797      00
 1798              	.LASF69:
 1799 0486 45455F63 		.ascii	"EE_cortex_mx_system_tos\000"
 1799      6F727465 
 1799      785F6D78 
 1799      5F737973 
 1799      74656D5F 
 1800              	.LASF1:
 1801 049e 756E7369 		.ascii	"unsigned char\000"
 1801      676E6564 
 1801      20636861 
 1801      7200
 1802              	.LASF36:
 1803 04ac 45455F41 		.ascii	"EE_ALARM\000"
 1803      4C41524D 
 1803      00
 1804              	.LASF81:
 1805 04b5 45455F74 		.ascii	"EE_th_next\000"
 1805      685F6E65 
 1805      787400
ARM GAS  C:\Users\DHEERA~1\AppData\Local\Temp\ccM4ywDL.s 			page 37


 1806              	.LASF68:
 1807 04c0 45455F74 		.ascii	"EE_terminate_real_th_body\000"
 1807      65726D69 
 1807      6E617465 
 1807      5F726561 
 1807      6C5F7468 
 1808              	.LASF57:
 1809 04da 696E6363 		.ascii	"inccount\000"
 1809      6F756E74 
 1809      00
 1810              	.LASF2:
 1811 04e3 73686F72 		.ascii	"short int\000"
 1811      7420696E 
 1811      7400
 1812              	.LASF94:
 1813 04ed 45455F74 		.ascii	"EE_th_event_waitmask\000"
 1813      685F6576 
 1813      656E745F 
 1813      77616974 
 1813      6D61736B 
 1814              	.LASF75:
 1815 0502 45455F54 		.ascii	"EE_TASK_NAME\000"
 1815      41534B5F 
 1815      4E414D45 
 1815      00
 1816              	.LASF32:
 1817 050f 45455F6F 		.ascii	"EE_oo_counter_ROM_type\000"
 1817      6F5F636F 
 1817      756E7465 
 1817      725F524F 
 1817      4D5F7479 
 1818              	.LASF112:
 1819 0526 474E5520 		.ascii	"GNU C11 5.4.1 20160609 (release) [ARM/embedded-5-br"
 1819      43313120 
 1819      352E342E 
 1819      31203230 
 1819      31363036 
 1820 0559 616E6368 		.ascii	"anch revision 237715] -mcpu=cortex-m3 -mthumb -g -O"
 1820      20726576 
 1820      6973696F 
 1820      6E203233 
 1820      37373135 
 1821 058c 67202D66 		.ascii	"g -ffunction-sections -ffat-lto-objects\000"
 1821      66756E63 
 1821      74696F6E 
 1821      2D736563 
 1821      74696F6E 
 1822              	.LASF56:
 1823 05b4 61637469 		.ascii	"action_mask\000"
 1823      6F6E5F6D 
 1823      61736B00 
 1824              	.LASF15:
 1825 05c0 45455F54 		.ascii	"EE_THREAD_PTR\000"
 1825      48524541 
 1825      445F5054 
 1825      5200
 1826              	.LASF88:
ARM GAS  C:\Users\DHEERA~1\AppData\Local\Temp\ccM4ywDL.s 			page 38


 1827 05ce 45455F72 		.ascii	"EE_rq_queues_tail\000"
 1827      715F7175 
 1827      65756573 
 1827      5F746169 
 1827      6C00
 1828              	.LASF66:
 1829 05e0 45455F73 		.ascii	"EE_std_thread_tos\000"
 1829      74645F74 
 1829      68726561 
 1829      645F746F 
 1829      7300
 1830              	.LASF51:
 1831 05f2 45455F41 		.ascii	"EE_ACTION_CALLBACK\000"
 1831      4354494F 
 1831      4E5F4341 
 1831      4C4C4241 
 1831      434B00
 1832              	.LASF91:
 1833 0605 45455F72 		.ascii	"EE_rq_bitmask\000"
 1833      715F6269 
 1833      746D6173 
 1833      6B00
 1834              	.LASF34:
 1835 0613 66697273 		.ascii	"first\000"
 1835      7400
 1836              	.LASF25:
 1837 0619 436F756E 		.ascii	"CounterObjectType\000"
 1837      7465724F 
 1837      626A6563 
 1837      74547970 
 1837      6500
 1838              	.LASF74:
 1839 062b 63686172 		.ascii	"char\000"
 1839      00
 1840              	.LASF48:
 1841 0630 45455F41 		.ascii	"EE_ACTION_TASK\000"
 1841      4354494F 
 1841      4E5F5441 
 1841      534B00
 1842              	.LASF71:
 1843 063f 45455F74 		.ascii	"EE_th_rnact_max\000"
 1843      685F726E 
 1843      6163745F 
 1843      6D617800 
 1844              	.LASF50:
 1845 064f 45455F41 		.ascii	"EE_ACTION_COUNTER\000"
 1845      4354494F 
 1845      4E5F434F 
 1845      554E5445 
 1845      5200
 1846              	.LASF101:
 1847 0661 45455F63 		.ascii	"EE_counter_RAM\000"
 1847      6F756E74 
 1847      65725F52 
 1847      414D00
 1848              	.LASF40:
 1849 0670 73706563 		.ascii	"spec_id\000"
ARM GAS  C:\Users\DHEERA~1\AppData\Local\Temp\ccM4ywDL.s 			page 39


 1849      5F696400 
 1850              	.LASF49:
 1851 0678 45455F41 		.ascii	"EE_ACTION_EVENT\000"
 1851      4354494F 
 1851      4E5F4556 
 1851      454E5400 
 1852              	.LASF65:
 1853 0688 45455F68 		.ascii	"EE_hal_thread_body\000"
 1853      616C5F74 
 1853      68726561 
 1853      645F626F 
 1853      647900
 1854              	.LASF85:
 1855 069b 45455F73 		.ascii	"EE_sys_ceiling\000"
 1855      79735F63 
 1855      65696C69 
 1855      6E6700
 1856              	.LASF54:
 1857 06aa 61637469 		.ascii	"action_kind\000"
 1857      6F6E5F6B 
 1857      696E6400 
 1858              	.LASF63:
 1859 06b6 7461736B 		.ascii	"task\000"
 1859      00
 1860              	.LASF102:
 1861 06bb 45455F6F 		.ascii	"EE_oo_counter_object_RAM\000"
 1861      6F5F636F 
 1861      756E7465 
 1861      725F6F62 
 1861      6A656374 
 1862              	.LASF53:
 1863 06d4 41637469 		.ascii	"ActionKindType\000"
 1863      6F6E4B69 
 1863      6E645479 
 1863      706500
 1864              	.LASF72:
 1865 06e3 45455F74 		.ascii	"EE_th_ready_prio\000"
 1865      685F7265 
 1865      6164795F 
 1865      7072696F 
 1865      00
 1866              	.LASF82:
 1867 06f4 45455F74 		.ascii	"EE_th_rnact\000"
 1867      685F726E 
 1867      61637400 
 1868              	.LASF90:
 1869 0700 45455F72 		.ascii	"EE_rq_pairs_tid\000"
 1869      715F7061 
 1869      6972735F 
 1869      74696400 
 1870              	.LASF108:
 1871 0710 45455F49 		.ascii	"EE_IRQ_nesting_level\000"
 1871      52515F6E 
 1871      65737469 
 1871      6E675F6C 
 1871      6576656C 
 1872              	.LASF12:
ARM GAS  C:\Users\DHEERA~1\AppData\Local\Temp\ccM4ywDL.s 			page 40


 1873 0725 45455F55 		.ascii	"EE_UINT32\000"
 1873      494E5433 
 1873      3200
 1874              	.LASF11:
 1875 072f 45455F49 		.ascii	"EE_INT32\000"
 1875      4E543332 
 1875      00
 1876              	.LASF67:
 1877 0738 45455F74 		.ascii	"EE_terminate_data\000"
 1877      65726D69 
 1877      6E617465 
 1877      5F646174 
 1877      6100
 1878              	.LASF113:
 1879 074a 47656E65 		.ascii	"Generated_Source\\PSoC5\\ErikaOS_1_eecfg.c\000"
 1879      72617465 
 1879      645F536F 
 1879      75726365 
 1879      5C50536F 
 1880              	.LASF93:
 1881 0773 45455F74 		.ascii	"EE_th_event_active\000"
 1881      685F6576 
 1881      656E745F 
 1881      61637469 
 1881      766500
 1882              	.LASF44:
 1883 0786 636E7463 		.ascii	"cntcycle\000"
 1883      79636C65 
 1883      00
 1884              	.LASF28:
 1885 078f 5359535F 		.ascii	"SYS_tos\000"
 1885      746F7300 
 1886              	.LASF55:
 1887 0797 61637469 		.ascii	"action_task\000"
 1887      6F6E5F74 
 1887      61736B00 
 1888              	.LASF13:
 1889 07a3 45455F41 		.ascii	"EE_ADDR\000"
 1889      44445200 
 1890              	.LASF96:
 1891 07ab 45455F74 		.ascii	"EE_th_is_extended\000"
 1891      685F6973 
 1891      5F657874 
 1891      656E6465 
 1891      6400
 1892              	.LASF18:
 1893 07bd 45455F46 		.ascii	"EE_FREG\000"
 1893      52454700 
 1894              	.LASF103:
 1895 07c5 45455F6F 		.ascii	"EE_oo_autostart_task_data\000"
 1895      6F5F6175 
 1895      746F7374 
 1895      6172745F 
 1895      7461736B 
 1896              		.ident	"GCC: (GNU Tools for ARM Embedded Processors) 5.4.1 20160609 (release) [ARM/embedded-5-bran
