ARM GAS  C:\Users\DHEERA~1\AppData\Local\Temp\ccYKjulM.s 			page 1


   1              		.syntax unified
   2              		.cpu cortex-m3
   3              		.fpu softvfp
   4              		.eabi_attribute 20, 1
   5              		.eabi_attribute 21, 1
   6              		.eabi_attribute 23, 3
   7              		.eabi_attribute 24, 1
   8              		.eabi_attribute 25, 1
   9              		.eabi_attribute 26, 1
  10              		.eabi_attribute 30, 1
  11              		.eabi_attribute 34, 1
  12              		.eabi_attribute 18, 4
  13              		.thumb
  14              		.syntax unified
  15              		.file	"sc_brakelight_type.c"
  16              		.text
  17              	.Ltext0:
  18              		.cfi_sections	.debug_frame
  19              		.section	.text.SC_BRAKELIGHT_driverOut,"ax",%progbits
  20              		.align	2
  21              		.global	SC_BRAKELIGHT_driverOut
  22              		.thumb
  23              		.thumb_func
  24              		.type	SC_BRAKELIGHT_driverOut, %function
  25              	SC_BRAKELIGHT_driverOut:
  26              	.LFB110:
  27              		.file 1 "sources\\rte\\sc_brakelight_type.c"
   1:sources\rte/sc_brakelight_type.c **** /*
   2:sources\rte/sc_brakelight_type.c ****  * Filename: sc_brakelight_type.c
   3:sources\rte/sc_brakelight_type.c ****  *
   4:sources\rte/sc_brakelight_type.c ****  * Author: Autogenerated by H-DA RTE Generator, (c) Prof. Fromm
   5:sources\rte/sc_brakelight_type.c ****  *
   6:sources\rte/sc_brakelight_type.c ****  * description: Signalclass
   7:sources\rte/sc_brakelight_type.c ****  * name: sc_brakeLight
   8:sources\rte/sc_brakelight_type.c ****  * shortname: brakeLight
   9:sources\rte/sc_brakelight_type.c ****  *
  10:sources\rte/sc_brakelight_type.c ****  */
  11:sources\rte/sc_brakelight_type.c **** 
  12:sources\rte/sc_brakelight_type.c **** #include "project.h"
  13:sources\rte/sc_brakelight_type.c **** #include "global.h"
  14:sources\rte/sc_brakelight_type.c **** #include "rte.h"
  15:sources\rte/sc_brakelight_type.c **** #include "rte_types.h"
  16:sources\rte/sc_brakelight_type.c **** #include "sc_brakelight_type.h"
  17:sources\rte/sc_brakelight_type.c **** 
  18:sources\rte/sc_brakelight_type.c **** #include "led.h"
  19:sources\rte/sc_brakelight_type.c **** 
  20:sources\rte/sc_brakelight_type.c **** 
  21:sources\rte/sc_brakelight_type.c **** 
  22:sources\rte/sc_brakelight_type.c **** /* USER CODE START SC_BRAKELIGHT_INCLUDE */
  23:sources\rte/sc_brakelight_type.c **** 
  24:sources\rte/sc_brakelight_type.c **** /* USER CODE END SC_BRAKELIGHT_INCLUDE */
  25:sources\rte/sc_brakelight_type.c **** 
  26:sources\rte/sc_brakelight_type.c **** 
  27:sources\rte/sc_brakelight_type.c **** 
  28:sources\rte/sc_brakelight_type.c **** 
  29:sources\rte/sc_brakelight_type.c **** /* USER CODE START SC_BRAKELIGHT_USERDEFINITIONS */
  30:sources\rte/sc_brakelight_type.c **** 
ARM GAS  C:\Users\DHEERA~1\AppData\Local\Temp\ccYKjulM.s 			page 2


  31:sources\rte/sc_brakelight_type.c **** /* USER CODE END SC_BRAKELIGHT_USERDEFINITIONS */
  32:sources\rte/sc_brakelight_type.c **** 
  33:sources\rte/sc_brakelight_type.c **** 
  34:sources\rte/sc_brakelight_type.c **** /*****************************************************************************************
  35:sources\rte/sc_brakelight_type.c ****  *************** Port Wrapper Implementation for SC_BRAKELIGHT signal  ****************
  36:sources\rte/sc_brakelight_type.c ****  *****************************************************************************************/
  37:sources\rte/sc_brakelight_type.c ****  
  38:sources\rte/sc_brakelight_type.c ****  
  39:sources\rte/sc_brakelight_type.c **** /**
  40:sources\rte/sc_brakelight_type.c ****  * Default OUT driver API
  41:sources\rte/sc_brakelight_type.c ****  */
  42:sources\rte/sc_brakelight_type.c **** inline RC_t SC_BRAKELIGHT_driverOut(const SC_BRAKELIGHT_data_t  *const data)
  43:sources\rte/sc_brakelight_type.c **** {
  28              		.loc 1 43 0
  29              		.cfi_startproc
  30              		@ args = 0, pretend = 0, frame = 0
  31              		@ frame_needed = 0, uses_anonymous_args = 0
  32              	.LVL0:
  33 0000 08B5     		push	{r3, lr}
  34              		.cfi_def_cfa_offset 8
  35              		.cfi_offset 3, -8
  36              		.cfi_offset 14, -4
  44:sources\rte/sc_brakelight_type.c **** 	/* USER CODE START driverOutSC_BRAKELIGHT */
  45:sources\rte/sc_brakelight_type.c ****     if(data->brakeLight == 0)
  37              		.loc 1 45 0
  38 0002 0378     		ldrb	r3, [r0]	@ zero_extendqisi2
  39 0004 23B9     		cbnz	r3, .L2
  46:sources\rte/sc_brakelight_type.c ****     {
  47:sources\rte/sc_brakelight_type.c ****         LED_Set(LED_RED, LED_ON);
  40              		.loc 1 47 0
  41 0006 0121     		movs	r1, #1
  42 0008 0020     		movs	r0, #0
  43              	.LVL1:
  44 000a FFF7FEFF 		bl	LED_Set
  45              	.LVL2:
  46 000e 03E0     		b	.L3
  47              	.LVL3:
  48              	.L2:
  48:sources\rte/sc_brakelight_type.c ****     }
  49:sources\rte/sc_brakelight_type.c ****     else
  50:sources\rte/sc_brakelight_type.c ****     {
  51:sources\rte/sc_brakelight_type.c ****         LED_Set(LED_RED, LED_OFF);
  49              		.loc 1 51 0
  50 0010 0021     		movs	r1, #0
  51 0012 0846     		mov	r0, r1
  52              	.LVL4:
  53 0014 FFF7FEFF 		bl	LED_Set
  54              	.LVL5:
  55              	.L3:
  52:sources\rte/sc_brakelight_type.c ****     }
  53:sources\rte/sc_brakelight_type.c ****     
  54:sources\rte/sc_brakelight_type.c **** 	return RC_SUCCESS;
  55:sources\rte/sc_brakelight_type.c **** 	/* USER CODE END driverOutSC_BRAKELIGHT */
  56:sources\rte/sc_brakelight_type.c **** }
  56              		.loc 1 56 0
  57 0018 0020     		movs	r0, #0
  58 001a 08BD     		pop	{r3, pc}
ARM GAS  C:\Users\DHEERA~1\AppData\Local\Temp\ccYKjulM.s 			page 3


  59              		.cfi_endproc
  60              	.LFE110:
  61              		.size	SC_BRAKELIGHT_driverOut, .-SC_BRAKELIGHT_driverOut
  62              		.text
  63              	.Letext0:
  64              		.file 2 "d:\\psoc creator\\4.4\\psoc creator\\import\\gnu\\arm\\5.4.1\\arm-none-eabi\\include\\mac
  65              		.file 3 "d:\\psoc creator\\4.4\\psoc creator\\import\\gnu\\arm\\5.4.1\\arm-none-eabi\\include\\sys
  66              		.file 4 "Generated_Source\\PSoC5/ErikaOS_1_common_ee_types.inc"
  67              		.file 5 "Generated_Source\\PSoC5/ErikaOS_1_cortex_mx_ee_cpu.inc"
  68              		.file 6 ".\\sources\\bsw/global.h"
  69              		.file 7 "sources\\rte\\sc_brakelight_type.h"
  70              		.file 8 ".\\sources\\bsw/led.h"
  71              		.file 9 "Generated_Source\\PSoC5/ErikaOS_1_ee_oo_intfunc.inc"
  72              		.file 10 "Generated_Source\\PSoC5/ErikaOS_1_cortex_mx_ee_context.inc"
  73              		.file 11 "Generated_Source\\PSoC5/ErikaOS_1_common_ee_primitives.inc"
  74              		.file 12 "Generated_Source\\PSoC5/core_cm3.h"
  75              		.section	.debug_info,"",%progbits
  76              	.Ldebug_info0:
  77 0000 C0020000 		.4byte	0x2c0
  78 0004 0400     		.2byte	0x4
  79 0006 00000000 		.4byte	.Ldebug_abbrev0
  80 000a 04       		.byte	0x4
  81 000b 01       		.uleb128 0x1
  82 000c C7020000 		.4byte	.LASF65
  83 0010 0C       		.byte	0xc
  84 0011 42040000 		.4byte	.LASF66
  85 0015 D7030000 		.4byte	.LASF67
  86 0019 00000000 		.4byte	.Ldebug_ranges0+0
  87 001d 00000000 		.4byte	0
  88 0021 00000000 		.4byte	.Ldebug_line0
  89 0025 02       		.uleb128 0x2
  90 0026 01       		.byte	0x1
  91 0027 06       		.byte	0x6
  92 0028 0F020000 		.4byte	.LASF0
  93 002c 03       		.uleb128 0x3
  94 002d B0010000 		.4byte	.LASF4
  95 0031 02       		.byte	0x2
  96 0032 1D       		.byte	0x1d
  97 0033 37000000 		.4byte	0x37
  98 0037 02       		.uleb128 0x2
  99 0038 01       		.byte	0x1
 100 0039 08       		.byte	0x8
 101 003a E9010000 		.4byte	.LASF1
 102 003e 02       		.uleb128 0x2
 103 003f 02       		.byte	0x2
 104 0040 05       		.byte	0x5
 105 0041 32000000 		.4byte	.LASF2
 106 0045 02       		.uleb128 0x2
 107 0046 02       		.byte	0x2
 108 0047 07       		.byte	0x7
 109 0048 B4020000 		.4byte	.LASF3
 110 004c 03       		.uleb128 0x3
 111 004d 30040000 		.4byte	.LASF5
 112 0051 02       		.byte	0x2
 113 0052 3F       		.byte	0x3f
 114 0053 57000000 		.4byte	0x57
 115 0057 02       		.uleb128 0x2
ARM GAS  C:\Users\DHEERA~1\AppData\Local\Temp\ccYKjulM.s 			page 4


 116 0058 04       		.byte	0x4
 117 0059 05       		.byte	0x5
 118 005a 87010000 		.4byte	.LASF6
 119 005e 02       		.uleb128 0x2
 120 005f 04       		.byte	0x4
 121 0060 07       		.byte	0x7
 122 0061 AC030000 		.4byte	.LASF7
 123 0065 02       		.uleb128 0x2
 124 0066 08       		.byte	0x8
 125 0067 05       		.byte	0x5
 126 0068 34010000 		.4byte	.LASF8
 127 006c 02       		.uleb128 0x2
 128 006d 08       		.byte	0x8
 129 006e 07       		.byte	0x7
 130 006f 1B020000 		.4byte	.LASF9
 131 0073 04       		.uleb128 0x4
 132 0074 04       		.byte	0x4
 133 0075 05       		.byte	0x5
 134 0076 696E7400 		.ascii	"int\000"
 135 007a 02       		.uleb128 0x2
 136 007b 04       		.byte	0x4
 137 007c 07       		.byte	0x7
 138 007d 39020000 		.4byte	.LASF10
 139 0081 03       		.uleb128 0x3
 140 0082 B1000000 		.4byte	.LASF11
 141 0086 03       		.byte	0x3
 142 0087 18       		.byte	0x18
 143 0088 2C000000 		.4byte	0x2c
 144 008c 03       		.uleb128 0x3
 145 008d 6F030000 		.4byte	.LASF12
 146 0091 03       		.byte	0x3
 147 0092 2C       		.byte	0x2c
 148 0093 4C000000 		.4byte	0x4c
 149 0097 02       		.uleb128 0x2
 150 0098 04       		.byte	0x4
 151 0099 04       		.byte	0x4
 152 009a 15010000 		.4byte	.LASF13
 153 009e 02       		.uleb128 0x2
 154 009f 08       		.byte	0x8
 155 00a0 04       		.byte	0x4
 156 00a1 BE030000 		.4byte	.LASF14
 157 00a5 02       		.uleb128 0x2
 158 00a6 01       		.byte	0x1
 159 00a7 08       		.byte	0x8
 160 00a8 55030000 		.4byte	.LASF15
 161 00ac 02       		.uleb128 0x2
 162 00ad 08       		.byte	0x8
 163 00ae 04       		.byte	0x4
 164 00af DD010000 		.4byte	.LASF16
 165 00b3 03       		.uleb128 0x3
 166 00b4 96020000 		.4byte	.LASF17
 167 00b8 04       		.byte	0x4
 168 00b9 53       		.byte	0x53
 169 00ba 73000000 		.4byte	0x73
 170 00be 03       		.uleb128 0x3
 171 00bf 95000000 		.4byte	.LASF18
 172 00c3 04       		.byte	0x4
ARM GAS  C:\Users\DHEERA~1\AppData\Local\Temp\ccYKjulM.s 			page 5


 173 00c4 54       		.byte	0x54
 174 00c5 7A000000 		.4byte	0x7a
 175 00c9 03       		.uleb128 0x3
 176 00ca 0D010000 		.4byte	.LASF19
 177 00ce 05       		.byte	0x5
 178 00cf 4D       		.byte	0x4d
 179 00d0 BE000000 		.4byte	0xbe
 180 00d4 03       		.uleb128 0x3
 181 00d5 79000000 		.4byte	.LASF20
 182 00d9 05       		.byte	0x5
 183 00da 4F       		.byte	0x4f
 184 00db BE000000 		.4byte	0xbe
 185 00df 03       		.uleb128 0x3
 186 00e0 9F000000 		.4byte	.LASF21
 187 00e4 05       		.byte	0x5
 188 00e5 78       		.byte	0x78
 189 00e6 B3000000 		.4byte	0xb3
 190 00ea 02       		.uleb128 0x2
 191 00eb 04       		.byte	0x4
 192 00ec 07       		.byte	0x7
 193 00ed 62000000 		.4byte	.LASF22
 194 00f1 05       		.uleb128 0x5
 195 00f2 01       		.byte	0x1
 196 00f3 25000000 		.4byte	0x25
 197 00f7 06       		.byte	0x6
 198 00f8 CF       		.byte	0xcf
 199 00f9 9A010000 		.4byte	0x19a
 200 00fd 06       		.uleb128 0x6
 201 00fe 13000000 		.4byte	.LASF23
 202 0102 00       		.byte	0
 203 0103 07       		.uleb128 0x7
 204 0104 82040000 		.4byte	.LASF24
 205 0108 7F       		.sleb128 -1
 206 0109 07       		.uleb128 0x7
 207 010a 72020000 		.4byte	.LASF25
 208 010e 7E       		.sleb128 -2
 209 010f 07       		.uleb128 0x7
 210 0110 6B000000 		.4byte	.LASF26
 211 0114 7D       		.sleb128 -3
 212 0115 07       		.uleb128 0x7
 213 0116 93040000 		.4byte	.LASF27
 214 011a 7C       		.sleb128 -4
 215 011b 07       		.uleb128 0x7
 216 011c FE000000 		.4byte	.LASF28
 217 0120 7B       		.sleb128 -5
 218 0121 07       		.uleb128 0x7
 219 0122 3C000000 		.4byte	.LASF29
 220 0126 7A       		.sleb128 -6
 221 0127 07       		.uleb128 0x7
 222 0128 90010000 		.4byte	.LASF30
 223 012c 79       		.sleb128 -7
 224 012d 07       		.uleb128 0x7
 225 012e 5A030000 		.4byte	.LASF31
 226 0132 78       		.sleb128 -8
 227 0133 07       		.uleb128 0x7
 228 0134 80020000 		.4byte	.LASF32
 229 0138 77       		.sleb128 -9
ARM GAS  C:\Users\DHEERA~1\AppData\Local\Temp\ccYKjulM.s 			page 6


 230 0139 07       		.uleb128 0x7
 231 013a A2010000 		.4byte	.LASF33
 232 013e 76       		.sleb128 -10
 233 013f 07       		.uleb128 0x7
 234 0140 C0040000 		.4byte	.LASF34
 235 0144 75       		.sleb128 -11
 236 0145 07       		.uleb128 0x7
 237 0146 46020000 		.4byte	.LASF35
 238 014a 74       		.sleb128 -12
 239 014b 07       		.uleb128 0x7
 240 014c C5030000 		.4byte	.LASF36
 241 0150 73       		.sleb128 -13
 242 0151 07       		.uleb128 0x7
 243 0152 00000000 		.4byte	.LASF37
 244 0156 72       		.sleb128 -14
 245 0157 07       		.uleb128 0x7
 246 0158 1E000000 		.4byte	.LASF38
 247 015c 71       		.sleb128 -15
 248 015d 07       		.uleb128 0x7
 249 015e BA010000 		.4byte	.LASF39
 250 0162 70       		.sleb128 -16
 251 0163 07       		.uleb128 0x7
 252 0164 81000000 		.4byte	.LASF40
 253 0168 6F       		.sleb128 -17
 254 0169 07       		.uleb128 0x7
 255 016a 4D000000 		.4byte	.LASF41
 256 016e 6E       		.sleb128 -18
 257 016f 07       		.uleb128 0x7
 258 0170 63010000 		.4byte	.LASF42
 259 0174 6D       		.sleb128 -19
 260 0175 07       		.uleb128 0x7
 261 0176 77030000 		.4byte	.LASF43
 262 017a 6C       		.sleb128 -20
 263 017b 07       		.uleb128 0x7
 264 017c CB010000 		.4byte	.LASF44
 265 0180 6B       		.sleb128 -21
 266 0181 07       		.uleb128 0x7
 267 0182 63040000 		.4byte	.LASF45
 268 0186 6A       		.sleb128 -22
 269 0187 07       		.uleb128 0x7
 270 0188 B9000000 		.4byte	.LASF46
 271 018c 69       		.sleb128 -23
 272 018d 07       		.uleb128 0x7
 273 018e 76010000 		.4byte	.LASF47
 274 0192 68       		.sleb128 -24
 275 0193 07       		.uleb128 0x7
 276 0194 1B010000 		.4byte	.LASF48
 277 0198 67       		.sleb128 -25
 278 0199 00       		.byte	0
 279 019a 03       		.uleb128 0x3
 280 019b BB040000 		.4byte	.LASF49
 281 019f 06       		.byte	0x6
 282 01a0 EA       		.byte	0xea
 283 01a1 F1000000 		.4byte	0xf1
 284 01a5 08       		.uleb128 0x8
 285 01a6 01       		.byte	0x1
 286 01a7 07       		.byte	0x7
ARM GAS  C:\Users\DHEERA~1\AppData\Local\Temp\ccYKjulM.s 			page 7


 287 01a8 21       		.byte	0x21
 288 01a9 BA010000 		.4byte	0x1ba
 289 01ad 09       		.uleb128 0x9
 290 01ae 54020000 		.4byte	.LASF68
 291 01b2 07       		.byte	0x7
 292 01b3 23       		.byte	0x23
 293 01b4 81000000 		.4byte	0x81
 294 01b8 00       		.byte	0
 295 01b9 00       		.byte	0
 296 01ba 03       		.uleb128 0x3
 297 01bb 9F020000 		.4byte	.LASF50
 298 01bf 07       		.byte	0x7
 299 01c0 26       		.byte	0x26
 300 01c1 A5010000 		.4byte	0x1a5
 301 01c5 0A       		.uleb128 0xa
 302 01c6 42010000 		.4byte	.LASF55
 303 01ca 01       		.byte	0x1
 304 01cb 37000000 		.4byte	0x37
 305 01cf 08       		.byte	0x8
 306 01d0 5A       		.byte	0x5a
 307 01d1 EE010000 		.4byte	0x1ee
 308 01d5 06       		.uleb128 0x6
 309 01d6 8B040000 		.4byte	.LASF51
 310 01da 00       		.byte	0
 311 01db 06       		.uleb128 0x6
 312 01dc 67020000 		.4byte	.LASF52
 313 01e0 01       		.byte	0x1
 314 01e1 06       		.uleb128 0x6
 315 01e2 8A030000 		.4byte	.LASF53
 316 01e6 02       		.byte	0x2
 317 01e7 06       		.uleb128 0x6
 318 01e8 28040000 		.4byte	.LASF54
 319 01ec 03       		.byte	0x3
 320 01ed 00       		.byte	0
 321 01ee 0A       		.uleb128 0xa
 322 01ef A6000000 		.4byte	.LASF56
 323 01f3 01       		.byte	0x1
 324 01f4 37000000 		.4byte	0x37
 325 01f8 08       		.byte	0x8
 326 01f9 62       		.byte	0x62
 327 01fa 0B020000 		.4byte	0x20b
 328 01fe 06       		.uleb128 0x6
 329 01ff 5F020000 		.4byte	.LASF57
 330 0203 00       		.byte	0
 331 0204 06       		.uleb128 0x6
 332 0205 32020000 		.4byte	.LASF58
 333 0209 01       		.byte	0x1
 334 020a 00       		.byte	0
 335 020b 0B       		.uleb128 0xb
 336 020c F7010000 		.4byte	.LASF69
 337 0210 01       		.byte	0x1
 338 0211 2A       		.byte	0x2a
 339 0212 9A010000 		.4byte	0x19a
 340 0216 00000000 		.4byte	.LFB110
 341 021a 1C000000 		.4byte	.LFE110-.LFB110
 342 021e 01       		.uleb128 0x1
 343 021f 9C       		.byte	0x9c
ARM GAS  C:\Users\DHEERA~1\AppData\Local\Temp\ccYKjulM.s 			page 8


 344 0220 60020000 		.4byte	0x260
 345 0224 0C       		.uleb128 0xc
 346 0225 94030000 		.4byte	.LASF70
 347 0229 01       		.byte	0x1
 348 022a 2A       		.byte	0x2a
 349 022b 6B020000 		.4byte	0x26b
 350 022f 00000000 		.4byte	.LLST0
 351 0233 0D       		.uleb128 0xd
 352 0234 0E000000 		.4byte	.LVL2
 353 0238 B8020000 		.4byte	0x2b8
 354 023c 4B020000 		.4byte	0x24b
 355 0240 0E       		.uleb128 0xe
 356 0241 01       		.uleb128 0x1
 357 0242 50       		.byte	0x50
 358 0243 01       		.uleb128 0x1
 359 0244 30       		.byte	0x30
 360 0245 0E       		.uleb128 0xe
 361 0246 01       		.uleb128 0x1
 362 0247 51       		.byte	0x51
 363 0248 01       		.uleb128 0x1
 364 0249 31       		.byte	0x31
 365 024a 00       		.byte	0
 366 024b 0F       		.uleb128 0xf
 367 024c 18000000 		.4byte	.LVL5
 368 0250 B8020000 		.4byte	0x2b8
 369 0254 0E       		.uleb128 0xe
 370 0255 01       		.uleb128 0x1
 371 0256 50       		.byte	0x50
 372 0257 01       		.uleb128 0x1
 373 0258 30       		.byte	0x30
 374 0259 0E       		.uleb128 0xe
 375 025a 01       		.uleb128 0x1
 376 025b 51       		.byte	0x51
 377 025c 01       		.uleb128 0x1
 378 025d 30       		.byte	0x30
 379 025e 00       		.byte	0
 380 025f 00       		.byte	0
 381 0260 10       		.uleb128 0x10
 382 0261 04       		.byte	0x4
 383 0262 66020000 		.4byte	0x266
 384 0266 11       		.uleb128 0x11
 385 0267 BA010000 		.4byte	0x1ba
 386 026b 11       		.uleb128 0x11
 387 026c 60020000 		.4byte	0x260
 388 0270 12       		.uleb128 0x12
 389 0271 A3040000 		.4byte	.LASF59
 390 0275 09       		.byte	0x9
 391 0276 40       		.byte	0x40
 392 0277 C9000000 		.4byte	0xc9
 393 027b 12       		.uleb128 0x12
 394 027c 4A010000 		.4byte	.LASF60
 395 0280 09       		.byte	0x9
 396 0281 47       		.byte	0x47
 397 0282 D4000000 		.4byte	0xd4
 398 0286 12       		.uleb128 0x12
 399 0287 99030000 		.4byte	.LASF61
 400 028b 09       		.byte	0x9
ARM GAS  C:\Users\DHEERA~1\AppData\Local\Temp\ccYKjulM.s 			page 9


 401 028c 4A       		.byte	0x4a
 402 028d C9000000 		.4byte	0xc9
 403 0291 12       		.uleb128 0x12
 404 0292 E5000000 		.4byte	.LASF62
 405 0296 0A       		.byte	0xa
 406 0297 48       		.byte	0x48
 407 0298 DF000000 		.4byte	0xdf
 408 029c 12       		.uleb128 0x12
 409 029d D0000000 		.4byte	.LASF63
 410 02a1 0B       		.byte	0xb
 411 02a2 44       		.byte	0x44
 412 02a3 C9000000 		.4byte	0xc9
 413 02a7 13       		.uleb128 0x13
 414 02a8 75040000 		.4byte	.LASF64
 415 02ac 0C       		.byte	0xc
 416 02ad 1207     		.2byte	0x712
 417 02af B3020000 		.4byte	0x2b3
 418 02b3 14       		.uleb128 0x14
 419 02b4 8C000000 		.4byte	0x8c
 420 02b8 15       		.uleb128 0x15
 421 02b9 3A040000 		.4byte	.LASF71
 422 02bd 3A040000 		.4byte	.LASF71
 423 02c1 08       		.byte	0x8
 424 02c2 95       		.byte	0x95
 425 02c3 00       		.byte	0
 426              		.section	.debug_abbrev,"",%progbits
 427              	.Ldebug_abbrev0:
 428 0000 01       		.uleb128 0x1
 429 0001 11       		.uleb128 0x11
 430 0002 01       		.byte	0x1
 431 0003 25       		.uleb128 0x25
 432 0004 0E       		.uleb128 0xe
 433 0005 13       		.uleb128 0x13
 434 0006 0B       		.uleb128 0xb
 435 0007 03       		.uleb128 0x3
 436 0008 0E       		.uleb128 0xe
 437 0009 1B       		.uleb128 0x1b
 438 000a 0E       		.uleb128 0xe
 439 000b 55       		.uleb128 0x55
 440 000c 17       		.uleb128 0x17
 441 000d 11       		.uleb128 0x11
 442 000e 01       		.uleb128 0x1
 443 000f 10       		.uleb128 0x10
 444 0010 17       		.uleb128 0x17
 445 0011 00       		.byte	0
 446 0012 00       		.byte	0
 447 0013 02       		.uleb128 0x2
 448 0014 24       		.uleb128 0x24
 449 0015 00       		.byte	0
 450 0016 0B       		.uleb128 0xb
 451 0017 0B       		.uleb128 0xb
 452 0018 3E       		.uleb128 0x3e
 453 0019 0B       		.uleb128 0xb
 454 001a 03       		.uleb128 0x3
 455 001b 0E       		.uleb128 0xe
 456 001c 00       		.byte	0
 457 001d 00       		.byte	0
ARM GAS  C:\Users\DHEERA~1\AppData\Local\Temp\ccYKjulM.s 			page 10


 458 001e 03       		.uleb128 0x3
 459 001f 16       		.uleb128 0x16
 460 0020 00       		.byte	0
 461 0021 03       		.uleb128 0x3
 462 0022 0E       		.uleb128 0xe
 463 0023 3A       		.uleb128 0x3a
 464 0024 0B       		.uleb128 0xb
 465 0025 3B       		.uleb128 0x3b
 466 0026 0B       		.uleb128 0xb
 467 0027 49       		.uleb128 0x49
 468 0028 13       		.uleb128 0x13
 469 0029 00       		.byte	0
 470 002a 00       		.byte	0
 471 002b 04       		.uleb128 0x4
 472 002c 24       		.uleb128 0x24
 473 002d 00       		.byte	0
 474 002e 0B       		.uleb128 0xb
 475 002f 0B       		.uleb128 0xb
 476 0030 3E       		.uleb128 0x3e
 477 0031 0B       		.uleb128 0xb
 478 0032 03       		.uleb128 0x3
 479 0033 08       		.uleb128 0x8
 480 0034 00       		.byte	0
 481 0035 00       		.byte	0
 482 0036 05       		.uleb128 0x5
 483 0037 04       		.uleb128 0x4
 484 0038 01       		.byte	0x1
 485 0039 0B       		.uleb128 0xb
 486 003a 0B       		.uleb128 0xb
 487 003b 49       		.uleb128 0x49
 488 003c 13       		.uleb128 0x13
 489 003d 3A       		.uleb128 0x3a
 490 003e 0B       		.uleb128 0xb
 491 003f 3B       		.uleb128 0x3b
 492 0040 0B       		.uleb128 0xb
 493 0041 01       		.uleb128 0x1
 494 0042 13       		.uleb128 0x13
 495 0043 00       		.byte	0
 496 0044 00       		.byte	0
 497 0045 06       		.uleb128 0x6
 498 0046 28       		.uleb128 0x28
 499 0047 00       		.byte	0
 500 0048 03       		.uleb128 0x3
 501 0049 0E       		.uleb128 0xe
 502 004a 1C       		.uleb128 0x1c
 503 004b 0B       		.uleb128 0xb
 504 004c 00       		.byte	0
 505 004d 00       		.byte	0
 506 004e 07       		.uleb128 0x7
 507 004f 28       		.uleb128 0x28
 508 0050 00       		.byte	0
 509 0051 03       		.uleb128 0x3
 510 0052 0E       		.uleb128 0xe
 511 0053 1C       		.uleb128 0x1c
 512 0054 0D       		.uleb128 0xd
 513 0055 00       		.byte	0
 514 0056 00       		.byte	0
ARM GAS  C:\Users\DHEERA~1\AppData\Local\Temp\ccYKjulM.s 			page 11


 515 0057 08       		.uleb128 0x8
 516 0058 13       		.uleb128 0x13
 517 0059 01       		.byte	0x1
 518 005a 0B       		.uleb128 0xb
 519 005b 0B       		.uleb128 0xb
 520 005c 3A       		.uleb128 0x3a
 521 005d 0B       		.uleb128 0xb
 522 005e 3B       		.uleb128 0x3b
 523 005f 0B       		.uleb128 0xb
 524 0060 01       		.uleb128 0x1
 525 0061 13       		.uleb128 0x13
 526 0062 00       		.byte	0
 527 0063 00       		.byte	0
 528 0064 09       		.uleb128 0x9
 529 0065 0D       		.uleb128 0xd
 530 0066 00       		.byte	0
 531 0067 03       		.uleb128 0x3
 532 0068 0E       		.uleb128 0xe
 533 0069 3A       		.uleb128 0x3a
 534 006a 0B       		.uleb128 0xb
 535 006b 3B       		.uleb128 0x3b
 536 006c 0B       		.uleb128 0xb
 537 006d 49       		.uleb128 0x49
 538 006e 13       		.uleb128 0x13
 539 006f 38       		.uleb128 0x38
 540 0070 0B       		.uleb128 0xb
 541 0071 00       		.byte	0
 542 0072 00       		.byte	0
 543 0073 0A       		.uleb128 0xa
 544 0074 04       		.uleb128 0x4
 545 0075 01       		.byte	0x1
 546 0076 03       		.uleb128 0x3
 547 0077 0E       		.uleb128 0xe
 548 0078 0B       		.uleb128 0xb
 549 0079 0B       		.uleb128 0xb
 550 007a 49       		.uleb128 0x49
 551 007b 13       		.uleb128 0x13
 552 007c 3A       		.uleb128 0x3a
 553 007d 0B       		.uleb128 0xb
 554 007e 3B       		.uleb128 0x3b
 555 007f 0B       		.uleb128 0xb
 556 0080 01       		.uleb128 0x1
 557 0081 13       		.uleb128 0x13
 558 0082 00       		.byte	0
 559 0083 00       		.byte	0
 560 0084 0B       		.uleb128 0xb
 561 0085 2E       		.uleb128 0x2e
 562 0086 01       		.byte	0x1
 563 0087 3F       		.uleb128 0x3f
 564 0088 19       		.uleb128 0x19
 565 0089 03       		.uleb128 0x3
 566 008a 0E       		.uleb128 0xe
 567 008b 3A       		.uleb128 0x3a
 568 008c 0B       		.uleb128 0xb
 569 008d 3B       		.uleb128 0x3b
 570 008e 0B       		.uleb128 0xb
 571 008f 27       		.uleb128 0x27
ARM GAS  C:\Users\DHEERA~1\AppData\Local\Temp\ccYKjulM.s 			page 12


 572 0090 19       		.uleb128 0x19
 573 0091 49       		.uleb128 0x49
 574 0092 13       		.uleb128 0x13
 575 0093 11       		.uleb128 0x11
 576 0094 01       		.uleb128 0x1
 577 0095 12       		.uleb128 0x12
 578 0096 06       		.uleb128 0x6
 579 0097 40       		.uleb128 0x40
 580 0098 18       		.uleb128 0x18
 581 0099 9742     		.uleb128 0x2117
 582 009b 19       		.uleb128 0x19
 583 009c 01       		.uleb128 0x1
 584 009d 13       		.uleb128 0x13
 585 009e 00       		.byte	0
 586 009f 00       		.byte	0
 587 00a0 0C       		.uleb128 0xc
 588 00a1 05       		.uleb128 0x5
 589 00a2 00       		.byte	0
 590 00a3 03       		.uleb128 0x3
 591 00a4 0E       		.uleb128 0xe
 592 00a5 3A       		.uleb128 0x3a
 593 00a6 0B       		.uleb128 0xb
 594 00a7 3B       		.uleb128 0x3b
 595 00a8 0B       		.uleb128 0xb
 596 00a9 49       		.uleb128 0x49
 597 00aa 13       		.uleb128 0x13
 598 00ab 02       		.uleb128 0x2
 599 00ac 17       		.uleb128 0x17
 600 00ad 00       		.byte	0
 601 00ae 00       		.byte	0
 602 00af 0D       		.uleb128 0xd
 603 00b0 898201   		.uleb128 0x4109
 604 00b3 01       		.byte	0x1
 605 00b4 11       		.uleb128 0x11
 606 00b5 01       		.uleb128 0x1
 607 00b6 31       		.uleb128 0x31
 608 00b7 13       		.uleb128 0x13
 609 00b8 01       		.uleb128 0x1
 610 00b9 13       		.uleb128 0x13
 611 00ba 00       		.byte	0
 612 00bb 00       		.byte	0
 613 00bc 0E       		.uleb128 0xe
 614 00bd 8A8201   		.uleb128 0x410a
 615 00c0 00       		.byte	0
 616 00c1 02       		.uleb128 0x2
 617 00c2 18       		.uleb128 0x18
 618 00c3 9142     		.uleb128 0x2111
 619 00c5 18       		.uleb128 0x18
 620 00c6 00       		.byte	0
 621 00c7 00       		.byte	0
 622 00c8 0F       		.uleb128 0xf
 623 00c9 898201   		.uleb128 0x4109
 624 00cc 01       		.byte	0x1
 625 00cd 11       		.uleb128 0x11
 626 00ce 01       		.uleb128 0x1
 627 00cf 31       		.uleb128 0x31
 628 00d0 13       		.uleb128 0x13
ARM GAS  C:\Users\DHEERA~1\AppData\Local\Temp\ccYKjulM.s 			page 13


 629 00d1 00       		.byte	0
 630 00d2 00       		.byte	0
 631 00d3 10       		.uleb128 0x10
 632 00d4 0F       		.uleb128 0xf
 633 00d5 00       		.byte	0
 634 00d6 0B       		.uleb128 0xb
 635 00d7 0B       		.uleb128 0xb
 636 00d8 49       		.uleb128 0x49
 637 00d9 13       		.uleb128 0x13
 638 00da 00       		.byte	0
 639 00db 00       		.byte	0
 640 00dc 11       		.uleb128 0x11
 641 00dd 26       		.uleb128 0x26
 642 00de 00       		.byte	0
 643 00df 49       		.uleb128 0x49
 644 00e0 13       		.uleb128 0x13
 645 00e1 00       		.byte	0
 646 00e2 00       		.byte	0
 647 00e3 12       		.uleb128 0x12
 648 00e4 34       		.uleb128 0x34
 649 00e5 00       		.byte	0
 650 00e6 03       		.uleb128 0x3
 651 00e7 0E       		.uleb128 0xe
 652 00e8 3A       		.uleb128 0x3a
 653 00e9 0B       		.uleb128 0xb
 654 00ea 3B       		.uleb128 0x3b
 655 00eb 0B       		.uleb128 0xb
 656 00ec 49       		.uleb128 0x49
 657 00ed 13       		.uleb128 0x13
 658 00ee 3F       		.uleb128 0x3f
 659 00ef 19       		.uleb128 0x19
 660 00f0 3C       		.uleb128 0x3c
 661 00f1 19       		.uleb128 0x19
 662 00f2 00       		.byte	0
 663 00f3 00       		.byte	0
 664 00f4 13       		.uleb128 0x13
 665 00f5 34       		.uleb128 0x34
 666 00f6 00       		.byte	0
 667 00f7 03       		.uleb128 0x3
 668 00f8 0E       		.uleb128 0xe
 669 00f9 3A       		.uleb128 0x3a
 670 00fa 0B       		.uleb128 0xb
 671 00fb 3B       		.uleb128 0x3b
 672 00fc 05       		.uleb128 0x5
 673 00fd 49       		.uleb128 0x49
 674 00fe 13       		.uleb128 0x13
 675 00ff 3F       		.uleb128 0x3f
 676 0100 19       		.uleb128 0x19
 677 0101 3C       		.uleb128 0x3c
 678 0102 19       		.uleb128 0x19
 679 0103 00       		.byte	0
 680 0104 00       		.byte	0
 681 0105 14       		.uleb128 0x14
 682 0106 35       		.uleb128 0x35
 683 0107 00       		.byte	0
 684 0108 49       		.uleb128 0x49
 685 0109 13       		.uleb128 0x13
ARM GAS  C:\Users\DHEERA~1\AppData\Local\Temp\ccYKjulM.s 			page 14


 686 010a 00       		.byte	0
 687 010b 00       		.byte	0
 688 010c 15       		.uleb128 0x15
 689 010d 2E       		.uleb128 0x2e
 690 010e 00       		.byte	0
 691 010f 3F       		.uleb128 0x3f
 692 0110 19       		.uleb128 0x19
 693 0111 3C       		.uleb128 0x3c
 694 0112 19       		.uleb128 0x19
 695 0113 6E       		.uleb128 0x6e
 696 0114 0E       		.uleb128 0xe
 697 0115 03       		.uleb128 0x3
 698 0116 0E       		.uleb128 0xe
 699 0117 3A       		.uleb128 0x3a
 700 0118 0B       		.uleb128 0xb
 701 0119 3B       		.uleb128 0x3b
 702 011a 0B       		.uleb128 0xb
 703 011b 00       		.byte	0
 704 011c 00       		.byte	0
 705 011d 00       		.byte	0
 706              		.section	.debug_loc,"",%progbits
 707              	.Ldebug_loc0:
 708              	.LLST0:
 709 0000 00000000 		.4byte	.LVL0
 710 0004 0A000000 		.4byte	.LVL1
 711 0008 0100     		.2byte	0x1
 712 000a 50       		.byte	0x50
 713 000b 0A000000 		.4byte	.LVL1
 714 000f 10000000 		.4byte	.LVL3
 715 0013 0400     		.2byte	0x4
 716 0015 F3       		.byte	0xf3
 717 0016 01       		.uleb128 0x1
 718 0017 50       		.byte	0x50
 719 0018 9F       		.byte	0x9f
 720 0019 10000000 		.4byte	.LVL3
 721 001d 14000000 		.4byte	.LVL4
 722 0021 0100     		.2byte	0x1
 723 0023 50       		.byte	0x50
 724 0024 14000000 		.4byte	.LVL4
 725 0028 1C000000 		.4byte	.LFE110
 726 002c 0400     		.2byte	0x4
 727 002e F3       		.byte	0xf3
 728 002f 01       		.uleb128 0x1
 729 0030 50       		.byte	0x50
 730 0031 9F       		.byte	0x9f
 731 0032 00000000 		.4byte	0
 732 0036 00000000 		.4byte	0
 733              		.section	.debug_aranges,"",%progbits
 734 0000 1C000000 		.4byte	0x1c
 735 0004 0200     		.2byte	0x2
 736 0006 00000000 		.4byte	.Ldebug_info0
 737 000a 04       		.byte	0x4
 738 000b 00       		.byte	0
 739 000c 0000     		.2byte	0
 740 000e 0000     		.2byte	0
 741 0010 00000000 		.4byte	.LFB110
 742 0014 1C000000 		.4byte	.LFE110-.LFB110
ARM GAS  C:\Users\DHEERA~1\AppData\Local\Temp\ccYKjulM.s 			page 15


 743 0018 00000000 		.4byte	0
 744 001c 00000000 		.4byte	0
 745              		.section	.debug_ranges,"",%progbits
 746              	.Ldebug_ranges0:
 747 0000 00000000 		.4byte	.LFB110
 748 0004 1C000000 		.4byte	.LFE110
 749 0008 00000000 		.4byte	0
 750 000c 00000000 		.4byte	0
 751              		.section	.debug_line,"",%progbits
 752              	.Ldebug_line0:
 753 0000 23020000 		.section	.debug_str,"MS",%progbits,1
 753      02000A02 
 753      00000201 
 753      FB0E0D00 
 753      01010101 
 754              	.LASF37:
 755 0000 52435F45 		.ascii	"RC_ERROR_READ_ONLY\000"
 755      52524F52 
 755      5F524541 
 755      445F4F4E 
 755      4C5900
 756              	.LASF23:
 757 0013 52435F53 		.ascii	"RC_SUCCESS\000"
 757      55434345 
 757      535300
 758              	.LASF38:
 759 001e 52435F45 		.ascii	"RC_ERROR_WRITE_ONLY\000"
 759      52524F52 
 759      5F575249 
 759      54455F4F 
 759      4E4C5900 
 760              	.LASF2:
 761 0032 73686F72 		.ascii	"short int\000"
 761      7420696E 
 761      7400
 762              	.LASF29:
 763 003c 52435F45 		.ascii	"RC_ERROR_OVERRUN\000"
 763      52524F52 
 763      5F4F5645 
 763      5252554E 
 763      00
 764              	.LASF41:
 765 004d 52435F45 		.ascii	"RC_ERROR_WRITE_FAILS\000"
 765      52524F52 
 765      5F575249 
 765      54455F46 
 765      41494C53 
 766              	.LASF22:
 767 0062 73697A65 		.ascii	"sizetype\000"
 767      74797065 
 767      00
 768              	.LASF26:
 769 006b 52435F45 		.ascii	"RC_ERROR_ZERO\000"
 769      52524F52 
 769      5F5A4552 
 769      4F00
 770              	.LASF20:
ARM GAS  C:\Users\DHEERA~1\AppData\Local\Temp\ccYKjulM.s 			page 16


 771 0079 45455F46 		.ascii	"EE_FREG\000"
 771      52454700 
 772              	.LASF40:
 773 0081 52435F45 		.ascii	"RC_ERROR_READ_FAILS\000"
 773      52524F52 
 773      5F524541 
 773      445F4641 
 773      494C5300 
 774              	.LASF18:
 775 0095 45455F55 		.ascii	"EE_UINT32\000"
 775      494E5433 
 775      3200
 776              	.LASF21:
 777 009f 45455F54 		.ascii	"EE_TID\000"
 777      494400
 778              	.LASF56:
 779 00a6 654C4544 		.ascii	"eLED_ONOFF\000"
 779      5F4F4E4F 
 779      464600
 780              	.LASF11:
 781 00b1 75696E74 		.ascii	"uint8_t\000"
 781      385F7400 
 782              	.LASF46:
 783 00b9 52435F45 		.ascii	"RC_ERROR_INVALID_STATE\000"
 783      52524F52 
 783      5F494E56 
 783      414C4944 
 783      5F535441 
 784              	.LASF63:
 785 00d0 45455F49 		.ascii	"EE_IRQ_nesting_level\000"
 785      52515F6E 
 785      65737469 
 785      6E675F6C 
 785      6576656C 
 786              	.LASF62:
 787 00e5 45455F73 		.ascii	"EE_std_endcycle_next_tid\000"
 787      74645F65 
 787      6E646379 
 787      636C655F 
 787      6E657874 
 788              	.LASF28:
 789 00fe 52435F45 		.ascii	"RC_ERROR_RANGE\000"
 789      52524F52 
 789      5F52414E 
 789      474500
 790              	.LASF19:
 791 010d 45455F55 		.ascii	"EE_UREG\000"
 791      52454700 
 792              	.LASF13:
 793 0115 666C6F61 		.ascii	"float\000"
 793      7400
 794              	.LASF48:
 795 011b 52435F45 		.ascii	"RC_ERROR_NOT_IMPLEMENTED\000"
 795      52524F52 
 795      5F4E4F54 
 795      5F494D50 
 795      4C454D45 
ARM GAS  C:\Users\DHEERA~1\AppData\Local\Temp\ccYKjulM.s 			page 17


 796              	.LASF8:
 797 0134 6C6F6E67 		.ascii	"long long int\000"
 797      206C6F6E 
 797      6720696E 
 797      7400
 798              	.LASF55:
 799 0142 654C4544 		.ascii	"eLED_id\000"
 799      5F696400 
 800              	.LASF60:
 801 014a 45455F6F 		.ascii	"EE_oo_IRQ_suspend_status\000"
 801      6F5F4952 
 801      515F7375 
 801      7370656E 
 801      645F7374 
 802              	.LASF42:
 803 0163 52435F45 		.ascii	"RC_ERROR_NOT_MATCH\000"
 803      52524F52 
 803      5F4E4F54 
 803      5F4D4154 
 803      434800
 804              	.LASF47:
 805 0176 52435F45 		.ascii	"RC_ERROR_UNKNOWN\000"
 805      52524F52 
 805      5F554E4B 
 805      4E4F574E 
 805      00
 806              	.LASF6:
 807 0187 6C6F6E67 		.ascii	"long int\000"
 807      20696E74 
 807      00
 808              	.LASF30:
 809 0190 52435F45 		.ascii	"RC_ERROR_UNDERRUN\000"
 809      52524F52 
 809      5F554E44 
 809      45525255 
 809      4E00
 810              	.LASF33:
 811 01a2 52435F45 		.ascii	"RC_ERROR_BUSY\000"
 811      52524F52 
 811      5F425553 
 811      5900
 812              	.LASF4:
 813 01b0 5F5F7569 		.ascii	"__uint8_t\000"
 813      6E74385F 
 813      7400
 814              	.LASF39:
 815 01ba 52435F45 		.ascii	"RC_ERROR_INVALID\000"
 815      52524F52 
 815      5F494E56 
 815      414C4944 
 815      00
 816              	.LASF44:
 817 01cb 52435F45 		.ascii	"RC_ERROR_BAD_DATA\000"
 817      52524F52 
 817      5F424144 
 817      5F444154 
 817      4100
ARM GAS  C:\Users\DHEERA~1\AppData\Local\Temp\ccYKjulM.s 			page 18


 818              	.LASF16:
 819 01dd 6C6F6E67 		.ascii	"long double\000"
 819      20646F75 
 819      626C6500 
 820              	.LASF1:
 821 01e9 756E7369 		.ascii	"unsigned char\000"
 821      676E6564 
 821      20636861 
 821      7200
 822              	.LASF69:
 823 01f7 53435F42 		.ascii	"SC_BRAKELIGHT_driverOut\000"
 823      52414B45 
 823      4C494748 
 823      545F6472 
 823      69766572 
 824              	.LASF0:
 825 020f 7369676E 		.ascii	"signed char\000"
 825      65642063 
 825      68617200 
 826              	.LASF9:
 827 021b 6C6F6E67 		.ascii	"long long unsigned int\000"
 827      206C6F6E 
 827      6720756E 
 827      7369676E 
 827      65642069 
 828              	.LASF58:
 829 0232 4C45445F 		.ascii	"LED_ON\000"
 829      4F4E00
 830              	.LASF10:
 831 0239 756E7369 		.ascii	"unsigned int\000"
 831      676E6564 
 831      20696E74 
 831      00
 832              	.LASF35:
 833 0246 52435F45 		.ascii	"RC_ERROR_OPEN\000"
 833      52524F52 
 833      5F4F5045 
 833      4E00
 834              	.LASF68:
 835 0254 6272616B 		.ascii	"brakeLight\000"
 835      654C6967 
 835      687400
 836              	.LASF57:
 837 025f 4C45445F 		.ascii	"LED_OFF\000"
 837      4F464600 
 838              	.LASF52:
 839 0267 4C45445F 		.ascii	"LED_YELLOW\000"
 839      59454C4C 
 839      4F5700
 840              	.LASF25:
 841 0272 52435F45 		.ascii	"RC_ERROR_NULL\000"
 841      52524F52 
 841      5F4E554C 
 841      4C00
 842              	.LASF32:
 843 0280 52435F45 		.ascii	"RC_ERROR_BUFFER_EMTPY\000"
 843      52524F52 
ARM GAS  C:\Users\DHEERA~1\AppData\Local\Temp\ccYKjulM.s 			page 19


 843      5F425546 
 843      4645525F 
 843      454D5450 
 844              	.LASF17:
 845 0296 45455F49 		.ascii	"EE_INT32\000"
 845      4E543332 
 845      00
 846              	.LASF50:
 847 029f 53435F42 		.ascii	"SC_BRAKELIGHT_data_t\000"
 847      52414B45 
 847      4C494748 
 847      545F6461 
 847      74615F74 
 848              	.LASF3:
 849 02b4 73686F72 		.ascii	"short unsigned int\000"
 849      7420756E 
 849      7369676E 
 849      65642069 
 849      6E7400
 850              	.LASF65:
 851 02c7 474E5520 		.ascii	"GNU C11 5.4.1 20160609 (release) [ARM/embedded-5-br"
 851      43313120 
 851      352E342E 
 851      31203230 
 851      31363036 
 852 02fa 616E6368 		.ascii	"anch revision 237715] -mcpu=cortex-m3 -mthumb -g -O"
 852      20726576 
 852      6973696F 
 852      6E203233 
 852      37373135 
 853 032d 67202D66 		.ascii	"g -ffunction-sections -ffat-lto-objects\000"
 853      66756E63 
 853      74696F6E 
 853      2D736563 
 853      74696F6E 
 854              	.LASF15:
 855 0355 63686172 		.ascii	"char\000"
 855      00
 856              	.LASF31:
 857 035a 52435F45 		.ascii	"RC_ERROR_BUFFER_FULL\000"
 857      52524F52 
 857      5F425546 
 857      4645525F 
 857      46554C4C 
 858              	.LASF12:
 859 036f 696E7433 		.ascii	"int32_t\000"
 859      325F7400 
 860              	.LASF43:
 861 0377 52435F45 		.ascii	"RC_ERROR_BAD_PARAM\000"
 861      52524F52 
 861      5F424144 
 861      5F504152 
 861      414D00
 862              	.LASF53:
 863 038a 4C45445F 		.ascii	"LED_GREEN\000"
 863      47524545 
 863      4E00
ARM GAS  C:\Users\DHEERA~1\AppData\Local\Temp\ccYKjulM.s 			page 20


 864              	.LASF70:
 865 0394 64617461 		.ascii	"data\000"
 865      00
 866              	.LASF61:
 867 0399 45455F41 		.ascii	"EE_ApplicationMode\000"
 867      70706C69 
 867      63617469 
 867      6F6E4D6F 
 867      646500
 868              	.LASF7:
 869 03ac 6C6F6E67 		.ascii	"long unsigned int\000"
 869      20756E73 
 869      69676E65 
 869      6420696E 
 869      7400
 870              	.LASF14:
 871 03be 646F7562 		.ascii	"double\000"
 871      6C6500
 872              	.LASF36:
 873 03c5 52435F45 		.ascii	"RC_ERROR_CHECKSUM\000"
 873      52524F52 
 873      5F434845 
 873      434B5355 
 873      4D00
 874              	.LASF67:
 875 03d7 443A5C4D 		.ascii	"D:\\MS\\HDA\\Embedded\\Second_sem\\EAA\\Assignment1"
 875      535C4844 
 875      415C456D 
 875      62656464 
 875      65645C53 
 876 0404 5C456C65 		.ascii	"\\Electronic_Gaspedal\\Design01.cydsn\000"
 876      6374726F 
 876      6E69635F 
 876      47617370 
 876      6564616C 
 877              	.LASF54:
 878 0428 4C45445F 		.ascii	"LED_ALL\000"
 878      414C4C00 
 879              	.LASF5:
 880 0430 5F5F696E 		.ascii	"__int32_t\000"
 880      7433325F 
 880      7400
 881              	.LASF71:
 882 043a 4C45445F 		.ascii	"LED_Set\000"
 882      53657400 
 883              	.LASF66:
 884 0442 736F7572 		.ascii	"sources\\rte\\sc_brakelight_type.c\000"
 884      6365735C 
 884      7274655C 
 884      73635F62 
 884      72616B65 
 885              	.LASF45:
 886 0463 52435F45 		.ascii	"RC_ERROR_CANCELED\000"
 886      52524F52 
 886      5F43414E 
 886      43454C45 
 886      4400
ARM GAS  C:\Users\DHEERA~1\AppData\Local\Temp\ccYKjulM.s 			page 21


 887              	.LASF64:
 888 0475 49544D5F 		.ascii	"ITM_RxBuffer\000"
 888      52784275 
 888      66666572 
 888      00
 889              	.LASF24:
 890 0482 52435F45 		.ascii	"RC_ERROR\000"
 890      52524F52 
 890      00
 891              	.LASF51:
 892 048b 4C45445F 		.ascii	"LED_RED\000"
 892      52454400 
 893              	.LASF27:
 894 0493 52435F45 		.ascii	"RC_ERROR_MEMORY\000"
 894      52524F52 
 894      5F4D454D 
 894      4F525900 
 895              	.LASF59:
 896 04a3 45455F6F 		.ascii	"EE_oo_IRQ_disable_count\000"
 896      6F5F4952 
 896      515F6469 
 896      7361626C 
 896      655F636F 
 897              	.LASF49:
 898 04bb 52435F74 		.ascii	"RC_t\000"
 898      00
 899              	.LASF34:
 900 04c0 52435F45 		.ascii	"RC_ERROR_TIME_OUT\000"
 900      52524F52 
 900      5F54494D 
 900      455F4F55 
 900      5400
 901              		.ident	"GCC: (GNU Tools for ARM Embedded Processors) 5.4.1 20160609 (release) [ARM/embedded-5-bran
