ARM GAS  C:\Users\DHEERA~1\AppData\Local\Temp\ccMem3rU.s 			page 1


   1              		.syntax unified
   2              		.cpu cortex-m3
   3              		.fpu softvfp
   4              		.eabi_attribute 20, 1
   5              		.eabi_attribute 21, 1
   6              		.eabi_attribute 23, 3
   7              		.eabi_attribute 24, 1
   8              		.eabi_attribute 25, 1
   9              		.eabi_attribute 26, 1
  10              		.eabi_attribute 30, 1
  11              		.eabi_attribute 34, 1
  12              		.eabi_attribute 18, 4
  13              		.thumb
  14              		.syntax unified
  15              		.file	"sc_engine_type.c"
  16              		.text
  17              	.Ltext0:
  18              		.cfi_sections	.debug_frame
  19              		.section	.text.SC_ENGINE_driverOut,"ax",%progbits
  20              		.align	2
  21              		.global	SC_ENGINE_driverOut
  22              		.thumb
  23              		.thumb_func
  24              		.type	SC_ENGINE_driverOut, %function
  25              	SC_ENGINE_driverOut:
  26              	.LFB110:
  27              		.file 1 "sources\\rte\\sc_engine_type.c"
   1:sources\rte/sc_engine_type.c **** /*
   2:sources\rte/sc_engine_type.c ****  * Filename: sc_engine_type.c
   3:sources\rte/sc_engine_type.c ****  *
   4:sources\rte/sc_engine_type.c ****  * Author: Autogenerated by H-DA RTE Generator, (c) Prof. Fromm
   5:sources\rte/sc_engine_type.c ****  *
   6:sources\rte/sc_engine_type.c ****  * description: Signalclass
   7:sources\rte/sc_engine_type.c ****  * name: sc_engine
   8:sources\rte/sc_engine_type.c ****  * shortname: engine
   9:sources\rte/sc_engine_type.c ****  *
  10:sources\rte/sc_engine_type.c ****  */
  11:sources\rte/sc_engine_type.c **** 
  12:sources\rte/sc_engine_type.c **** #include "project.h"
  13:sources\rte/sc_engine_type.c **** #include "global.h"
  14:sources\rte/sc_engine_type.c **** #include "rte.h"
  15:sources\rte/sc_engine_type.c **** #include "rte_types.h"
  16:sources\rte/sc_engine_type.c **** #include "sc_engine_type.h"
  17:sources\rte/sc_engine_type.c **** 
  18:sources\rte/sc_engine_type.c **** #include "led.h"
  19:sources\rte/sc_engine_type.c **** 
  20:sources\rte/sc_engine_type.c **** 
  21:sources\rte/sc_engine_type.c **** 
  22:sources\rte/sc_engine_type.c **** /* USER CODE START SC_ENGINE_INCLUDE */
  23:sources\rte/sc_engine_type.c **** 
  24:sources\rte/sc_engine_type.c **** /* USER CODE END SC_ENGINE_INCLUDE */
  25:sources\rte/sc_engine_type.c **** 
  26:sources\rte/sc_engine_type.c **** 
  27:sources\rte/sc_engine_type.c **** 
  28:sources\rte/sc_engine_type.c **** 
  29:sources\rte/sc_engine_type.c **** /* USER CODE START SC_ENGINE_USERDEFINITIONS */
  30:sources\rte/sc_engine_type.c **** 
ARM GAS  C:\Users\DHEERA~1\AppData\Local\Temp\ccMem3rU.s 			page 2


  31:sources\rte/sc_engine_type.c **** /* USER CODE END SC_ENGINE_USERDEFINITIONS */
  32:sources\rte/sc_engine_type.c **** 
  33:sources\rte/sc_engine_type.c **** 
  34:sources\rte/sc_engine_type.c **** /*****************************************************************************************
  35:sources\rte/sc_engine_type.c ****  *************** Port Wrapper Implementation for SC_ENGINE signal  ****************
  36:sources\rte/sc_engine_type.c ****  *****************************************************************************************/
  37:sources\rte/sc_engine_type.c ****  
  38:sources\rte/sc_engine_type.c ****  
  39:sources\rte/sc_engine_type.c **** /**
  40:sources\rte/sc_engine_type.c ****  * Default OUT driver API
  41:sources\rte/sc_engine_type.c ****  */
  42:sources\rte/sc_engine_type.c **** inline RC_t SC_ENGINE_driverOut(const SC_ENGINE_data_t  *const data)
  43:sources\rte/sc_engine_type.c **** {
  28              		.loc 1 43 0
  29              		.cfi_startproc
  30              		@ args = 0, pretend = 0, frame = 0
  31              		@ frame_needed = 0, uses_anonymous_args = 0
  32              	.LVL0:
  33 0000 08B5     		push	{r3, lr}
  34              		.cfi_def_cfa_offset 8
  35              		.cfi_offset 3, -8
  36              		.cfi_offset 14, -4
  44:sources\rte/sc_engine_type.c **** 	/* USER CODE START driverOutSC_ENGINE */
  45:sources\rte/sc_engine_type.c ****     if(data->engineSpeed > 0)
  37              		.loc 1 45 0
  38 0002 0178     		ldrb	r1, [r0]	@ zero_extendqisi2
  39 0004 21B1     		cbz	r1, .L2
  40              	.LVL1:
  41              	.LBB2:
  46:sources\rte/sc_engine_type.c ****     {
  47:sources\rte/sc_engine_type.c ****         uint8_t greenChannel = data->engineSpeed;
  48:sources\rte/sc_engine_type.c ****         LED_RGB_Set(0,greenChannel,0);
  42              		.loc 1 48 0
  43 0006 0022     		movs	r2, #0
  44 0008 1046     		mov	r0, r2
  45              	.LVL2:
  46 000a FFF7FEFF 		bl	LED_RGB_Set
  47              	.LVL3:
  48              	.LBE2:
  49 000e 04E0     		b	.L3
  50              	.LVL4:
  51              	.L2:
  49:sources\rte/sc_engine_type.c ****     }
  50:sources\rte/sc_engine_type.c ****     else
  51:sources\rte/sc_engine_type.c ****     {
  52:sources\rte/sc_engine_type.c ****         LED_RGB_Set(0, 0, 0);
  52              		.loc 1 52 0
  53 0010 0022     		movs	r2, #0
  54 0012 1146     		mov	r1, r2
  55 0014 1046     		mov	r0, r2
  56              	.LVL5:
  57 0016 FFF7FEFF 		bl	LED_RGB_Set
  58              	.LVL6:
  59              	.L3:
  53:sources\rte/sc_engine_type.c ****     }
  54:sources\rte/sc_engine_type.c **** 
  55:sources\rte/sc_engine_type.c **** 	return RC_SUCCESS;
ARM GAS  C:\Users\DHEERA~1\AppData\Local\Temp\ccMem3rU.s 			page 3


  56:sources\rte/sc_engine_type.c **** 	/* USER CODE END driverOutSC_ENGINE */
  57:sources\rte/sc_engine_type.c **** }
  60              		.loc 1 57 0
  61 001a 0020     		movs	r0, #0
  62 001c 08BD     		pop	{r3, pc}
  63              		.cfi_endproc
  64              	.LFE110:
  65              		.size	SC_ENGINE_driverOut, .-SC_ENGINE_driverOut
  66 001e 00BF     		.text
  67              	.Letext0:
  68              		.file 2 "d:\\psoc creator\\4.4\\psoc creator\\import\\gnu\\arm\\5.4.1\\arm-none-eabi\\include\\mac
  69              		.file 3 "d:\\psoc creator\\4.4\\psoc creator\\import\\gnu\\arm\\5.4.1\\arm-none-eabi\\include\\sys
  70              		.file 4 "Generated_Source\\PSoC5/ErikaOS_1_common_ee_types.inc"
  71              		.file 5 "Generated_Source\\PSoC5/ErikaOS_1_cortex_mx_ee_cpu.inc"
  72              		.file 6 ".\\sources\\bsw/global.h"
  73              		.file 7 "sources\\rte\\sc_engine_type.h"
  74              		.file 8 "Generated_Source\\PSoC5/ErikaOS_1_ee_oo_intfunc.inc"
  75              		.file 9 "Generated_Source\\PSoC5/ErikaOS_1_cortex_mx_ee_context.inc"
  76              		.file 10 "Generated_Source\\PSoC5/ErikaOS_1_common_ee_primitives.inc"
  77              		.file 11 "Generated_Source\\PSoC5/core_cm3.h"
  78              		.file 12 ".\\sources\\bsw/led.h"
  79              		.section	.debug_info,"",%progbits
  80              	.Ldebug_info0:
  81 0000 98020000 		.4byte	0x298
  82 0004 0400     		.2byte	0x4
  83 0006 00000000 		.4byte	.Ldebug_abbrev0
  84 000a 04       		.byte	0x4
  85 000b 01       		.uleb128 0x1
  86 000c BF020000 		.4byte	.LASF57
  87 0010 0C       		.byte	0xc
  88 0011 62020000 		.4byte	.LASF58
  89 0015 BE030000 		.4byte	.LASF59
  90 0019 00000000 		.4byte	.Ldebug_ranges0+0
  91 001d 00000000 		.4byte	0
  92 0021 00000000 		.4byte	.Ldebug_line0
  93 0025 02       		.uleb128 0x2
  94 0026 01       		.byte	0x1
  95 0027 06       		.byte	0x6
  96 0028 24020000 		.4byte	.LASF0
  97 002c 03       		.uleb128 0x3
  98 002d CA010000 		.4byte	.LASF4
  99 0031 02       		.byte	0x2
 100 0032 1D       		.byte	0x1d
 101 0033 37000000 		.4byte	0x37
 102 0037 02       		.uleb128 0x2
 103 0038 01       		.byte	0x1
 104 0039 08       		.byte	0x8
 105 003a 03020000 		.4byte	.LASF1
 106 003e 02       		.uleb128 0x2
 107 003f 02       		.byte	0x2
 108 0040 05       		.byte	0x5
 109 0041 32000000 		.4byte	.LASF2
 110 0045 02       		.uleb128 0x2
 111 0046 02       		.byte	0x2
 112 0047 07       		.byte	0x7
 113 0048 AC020000 		.4byte	.LASF3
 114 004c 03       		.uleb128 0x3
ARM GAS  C:\Users\DHEERA~1\AppData\Local\Temp\ccMem3rU.s 			page 4


 115 004d 0F040000 		.4byte	.LASF5
 116 0051 02       		.byte	0x2
 117 0052 3F       		.byte	0x3f
 118 0053 57000000 		.4byte	0x57
 119 0057 02       		.uleb128 0x2
 120 0058 04       		.byte	0x4
 121 0059 05       		.byte	0x5
 122 005a A1010000 		.4byte	.LASF6
 123 005e 02       		.uleb128 0x2
 124 005f 04       		.byte	0x4
 125 0060 07       		.byte	0x7
 126 0061 93030000 		.4byte	.LASF7
 127 0065 02       		.uleb128 0x2
 128 0066 08       		.byte	0x8
 129 0067 05       		.byte	0x5
 130 0068 48010000 		.4byte	.LASF8
 131 006c 02       		.uleb128 0x2
 132 006d 08       		.byte	0x8
 133 006e 07       		.byte	0x7
 134 006f 30020000 		.4byte	.LASF9
 135 0073 04       		.uleb128 0x4
 136 0074 04       		.byte	0x4
 137 0075 05       		.byte	0x5
 138 0076 696E7400 		.ascii	"int\000"
 139 007a 02       		.uleb128 0x2
 140 007b 04       		.byte	0x4
 141 007c 07       		.byte	0x7
 142 007d 47020000 		.4byte	.LASF10
 143 0081 03       		.uleb128 0x3
 144 0082 C5000000 		.4byte	.LASF11
 145 0086 03       		.byte	0x3
 146 0087 18       		.byte	0x18
 147 0088 2C000000 		.4byte	0x2c
 148 008c 03       		.uleb128 0x3
 149 008d 67030000 		.4byte	.LASF12
 150 0091 03       		.byte	0x3
 151 0092 2C       		.byte	0x2c
 152 0093 4C000000 		.4byte	0x4c
 153 0097 02       		.uleb128 0x2
 154 0098 04       		.byte	0x4
 155 0099 04       		.byte	0x4
 156 009a 29010000 		.4byte	.LASF13
 157 009e 02       		.uleb128 0x2
 158 009f 08       		.byte	0x8
 159 00a0 04       		.byte	0x4
 160 00a1 A5030000 		.4byte	.LASF14
 161 00a5 02       		.uleb128 0x2
 162 00a6 01       		.byte	0x1
 163 00a7 08       		.byte	0x8
 164 00a8 4D030000 		.4byte	.LASF15
 165 00ac 02       		.uleb128 0x2
 166 00ad 08       		.byte	0x8
 167 00ae 04       		.byte	0x4
 168 00af F7010000 		.4byte	.LASF16
 169 00b3 03       		.uleb128 0x3
 170 00b4 A3020000 		.4byte	.LASF17
 171 00b8 04       		.byte	0x4
ARM GAS  C:\Users\DHEERA~1\AppData\Local\Temp\ccMem3rU.s 			page 5


 172 00b9 53       		.byte	0x53
 173 00ba 73000000 		.4byte	0x73
 174 00be 03       		.uleb128 0x3
 175 00bf B4000000 		.4byte	.LASF18
 176 00c3 04       		.byte	0x4
 177 00c4 54       		.byte	0x54
 178 00c5 7A000000 		.4byte	0x7a
 179 00c9 03       		.uleb128 0x3
 180 00ca 21010000 		.4byte	.LASF19
 181 00ce 05       		.byte	0x5
 182 00cf 4D       		.byte	0x4d
 183 00d0 BE000000 		.4byte	0xbe
 184 00d4 03       		.uleb128 0x3
 185 00d5 84000000 		.4byte	.LASF20
 186 00d9 05       		.byte	0x5
 187 00da 4F       		.byte	0x4f
 188 00db BE000000 		.4byte	0xbe
 189 00df 03       		.uleb128 0x3
 190 00e0 BE000000 		.4byte	.LASF21
 191 00e4 05       		.byte	0x5
 192 00e5 78       		.byte	0x78
 193 00e6 B3000000 		.4byte	0xb3
 194 00ea 02       		.uleb128 0x2
 195 00eb 04       		.byte	0x4
 196 00ec 07       		.byte	0x7
 197 00ed 62000000 		.4byte	.LASF22
 198 00f1 05       		.uleb128 0x5
 199 00f2 01       		.byte	0x1
 200 00f3 25000000 		.4byte	0x25
 201 00f7 06       		.byte	0x6
 202 00f8 CF       		.byte	0xcf
 203 00f9 9A010000 		.4byte	0x19a
 204 00fd 06       		.uleb128 0x6
 205 00fe 13000000 		.4byte	.LASF23
 206 0102 00       		.byte	0
 207 0103 07       		.uleb128 0x7
 208 0104 49040000 		.4byte	.LASF24
 209 0108 7F       		.sleb128 -1
 210 0109 07       		.uleb128 0x7
 211 010a 7F020000 		.4byte	.LASF25
 212 010e 7E       		.sleb128 -2
 213 010f 07       		.uleb128 0x7
 214 0110 93010000 		.4byte	.LASF26
 215 0114 7D       		.sleb128 -3
 216 0115 07       		.uleb128 0x7
 217 0116 52040000 		.4byte	.LASF27
 218 011a 7C       		.sleb128 -4
 219 011b 07       		.uleb128 0x7
 220 011c 12010000 		.4byte	.LASF28
 221 0120 7B       		.sleb128 -5
 222 0121 07       		.uleb128 0x7
 223 0122 3C000000 		.4byte	.LASF29
 224 0126 7A       		.sleb128 -6
 225 0127 07       		.uleb128 0x7
 226 0128 AA010000 		.4byte	.LASF30
 227 012c 79       		.sleb128 -7
 228 012d 07       		.uleb128 0x7
ARM GAS  C:\Users\DHEERA~1\AppData\Local\Temp\ccMem3rU.s 			page 6


 229 012e 52030000 		.4byte	.LASF31
 230 0132 78       		.sleb128 -8
 231 0133 07       		.uleb128 0x7
 232 0134 8D020000 		.4byte	.LASF32
 233 0138 77       		.sleb128 -9
 234 0139 07       		.uleb128 0x7
 235 013a BC010000 		.4byte	.LASF33
 236 013e 76       		.sleb128 -10
 237 013f 07       		.uleb128 0x7
 238 0140 7F040000 		.4byte	.LASF34
 239 0144 75       		.sleb128 -11
 240 0145 07       		.uleb128 0x7
 241 0146 54020000 		.4byte	.LASF35
 242 014a 74       		.sleb128 -12
 243 014b 07       		.uleb128 0x7
 244 014c AC030000 		.4byte	.LASF36
 245 0150 73       		.sleb128 -13
 246 0151 07       		.uleb128 0x7
 247 0152 00000000 		.4byte	.LASF37
 248 0156 72       		.sleb128 -14
 249 0157 07       		.uleb128 0x7
 250 0158 1E000000 		.4byte	.LASF38
 251 015c 71       		.sleb128 -15
 252 015d 07       		.uleb128 0x7
 253 015e D4010000 		.4byte	.LASF39
 254 0162 70       		.sleb128 -16
 255 0163 07       		.uleb128 0x7
 256 0164 8C000000 		.4byte	.LASF40
 257 0168 6F       		.sleb128 -17
 258 0169 07       		.uleb128 0x7
 259 016a 4D000000 		.4byte	.LASF41
 260 016e 6E       		.sleb128 -18
 261 016f 07       		.uleb128 0x7
 262 0170 6F010000 		.4byte	.LASF42
 263 0174 6D       		.sleb128 -19
 264 0175 07       		.uleb128 0x7
 265 0176 11020000 		.4byte	.LASF43
 266 017a 6C       		.sleb128 -20
 267 017b 07       		.uleb128 0x7
 268 017c E5010000 		.4byte	.LASF44
 269 0180 6B       		.sleb128 -21
 270 0181 07       		.uleb128 0x7
 271 0182 19040000 		.4byte	.LASF45
 272 0186 6A       		.sleb128 -22
 273 0187 07       		.uleb128 0x7
 274 0188 CD000000 		.4byte	.LASF46
 275 018c 69       		.sleb128 -23
 276 018d 07       		.uleb128 0x7
 277 018e 82010000 		.4byte	.LASF47
 278 0192 68       		.sleb128 -24
 279 0193 07       		.uleb128 0x7
 280 0194 2F010000 		.4byte	.LASF48
 281 0198 67       		.sleb128 -25
 282 0199 00       		.byte	0
 283 019a 03       		.uleb128 0x3
 284 019b 7A040000 		.4byte	.LASF49
 285 019f 06       		.byte	0x6
ARM GAS  C:\Users\DHEERA~1\AppData\Local\Temp\ccMem3rU.s 			page 7


 286 01a0 EA       		.byte	0xea
 287 01a1 F1000000 		.4byte	0xf1
 288 01a5 08       		.uleb128 0x8
 289 01a6 01       		.byte	0x1
 290 01a7 07       		.byte	0x7
 291 01a8 21       		.byte	0x21
 292 01a9 BA010000 		.4byte	0x1ba
 293 01ad 09       		.uleb128 0x9
 294 01ae 78000000 		.4byte	.LASF60
 295 01b2 07       		.byte	0x7
 296 01b3 23       		.byte	0x23
 297 01b4 81000000 		.4byte	0x81
 298 01b8 00       		.byte	0
 299 01b9 00       		.byte	0
 300 01ba 03       		.uleb128 0x3
 301 01bb 2B040000 		.4byte	.LASF50
 302 01bf 07       		.byte	0x7
 303 01c0 26       		.byte	0x26
 304 01c1 A5010000 		.4byte	0x1a5
 305 01c5 0A       		.uleb128 0xa
 306 01c6 A0000000 		.4byte	.LASF61
 307 01ca 01       		.byte	0x1
 308 01cb 2A       		.byte	0x2a
 309 01cc 9A010000 		.4byte	0x19a
 310 01d0 00000000 		.4byte	.LFB110
 311 01d4 1E000000 		.4byte	.LFE110-.LFB110
 312 01d8 01       		.uleb128 0x1
 313 01d9 9C       		.byte	0x9c
 314 01da 38020000 		.4byte	0x238
 315 01de 0B       		.uleb128 0xb
 316 01df 7B030000 		.4byte	.LASF62
 317 01e3 01       		.byte	0x1
 318 01e4 2A       		.byte	0x2a
 319 01e5 43020000 		.4byte	0x243
 320 01e9 00000000 		.4byte	.LLST0
 321 01ed 0C       		.uleb128 0xc
 322 01ee 06000000 		.4byte	.LBB2
 323 01f2 08000000 		.4byte	.LBE2-.LBB2
 324 01f6 1E020000 		.4byte	0x21e
 325 01fa 0D       		.uleb128 0xd
 326 01fb 6B000000 		.4byte	.LASF63
 327 01ff 01       		.byte	0x1
 328 0200 2F       		.byte	0x2f
 329 0201 81000000 		.4byte	0x81
 330 0205 3A000000 		.4byte	.LLST1
 331 0209 0E       		.uleb128 0xe
 332 020a 0E000000 		.4byte	.LVL3
 333 020e 90020000 		.4byte	0x290
 334 0212 0F       		.uleb128 0xf
 335 0213 01       		.uleb128 0x1
 336 0214 50       		.byte	0x50
 337 0215 01       		.uleb128 0x1
 338 0216 30       		.byte	0x30
 339 0217 0F       		.uleb128 0xf
 340 0218 01       		.uleb128 0x1
 341 0219 52       		.byte	0x52
 342 021a 01       		.uleb128 0x1
ARM GAS  C:\Users\DHEERA~1\AppData\Local\Temp\ccMem3rU.s 			page 8


 343 021b 30       		.byte	0x30
 344 021c 00       		.byte	0
 345 021d 00       		.byte	0
 346 021e 0E       		.uleb128 0xe
 347 021f 1A000000 		.4byte	.LVL6
 348 0223 90020000 		.4byte	0x290
 349 0227 0F       		.uleb128 0xf
 350 0228 01       		.uleb128 0x1
 351 0229 50       		.byte	0x50
 352 022a 01       		.uleb128 0x1
 353 022b 30       		.byte	0x30
 354 022c 0F       		.uleb128 0xf
 355 022d 01       		.uleb128 0x1
 356 022e 51       		.byte	0x51
 357 022f 01       		.uleb128 0x1
 358 0230 30       		.byte	0x30
 359 0231 0F       		.uleb128 0xf
 360 0232 01       		.uleb128 0x1
 361 0233 52       		.byte	0x52
 362 0234 01       		.uleb128 0x1
 363 0235 30       		.byte	0x30
 364 0236 00       		.byte	0
 365 0237 00       		.byte	0
 366 0238 10       		.uleb128 0x10
 367 0239 04       		.byte	0x4
 368 023a 3E020000 		.4byte	0x23e
 369 023e 11       		.uleb128 0x11
 370 023f BA010000 		.4byte	0x1ba
 371 0243 11       		.uleb128 0x11
 372 0244 38020000 		.4byte	0x238
 373 0248 12       		.uleb128 0x12
 374 0249 62040000 		.4byte	.LASF51
 375 024d 08       		.byte	0x8
 376 024e 40       		.byte	0x40
 377 024f C9000000 		.4byte	0xc9
 378 0253 12       		.uleb128 0x12
 379 0254 56010000 		.4byte	.LASF52
 380 0258 08       		.byte	0x8
 381 0259 47       		.byte	0x47
 382 025a D4000000 		.4byte	0xd4
 383 025e 12       		.uleb128 0x12
 384 025f 80030000 		.4byte	.LASF53
 385 0263 08       		.byte	0x8
 386 0264 4A       		.byte	0x4a
 387 0265 C9000000 		.4byte	0xc9
 388 0269 12       		.uleb128 0x12
 389 026a F9000000 		.4byte	.LASF54
 390 026e 09       		.byte	0x9
 391 026f 48       		.byte	0x48
 392 0270 DF000000 		.4byte	0xdf
 393 0274 12       		.uleb128 0x12
 394 0275 E4000000 		.4byte	.LASF55
 395 0279 0A       		.byte	0xa
 396 027a 44       		.byte	0x44
 397 027b C9000000 		.4byte	0xc9
 398 027f 13       		.uleb128 0x13
 399 0280 3C040000 		.4byte	.LASF56
ARM GAS  C:\Users\DHEERA~1\AppData\Local\Temp\ccMem3rU.s 			page 9


 400 0284 0B       		.byte	0xb
 401 0285 1207     		.2byte	0x712
 402 0287 8B020000 		.4byte	0x28b
 403 028b 14       		.uleb128 0x14
 404 028c 8C000000 		.4byte	0x8c
 405 0290 15       		.uleb128 0x15
 406 0291 6F030000 		.4byte	.LASF64
 407 0295 6F030000 		.4byte	.LASF64
 408 0299 0C       		.byte	0xc
 409 029a A5       		.byte	0xa5
 410 029b 00       		.byte	0
 411              		.section	.debug_abbrev,"",%progbits
 412              	.Ldebug_abbrev0:
 413 0000 01       		.uleb128 0x1
 414 0001 11       		.uleb128 0x11
 415 0002 01       		.byte	0x1
 416 0003 25       		.uleb128 0x25
 417 0004 0E       		.uleb128 0xe
 418 0005 13       		.uleb128 0x13
 419 0006 0B       		.uleb128 0xb
 420 0007 03       		.uleb128 0x3
 421 0008 0E       		.uleb128 0xe
 422 0009 1B       		.uleb128 0x1b
 423 000a 0E       		.uleb128 0xe
 424 000b 55       		.uleb128 0x55
 425 000c 17       		.uleb128 0x17
 426 000d 11       		.uleb128 0x11
 427 000e 01       		.uleb128 0x1
 428 000f 10       		.uleb128 0x10
 429 0010 17       		.uleb128 0x17
 430 0011 00       		.byte	0
 431 0012 00       		.byte	0
 432 0013 02       		.uleb128 0x2
 433 0014 24       		.uleb128 0x24
 434 0015 00       		.byte	0
 435 0016 0B       		.uleb128 0xb
 436 0017 0B       		.uleb128 0xb
 437 0018 3E       		.uleb128 0x3e
 438 0019 0B       		.uleb128 0xb
 439 001a 03       		.uleb128 0x3
 440 001b 0E       		.uleb128 0xe
 441 001c 00       		.byte	0
 442 001d 00       		.byte	0
 443 001e 03       		.uleb128 0x3
 444 001f 16       		.uleb128 0x16
 445 0020 00       		.byte	0
 446 0021 03       		.uleb128 0x3
 447 0022 0E       		.uleb128 0xe
 448 0023 3A       		.uleb128 0x3a
 449 0024 0B       		.uleb128 0xb
 450 0025 3B       		.uleb128 0x3b
 451 0026 0B       		.uleb128 0xb
 452 0027 49       		.uleb128 0x49
 453 0028 13       		.uleb128 0x13
 454 0029 00       		.byte	0
 455 002a 00       		.byte	0
 456 002b 04       		.uleb128 0x4
ARM GAS  C:\Users\DHEERA~1\AppData\Local\Temp\ccMem3rU.s 			page 10


 457 002c 24       		.uleb128 0x24
 458 002d 00       		.byte	0
 459 002e 0B       		.uleb128 0xb
 460 002f 0B       		.uleb128 0xb
 461 0030 3E       		.uleb128 0x3e
 462 0031 0B       		.uleb128 0xb
 463 0032 03       		.uleb128 0x3
 464 0033 08       		.uleb128 0x8
 465 0034 00       		.byte	0
 466 0035 00       		.byte	0
 467 0036 05       		.uleb128 0x5
 468 0037 04       		.uleb128 0x4
 469 0038 01       		.byte	0x1
 470 0039 0B       		.uleb128 0xb
 471 003a 0B       		.uleb128 0xb
 472 003b 49       		.uleb128 0x49
 473 003c 13       		.uleb128 0x13
 474 003d 3A       		.uleb128 0x3a
 475 003e 0B       		.uleb128 0xb
 476 003f 3B       		.uleb128 0x3b
 477 0040 0B       		.uleb128 0xb
 478 0041 01       		.uleb128 0x1
 479 0042 13       		.uleb128 0x13
 480 0043 00       		.byte	0
 481 0044 00       		.byte	0
 482 0045 06       		.uleb128 0x6
 483 0046 28       		.uleb128 0x28
 484 0047 00       		.byte	0
 485 0048 03       		.uleb128 0x3
 486 0049 0E       		.uleb128 0xe
 487 004a 1C       		.uleb128 0x1c
 488 004b 0B       		.uleb128 0xb
 489 004c 00       		.byte	0
 490 004d 00       		.byte	0
 491 004e 07       		.uleb128 0x7
 492 004f 28       		.uleb128 0x28
 493 0050 00       		.byte	0
 494 0051 03       		.uleb128 0x3
 495 0052 0E       		.uleb128 0xe
 496 0053 1C       		.uleb128 0x1c
 497 0054 0D       		.uleb128 0xd
 498 0055 00       		.byte	0
 499 0056 00       		.byte	0
 500 0057 08       		.uleb128 0x8
 501 0058 13       		.uleb128 0x13
 502 0059 01       		.byte	0x1
 503 005a 0B       		.uleb128 0xb
 504 005b 0B       		.uleb128 0xb
 505 005c 3A       		.uleb128 0x3a
 506 005d 0B       		.uleb128 0xb
 507 005e 3B       		.uleb128 0x3b
 508 005f 0B       		.uleb128 0xb
 509 0060 01       		.uleb128 0x1
 510 0061 13       		.uleb128 0x13
 511 0062 00       		.byte	0
 512 0063 00       		.byte	0
 513 0064 09       		.uleb128 0x9
ARM GAS  C:\Users\DHEERA~1\AppData\Local\Temp\ccMem3rU.s 			page 11


 514 0065 0D       		.uleb128 0xd
 515 0066 00       		.byte	0
 516 0067 03       		.uleb128 0x3
 517 0068 0E       		.uleb128 0xe
 518 0069 3A       		.uleb128 0x3a
 519 006a 0B       		.uleb128 0xb
 520 006b 3B       		.uleb128 0x3b
 521 006c 0B       		.uleb128 0xb
 522 006d 49       		.uleb128 0x49
 523 006e 13       		.uleb128 0x13
 524 006f 38       		.uleb128 0x38
 525 0070 0B       		.uleb128 0xb
 526 0071 00       		.byte	0
 527 0072 00       		.byte	0
 528 0073 0A       		.uleb128 0xa
 529 0074 2E       		.uleb128 0x2e
 530 0075 01       		.byte	0x1
 531 0076 3F       		.uleb128 0x3f
 532 0077 19       		.uleb128 0x19
 533 0078 03       		.uleb128 0x3
 534 0079 0E       		.uleb128 0xe
 535 007a 3A       		.uleb128 0x3a
 536 007b 0B       		.uleb128 0xb
 537 007c 3B       		.uleb128 0x3b
 538 007d 0B       		.uleb128 0xb
 539 007e 27       		.uleb128 0x27
 540 007f 19       		.uleb128 0x19
 541 0080 49       		.uleb128 0x49
 542 0081 13       		.uleb128 0x13
 543 0082 11       		.uleb128 0x11
 544 0083 01       		.uleb128 0x1
 545 0084 12       		.uleb128 0x12
 546 0085 06       		.uleb128 0x6
 547 0086 40       		.uleb128 0x40
 548 0087 18       		.uleb128 0x18
 549 0088 9742     		.uleb128 0x2117
 550 008a 19       		.uleb128 0x19
 551 008b 01       		.uleb128 0x1
 552 008c 13       		.uleb128 0x13
 553 008d 00       		.byte	0
 554 008e 00       		.byte	0
 555 008f 0B       		.uleb128 0xb
 556 0090 05       		.uleb128 0x5
 557 0091 00       		.byte	0
 558 0092 03       		.uleb128 0x3
 559 0093 0E       		.uleb128 0xe
 560 0094 3A       		.uleb128 0x3a
 561 0095 0B       		.uleb128 0xb
 562 0096 3B       		.uleb128 0x3b
 563 0097 0B       		.uleb128 0xb
 564 0098 49       		.uleb128 0x49
 565 0099 13       		.uleb128 0x13
 566 009a 02       		.uleb128 0x2
 567 009b 17       		.uleb128 0x17
 568 009c 00       		.byte	0
 569 009d 00       		.byte	0
 570 009e 0C       		.uleb128 0xc
ARM GAS  C:\Users\DHEERA~1\AppData\Local\Temp\ccMem3rU.s 			page 12


 571 009f 0B       		.uleb128 0xb
 572 00a0 01       		.byte	0x1
 573 00a1 11       		.uleb128 0x11
 574 00a2 01       		.uleb128 0x1
 575 00a3 12       		.uleb128 0x12
 576 00a4 06       		.uleb128 0x6
 577 00a5 01       		.uleb128 0x1
 578 00a6 13       		.uleb128 0x13
 579 00a7 00       		.byte	0
 580 00a8 00       		.byte	0
 581 00a9 0D       		.uleb128 0xd
 582 00aa 34       		.uleb128 0x34
 583 00ab 00       		.byte	0
 584 00ac 03       		.uleb128 0x3
 585 00ad 0E       		.uleb128 0xe
 586 00ae 3A       		.uleb128 0x3a
 587 00af 0B       		.uleb128 0xb
 588 00b0 3B       		.uleb128 0x3b
 589 00b1 0B       		.uleb128 0xb
 590 00b2 49       		.uleb128 0x49
 591 00b3 13       		.uleb128 0x13
 592 00b4 02       		.uleb128 0x2
 593 00b5 17       		.uleb128 0x17
 594 00b6 00       		.byte	0
 595 00b7 00       		.byte	0
 596 00b8 0E       		.uleb128 0xe
 597 00b9 898201   		.uleb128 0x4109
 598 00bc 01       		.byte	0x1
 599 00bd 11       		.uleb128 0x11
 600 00be 01       		.uleb128 0x1
 601 00bf 31       		.uleb128 0x31
 602 00c0 13       		.uleb128 0x13
 603 00c1 00       		.byte	0
 604 00c2 00       		.byte	0
 605 00c3 0F       		.uleb128 0xf
 606 00c4 8A8201   		.uleb128 0x410a
 607 00c7 00       		.byte	0
 608 00c8 02       		.uleb128 0x2
 609 00c9 18       		.uleb128 0x18
 610 00ca 9142     		.uleb128 0x2111
 611 00cc 18       		.uleb128 0x18
 612 00cd 00       		.byte	0
 613 00ce 00       		.byte	0
 614 00cf 10       		.uleb128 0x10
 615 00d0 0F       		.uleb128 0xf
 616 00d1 00       		.byte	0
 617 00d2 0B       		.uleb128 0xb
 618 00d3 0B       		.uleb128 0xb
 619 00d4 49       		.uleb128 0x49
 620 00d5 13       		.uleb128 0x13
 621 00d6 00       		.byte	0
 622 00d7 00       		.byte	0
 623 00d8 11       		.uleb128 0x11
 624 00d9 26       		.uleb128 0x26
 625 00da 00       		.byte	0
 626 00db 49       		.uleb128 0x49
 627 00dc 13       		.uleb128 0x13
ARM GAS  C:\Users\DHEERA~1\AppData\Local\Temp\ccMem3rU.s 			page 13


 628 00dd 00       		.byte	0
 629 00de 00       		.byte	0
 630 00df 12       		.uleb128 0x12
 631 00e0 34       		.uleb128 0x34
 632 00e1 00       		.byte	0
 633 00e2 03       		.uleb128 0x3
 634 00e3 0E       		.uleb128 0xe
 635 00e4 3A       		.uleb128 0x3a
 636 00e5 0B       		.uleb128 0xb
 637 00e6 3B       		.uleb128 0x3b
 638 00e7 0B       		.uleb128 0xb
 639 00e8 49       		.uleb128 0x49
 640 00e9 13       		.uleb128 0x13
 641 00ea 3F       		.uleb128 0x3f
 642 00eb 19       		.uleb128 0x19
 643 00ec 3C       		.uleb128 0x3c
 644 00ed 19       		.uleb128 0x19
 645 00ee 00       		.byte	0
 646 00ef 00       		.byte	0
 647 00f0 13       		.uleb128 0x13
 648 00f1 34       		.uleb128 0x34
 649 00f2 00       		.byte	0
 650 00f3 03       		.uleb128 0x3
 651 00f4 0E       		.uleb128 0xe
 652 00f5 3A       		.uleb128 0x3a
 653 00f6 0B       		.uleb128 0xb
 654 00f7 3B       		.uleb128 0x3b
 655 00f8 05       		.uleb128 0x5
 656 00f9 49       		.uleb128 0x49
 657 00fa 13       		.uleb128 0x13
 658 00fb 3F       		.uleb128 0x3f
 659 00fc 19       		.uleb128 0x19
 660 00fd 3C       		.uleb128 0x3c
 661 00fe 19       		.uleb128 0x19
 662 00ff 00       		.byte	0
 663 0100 00       		.byte	0
 664 0101 14       		.uleb128 0x14
 665 0102 35       		.uleb128 0x35
 666 0103 00       		.byte	0
 667 0104 49       		.uleb128 0x49
 668 0105 13       		.uleb128 0x13
 669 0106 00       		.byte	0
 670 0107 00       		.byte	0
 671 0108 15       		.uleb128 0x15
 672 0109 2E       		.uleb128 0x2e
 673 010a 00       		.byte	0
 674 010b 3F       		.uleb128 0x3f
 675 010c 19       		.uleb128 0x19
 676 010d 3C       		.uleb128 0x3c
 677 010e 19       		.uleb128 0x19
 678 010f 6E       		.uleb128 0x6e
 679 0110 0E       		.uleb128 0xe
 680 0111 03       		.uleb128 0x3
 681 0112 0E       		.uleb128 0xe
 682 0113 3A       		.uleb128 0x3a
 683 0114 0B       		.uleb128 0xb
 684 0115 3B       		.uleb128 0x3b
ARM GAS  C:\Users\DHEERA~1\AppData\Local\Temp\ccMem3rU.s 			page 14


 685 0116 0B       		.uleb128 0xb
 686 0117 00       		.byte	0
 687 0118 00       		.byte	0
 688 0119 00       		.byte	0
 689              		.section	.debug_loc,"",%progbits
 690              	.Ldebug_loc0:
 691              	.LLST0:
 692 0000 00000000 		.4byte	.LVL0
 693 0004 0A000000 		.4byte	.LVL2
 694 0008 0100     		.2byte	0x1
 695 000a 50       		.byte	0x50
 696 000b 0A000000 		.4byte	.LVL2
 697 000f 10000000 		.4byte	.LVL4
 698 0013 0400     		.2byte	0x4
 699 0015 F3       		.byte	0xf3
 700 0016 01       		.uleb128 0x1
 701 0017 50       		.byte	0x50
 702 0018 9F       		.byte	0x9f
 703 0019 10000000 		.4byte	.LVL4
 704 001d 16000000 		.4byte	.LVL5
 705 0021 0100     		.2byte	0x1
 706 0023 50       		.byte	0x50
 707 0024 16000000 		.4byte	.LVL5
 708 0028 1E000000 		.4byte	.LFE110
 709 002c 0400     		.2byte	0x4
 710 002e F3       		.byte	0xf3
 711 002f 01       		.uleb128 0x1
 712 0030 50       		.byte	0x50
 713 0031 9F       		.byte	0x9f
 714 0032 00000000 		.4byte	0
 715 0036 00000000 		.4byte	0
 716              	.LLST1:
 717 003a 06000000 		.4byte	.LVL1
 718 003e 0D000000 		.4byte	.LVL3-1
 719 0042 0100     		.2byte	0x1
 720 0044 51       		.byte	0x51
 721 0045 00000000 		.4byte	0
 722 0049 00000000 		.4byte	0
 723              		.section	.debug_aranges,"",%progbits
 724 0000 1C000000 		.4byte	0x1c
 725 0004 0200     		.2byte	0x2
 726 0006 00000000 		.4byte	.Ldebug_info0
 727 000a 04       		.byte	0x4
 728 000b 00       		.byte	0
 729 000c 0000     		.2byte	0
 730 000e 0000     		.2byte	0
 731 0010 00000000 		.4byte	.LFB110
 732 0014 1E000000 		.4byte	.LFE110-.LFB110
 733 0018 00000000 		.4byte	0
 734 001c 00000000 		.4byte	0
 735              		.section	.debug_ranges,"",%progbits
 736              	.Ldebug_ranges0:
 737 0000 00000000 		.4byte	.LFB110
 738 0004 1E000000 		.4byte	.LFE110
 739 0008 00000000 		.4byte	0
 740 000c 00000000 		.4byte	0
 741              		.section	.debug_line,"",%progbits
ARM GAS  C:\Users\DHEERA~1\AppData\Local\Temp\ccMem3rU.s 			page 15


 742              	.Ldebug_line0:
 743 0000 1B020000 		.section	.debug_str,"MS",%progbits,1
 743      02000202 
 743      00000201 
 743      FB0E0D00 
 743      01010101 
 744              	.LASF37:
 745 0000 52435F45 		.ascii	"RC_ERROR_READ_ONLY\000"
 745      52524F52 
 745      5F524541 
 745      445F4F4E 
 745      4C5900
 746              	.LASF23:
 747 0013 52435F53 		.ascii	"RC_SUCCESS\000"
 747      55434345 
 747      535300
 748              	.LASF38:
 749 001e 52435F45 		.ascii	"RC_ERROR_WRITE_ONLY\000"
 749      52524F52 
 749      5F575249 
 749      54455F4F 
 749      4E4C5900 
 750              	.LASF2:
 751 0032 73686F72 		.ascii	"short int\000"
 751      7420696E 
 751      7400
 752              	.LASF29:
 753 003c 52435F45 		.ascii	"RC_ERROR_OVERRUN\000"
 753      52524F52 
 753      5F4F5645 
 753      5252554E 
 753      00
 754              	.LASF41:
 755 004d 52435F45 		.ascii	"RC_ERROR_WRITE_FAILS\000"
 755      52524F52 
 755      5F575249 
 755      54455F46 
 755      41494C53 
 756              	.LASF22:
 757 0062 73697A65 		.ascii	"sizetype\000"
 757      74797065 
 757      00
 758              	.LASF63:
 759 006b 67726565 		.ascii	"greenChannel\000"
 759      6E436861 
 759      6E6E656C 
 759      00
 760              	.LASF60:
 761 0078 656E6769 		.ascii	"engineSpeed\000"
 761      6E655370 
 761      65656400 
 762              	.LASF20:
 763 0084 45455F46 		.ascii	"EE_FREG\000"
 763      52454700 
 764              	.LASF40:
 765 008c 52435F45 		.ascii	"RC_ERROR_READ_FAILS\000"
 765      52524F52 
ARM GAS  C:\Users\DHEERA~1\AppData\Local\Temp\ccMem3rU.s 			page 16


 765      5F524541 
 765      445F4641 
 765      494C5300 
 766              	.LASF61:
 767 00a0 53435F45 		.ascii	"SC_ENGINE_driverOut\000"
 767      4E47494E 
 767      455F6472 
 767      69766572 
 767      4F757400 
 768              	.LASF18:
 769 00b4 45455F55 		.ascii	"EE_UINT32\000"
 769      494E5433 
 769      3200
 770              	.LASF21:
 771 00be 45455F54 		.ascii	"EE_TID\000"
 771      494400
 772              	.LASF11:
 773 00c5 75696E74 		.ascii	"uint8_t\000"
 773      385F7400 
 774              	.LASF46:
 775 00cd 52435F45 		.ascii	"RC_ERROR_INVALID_STATE\000"
 775      52524F52 
 775      5F494E56 
 775      414C4944 
 775      5F535441 
 776              	.LASF55:
 777 00e4 45455F49 		.ascii	"EE_IRQ_nesting_level\000"
 777      52515F6E 
 777      65737469 
 777      6E675F6C 
 777      6576656C 
 778              	.LASF54:
 779 00f9 45455F73 		.ascii	"EE_std_endcycle_next_tid\000"
 779      74645F65 
 779      6E646379 
 779      636C655F 
 779      6E657874 
 780              	.LASF28:
 781 0112 52435F45 		.ascii	"RC_ERROR_RANGE\000"
 781      52524F52 
 781      5F52414E 
 781      474500
 782              	.LASF19:
 783 0121 45455F55 		.ascii	"EE_UREG\000"
 783      52454700 
 784              	.LASF13:
 785 0129 666C6F61 		.ascii	"float\000"
 785      7400
 786              	.LASF48:
 787 012f 52435F45 		.ascii	"RC_ERROR_NOT_IMPLEMENTED\000"
 787      52524F52 
 787      5F4E4F54 
 787      5F494D50 
 787      4C454D45 
 788              	.LASF8:
 789 0148 6C6F6E67 		.ascii	"long long int\000"
 789      206C6F6E 
ARM GAS  C:\Users\DHEERA~1\AppData\Local\Temp\ccMem3rU.s 			page 17


 789      6720696E 
 789      7400
 790              	.LASF52:
 791 0156 45455F6F 		.ascii	"EE_oo_IRQ_suspend_status\000"
 791      6F5F4952 
 791      515F7375 
 791      7370656E 
 791      645F7374 
 792              	.LASF42:
 793 016f 52435F45 		.ascii	"RC_ERROR_NOT_MATCH\000"
 793      52524F52 
 793      5F4E4F54 
 793      5F4D4154 
 793      434800
 794              	.LASF47:
 795 0182 52435F45 		.ascii	"RC_ERROR_UNKNOWN\000"
 795      52524F52 
 795      5F554E4B 
 795      4E4F574E 
 795      00
 796              	.LASF26:
 797 0193 52435F45 		.ascii	"RC_ERROR_ZERO\000"
 797      52524F52 
 797      5F5A4552 
 797      4F00
 798              	.LASF6:
 799 01a1 6C6F6E67 		.ascii	"long int\000"
 799      20696E74 
 799      00
 800              	.LASF30:
 801 01aa 52435F45 		.ascii	"RC_ERROR_UNDERRUN\000"
 801      52524F52 
 801      5F554E44 
 801      45525255 
 801      4E00
 802              	.LASF33:
 803 01bc 52435F45 		.ascii	"RC_ERROR_BUSY\000"
 803      52524F52 
 803      5F425553 
 803      5900
 804              	.LASF4:
 805 01ca 5F5F7569 		.ascii	"__uint8_t\000"
 805      6E74385F 
 805      7400
 806              	.LASF39:
 807 01d4 52435F45 		.ascii	"RC_ERROR_INVALID\000"
 807      52524F52 
 807      5F494E56 
 807      414C4944 
 807      00
 808              	.LASF44:
 809 01e5 52435F45 		.ascii	"RC_ERROR_BAD_DATA\000"
 809      52524F52 
 809      5F424144 
 809      5F444154 
 809      4100
 810              	.LASF16:
ARM GAS  C:\Users\DHEERA~1\AppData\Local\Temp\ccMem3rU.s 			page 18


 811 01f7 6C6F6E67 		.ascii	"long double\000"
 811      20646F75 
 811      626C6500 
 812              	.LASF1:
 813 0203 756E7369 		.ascii	"unsigned char\000"
 813      676E6564 
 813      20636861 
 813      7200
 814              	.LASF43:
 815 0211 52435F45 		.ascii	"RC_ERROR_BAD_PARAM\000"
 815      52524F52 
 815      5F424144 
 815      5F504152 
 815      414D00
 816              	.LASF0:
 817 0224 7369676E 		.ascii	"signed char\000"
 817      65642063 
 817      68617200 
 818              	.LASF9:
 819 0230 6C6F6E67 		.ascii	"long long unsigned int\000"
 819      206C6F6E 
 819      6720756E 
 819      7369676E 
 819      65642069 
 820              	.LASF10:
 821 0247 756E7369 		.ascii	"unsigned int\000"
 821      676E6564 
 821      20696E74 
 821      00
 822              	.LASF35:
 823 0254 52435F45 		.ascii	"RC_ERROR_OPEN\000"
 823      52524F52 
 823      5F4F5045 
 823      4E00
 824              	.LASF58:
 825 0262 736F7572 		.ascii	"sources\\rte\\sc_engine_type.c\000"
 825      6365735C 
 825      7274655C 
 825      73635F65 
 825      6E67696E 
 826              	.LASF25:
 827 027f 52435F45 		.ascii	"RC_ERROR_NULL\000"
 827      52524F52 
 827      5F4E554C 
 827      4C00
 828              	.LASF32:
 829 028d 52435F45 		.ascii	"RC_ERROR_BUFFER_EMTPY\000"
 829      52524F52 
 829      5F425546 
 829      4645525F 
 829      454D5450 
 830              	.LASF17:
 831 02a3 45455F49 		.ascii	"EE_INT32\000"
 831      4E543332 
 831      00
 832              	.LASF3:
 833 02ac 73686F72 		.ascii	"short unsigned int\000"
ARM GAS  C:\Users\DHEERA~1\AppData\Local\Temp\ccMem3rU.s 			page 19


 833      7420756E 
 833      7369676E 
 833      65642069 
 833      6E7400
 834              	.LASF57:
 835 02bf 474E5520 		.ascii	"GNU C11 5.4.1 20160609 (release) [ARM/embedded-5-br"
 835      43313120 
 835      352E342E 
 835      31203230 
 835      31363036 
 836 02f2 616E6368 		.ascii	"anch revision 237715] -mcpu=cortex-m3 -mthumb -g -O"
 836      20726576 
 836      6973696F 
 836      6E203233 
 836      37373135 
 837 0325 67202D66 		.ascii	"g -ffunction-sections -ffat-lto-objects\000"
 837      66756E63 
 837      74696F6E 
 837      2D736563 
 837      74696F6E 
 838              	.LASF15:
 839 034d 63686172 		.ascii	"char\000"
 839      00
 840              	.LASF31:
 841 0352 52435F45 		.ascii	"RC_ERROR_BUFFER_FULL\000"
 841      52524F52 
 841      5F425546 
 841      4645525F 
 841      46554C4C 
 842              	.LASF12:
 843 0367 696E7433 		.ascii	"int32_t\000"
 843      325F7400 
 844              	.LASF64:
 845 036f 4C45445F 		.ascii	"LED_RGB_Set\000"
 845      5247425F 
 845      53657400 
 846              	.LASF62:
 847 037b 64617461 		.ascii	"data\000"
 847      00
 848              	.LASF53:
 849 0380 45455F41 		.ascii	"EE_ApplicationMode\000"
 849      70706C69 
 849      63617469 
 849      6F6E4D6F 
 849      646500
 850              	.LASF7:
 851 0393 6C6F6E67 		.ascii	"long unsigned int\000"
 851      20756E73 
 851      69676E65 
 851      6420696E 
 851      7400
 852              	.LASF14:
 853 03a5 646F7562 		.ascii	"double\000"
 853      6C6500
 854              	.LASF36:
 855 03ac 52435F45 		.ascii	"RC_ERROR_CHECKSUM\000"
 855      52524F52 
ARM GAS  C:\Users\DHEERA~1\AppData\Local\Temp\ccMem3rU.s 			page 20


 855      5F434845 
 855      434B5355 
 855      4D00
 856              	.LASF59:
 857 03be 443A5C4D 		.ascii	"D:\\MS\\HDA\\Embedded\\Second_sem\\EAA\\Assignment1"
 857      535C4844 
 857      415C456D 
 857      62656464 
 857      65645C53 
 858 03eb 5C456C65 		.ascii	"\\Electronic_Gaspedal\\Design01.cydsn\000"
 858      6374726F 
 858      6E69635F 
 858      47617370 
 858      6564616C 
 859              	.LASF5:
 860 040f 5F5F696E 		.ascii	"__int32_t\000"
 860      7433325F 
 860      7400
 861              	.LASF45:
 862 0419 52435F45 		.ascii	"RC_ERROR_CANCELED\000"
 862      52524F52 
 862      5F43414E 
 862      43454C45 
 862      4400
 863              	.LASF50:
 864 042b 53435F45 		.ascii	"SC_ENGINE_data_t\000"
 864      4E47494E 
 864      455F6461 
 864      74615F74 
 864      00
 865              	.LASF56:
 866 043c 49544D5F 		.ascii	"ITM_RxBuffer\000"
 866      52784275 
 866      66666572 
 866      00
 867              	.LASF24:
 868 0449 52435F45 		.ascii	"RC_ERROR\000"
 868      52524F52 
 868      00
 869              	.LASF27:
 870 0452 52435F45 		.ascii	"RC_ERROR_MEMORY\000"
 870      52524F52 
 870      5F4D454D 
 870      4F525900 
 871              	.LASF51:
 872 0462 45455F6F 		.ascii	"EE_oo_IRQ_disable_count\000"
 872      6F5F4952 
 872      515F6469 
 872      7361626C 
 872      655F636F 
 873              	.LASF49:
 874 047a 52435F74 		.ascii	"RC_t\000"
 874      00
 875              	.LASF34:
 876 047f 52435F45 		.ascii	"RC_ERROR_TIME_OUT\000"
 876      52524F52 
 876      5F54494D 
ARM GAS  C:\Users\DHEERA~1\AppData\Local\Temp\ccMem3rU.s 			page 21


 876      455F4F55 
 876      5400
 877              		.ident	"GCC: (GNU Tools for ARM Embedded Processors) 5.4.1 20160609 (release) [ARM/embedded-5-bran
