ARM GAS  C:\Users\DHEERA~1\AppData\Local\Temp\ccoKva30.s 			page 1


   1              		.syntax unified
   2              		.cpu cortex-m3
   3              		.fpu softvfp
   4              		.eabi_attribute 20, 1
   5              		.eabi_attribute 21, 1
   6              		.eabi_attribute 23, 3
   7              		.eabi_attribute 24, 1
   8              		.eabi_attribute 25, 1
   9              		.eabi_attribute 26, 1
  10              		.eabi_attribute 30, 1
  11              		.eabi_attribute 34, 1
  12              		.eabi_attribute 18, 4
  13              		.thumb
  14              		.syntax unified
  15              		.file	"sc_joystick_type.c"
  16              		.text
  17              	.Ltext0:
  18              		.cfi_sections	.debug_frame
  19              		.section	.text.SC_JOYSTICK_driverIn,"ax",%progbits
  20              		.align	2
  21              		.global	SC_JOYSTICK_driverIn
  22              		.thumb
  23              		.thumb_func
  24              		.type	SC_JOYSTICK_driverIn, %function
  25              	SC_JOYSTICK_driverIn:
  26              	.LFB110:
  27              		.file 1 "sources\\rte\\sc_joystick_type.c"
   1:sources\rte/sc_joystick_type.c **** /*
   2:sources\rte/sc_joystick_type.c ****  * Filename: sc_joystick_type.c
   3:sources\rte/sc_joystick_type.c ****  *
   4:sources\rte/sc_joystick_type.c ****  * Author: Autogenerated by H-DA RTE Generator, (c) Prof. Fromm
   5:sources\rte/sc_joystick_type.c ****  *
   6:sources\rte/sc_joystick_type.c ****  * description: Joystick representation
   7:sources\rte/sc_joystick_type.c ****  * name: sc_joystick
   8:sources\rte/sc_joystick_type.c ****  * shortname: joystick
   9:sources\rte/sc_joystick_type.c ****  *
  10:sources\rte/sc_joystick_type.c ****  */
  11:sources\rte/sc_joystick_type.c **** 
  12:sources\rte/sc_joystick_type.c **** #include "project.h"
  13:sources\rte/sc_joystick_type.c **** #include "global.h"
  14:sources\rte/sc_joystick_type.c **** #include "rte.h"
  15:sources\rte/sc_joystick_type.c **** #include "rte_types.h"
  16:sources\rte/sc_joystick_type.c **** #include "sc_joystick_type.h"
  17:sources\rte/sc_joystick_type.c **** #include "joystick.h"
  18:sources\rte/sc_joystick_type.c **** 
  19:sources\rte/sc_joystick_type.c **** 
  20:sources\rte/sc_joystick_type.c **** 
  21:sources\rte/sc_joystick_type.c **** /* USER CODE START SC_JOYSTICK_INCLUDE */
  22:sources\rte/sc_joystick_type.c **** 
  23:sources\rte/sc_joystick_type.c **** /* USER CODE END SC_JOYSTICK_INCLUDE */
  24:sources\rte/sc_joystick_type.c **** 
  25:sources\rte/sc_joystick_type.c **** 
  26:sources\rte/sc_joystick_type.c **** 
  27:sources\rte/sc_joystick_type.c **** 
  28:sources\rte/sc_joystick_type.c **** /* USER CODE START SC_JOYSTICK_USERDEFINITIONS */
  29:sources\rte/sc_joystick_type.c **** 
  30:sources\rte/sc_joystick_type.c **** /* USER CODE END SC_JOYSTICK_USERDEFINITIONS */
ARM GAS  C:\Users\DHEERA~1\AppData\Local\Temp\ccoKva30.s 			page 2


  31:sources\rte/sc_joystick_type.c **** 
  32:sources\rte/sc_joystick_type.c **** 
  33:sources\rte/sc_joystick_type.c **** /*****************************************************************************************
  34:sources\rte/sc_joystick_type.c ****  *************** Port Wrapper Implementation for SC_JOYSTICK signal  ****************
  35:sources\rte/sc_joystick_type.c ****  *****************************************************************************************/
  36:sources\rte/sc_joystick_type.c ****  
  37:sources\rte/sc_joystick_type.c ****  
  38:sources\rte/sc_joystick_type.c **** 
  39:sources\rte/sc_joystick_type.c **** /**
  40:sources\rte/sc_joystick_type.c ****  * Default IN driver API
  41:sources\rte/sc_joystick_type.c ****  */
  42:sources\rte/sc_joystick_type.c **** inline RC_t SC_JOYSTICK_driverIn(SC_JOYSTICK_data_t *const data)
  43:sources\rte/sc_joystick_type.c **** {
  28              		.loc 1 43 0
  29              		.cfi_startproc
  30              		@ args = 0, pretend = 0, frame = 8
  31              		@ frame_needed = 0, uses_anonymous_args = 0
  32              	.LVL0:
  33 0000 10B5     		push	{r4, lr}
  34              		.cfi_def_cfa_offset 8
  35              		.cfi_offset 4, -8
  36              		.cfi_offset 14, -4
  37 0002 82B0     		sub	sp, sp, #8
  38              		.cfi_def_cfa_offset 16
  39 0004 0446     		mov	r4, r0
  44:sources\rte/sc_joystick_type.c **** 	/* USER CODE START driverInSC_JOYSTICK */
  45:sources\rte/sc_joystick_type.c ****     sint8_t a, b;
  46:sources\rte/sc_joystick_type.c ****     
  47:sources\rte/sc_joystick_type.c ****     JOYSTICK_ReadPosition(&a, &b);
  40              		.loc 1 47 0
  41 0006 0DF10601 		add	r1, sp, #6
  42 000a 0DF10700 		add	r0, sp, #7
  43              	.LVL1:
  44 000e FFF7FEFF 		bl	JOYSTICK_ReadPosition
  45              	.LVL2:
  48:sources\rte/sc_joystick_type.c ****     
  49:sources\rte/sc_joystick_type.c ****     data->joystick_x = a;
  46              		.loc 1 49 0
  47 0012 9DF90730 		ldrsb	r3, [sp, #7]
  48 0016 2370     		strb	r3, [r4]
  50:sources\rte/sc_joystick_type.c ****     data->joystick_y = b;
  49              		.loc 1 50 0
  50 0018 9DF80630 		ldrb	r3, [sp, #6]	@ zero_extendqisi2
  51 001c 6370     		strb	r3, [r4, #1]
  51:sources\rte/sc_joystick_type.c ****     
  52:sources\rte/sc_joystick_type.c ****     return RC_SUCCESS;
  53:sources\rte/sc_joystick_type.c **** 	/* USER CODE END driverInSC_JOYSTICK */
  54:sources\rte/sc_joystick_type.c **** }
  52              		.loc 1 54 0
  53 001e 0020     		movs	r0, #0
  54 0020 02B0     		add	sp, sp, #8
  55              		.cfi_def_cfa_offset 8
  56              		@ sp needed
  57 0022 10BD     		pop	{r4, pc}
  58              		.cfi_endproc
  59              	.LFE110:
  60              		.size	SC_JOYSTICK_driverIn, .-SC_JOYSTICK_driverIn
ARM GAS  C:\Users\DHEERA~1\AppData\Local\Temp\ccoKva30.s 			page 3


  61              		.text
  62              	.Letext0:
  63              		.file 2 "d:\\psoc creator\\4.4\\psoc creator\\import\\gnu\\arm\\5.4.1\\arm-none-eabi\\include\\mac
  64              		.file 3 "d:\\psoc creator\\4.4\\psoc creator\\import\\gnu\\arm\\5.4.1\\arm-none-eabi\\include\\sys
  65              		.file 4 "Generated_Source\\PSoC5/ErikaOS_1_common_ee_types.inc"
  66              		.file 5 "Generated_Source\\PSoC5/ErikaOS_1_cortex_mx_ee_cpu.inc"
  67              		.file 6 ".\\sources\\bsw/global.h"
  68              		.file 7 "sources\\rte\\sc_joystick_type.h"
  69              		.file 8 "Generated_Source\\PSoC5/ErikaOS_1_ee_oo_intfunc.inc"
  70              		.file 9 "Generated_Source\\PSoC5/ErikaOS_1_cortex_mx_ee_context.inc"
  71              		.file 10 "Generated_Source\\PSoC5/ErikaOS_1_common_ee_primitives.inc"
  72              		.file 11 "Generated_Source\\PSoC5/core_cm3.h"
  73              		.file 12 ".\\sources\\bsw/joystick.h"
  74              		.section	.debug_info,"",%progbits
  75              	.Ldebug_info0:
  76 0000 78020000 		.4byte	0x278
  77 0004 0400     		.2byte	0x4
  78 0006 00000000 		.4byte	.Ldebug_abbrev0
  79 000a 04       		.byte	0x4
  80 000b 01       		.uleb128 0x1
  81 000c 97020000 		.4byte	.LASF58
  82 0010 0C       		.byte	0xc
  83 0011 95000000 		.4byte	.LASF59
  84 0015 9D030000 		.4byte	.LASF60
  85 0019 00000000 		.4byte	.Ldebug_ranges0+0
  86 001d 00000000 		.4byte	0
  87 0021 00000000 		.4byte	.Ldebug_line0
  88 0025 02       		.uleb128 0x2
  89 0026 01       		.byte	0x1
  90 0027 06       		.byte	0x6
  91 0028 19020000 		.4byte	.LASF0
  92 002c 02       		.uleb128 0x2
  93 002d 01       		.byte	0x1
  94 002e 08       		.byte	0x8
  95 002f F8010000 		.4byte	.LASF1
  96 0033 02       		.uleb128 0x2
  97 0034 02       		.byte	0x2
  98 0035 05       		.byte	0x5
  99 0036 32000000 		.4byte	.LASF2
 100 003a 02       		.uleb128 0x2
 101 003b 02       		.byte	0x2
 102 003c 07       		.byte	0x7
 103 003d 84020000 		.4byte	.LASF3
 104 0041 03       		.uleb128 0x3
 105 0042 EE030000 		.4byte	.LASF9
 106 0046 02       		.byte	0x2
 107 0047 3F       		.byte	0x3f
 108 0048 4C000000 		.4byte	0x4c
 109 004c 02       		.uleb128 0x2
 110 004d 04       		.byte	0x4
 111 004e 05       		.byte	0x5
 112 004f 8B010000 		.4byte	.LASF4
 113 0053 02       		.uleb128 0x2
 114 0054 04       		.byte	0x4
 115 0055 07       		.byte	0x7
 116 0056 72030000 		.4byte	.LASF5
 117 005a 02       		.uleb128 0x2
ARM GAS  C:\Users\DHEERA~1\AppData\Local\Temp\ccoKva30.s 			page 4


 118 005b 08       		.byte	0x8
 119 005c 05       		.byte	0x5
 120 005d 40010000 		.4byte	.LASF6
 121 0061 02       		.uleb128 0x2
 122 0062 08       		.byte	0x8
 123 0063 07       		.byte	0x7
 124 0064 25020000 		.4byte	.LASF7
 125 0068 04       		.uleb128 0x4
 126 0069 04       		.byte	0x4
 127 006a 05       		.byte	0x5
 128 006b 696E7400 		.ascii	"int\000"
 129 006f 02       		.uleb128 0x2
 130 0070 04       		.byte	0x4
 131 0071 07       		.byte	0x7
 132 0072 3C020000 		.4byte	.LASF8
 133 0076 03       		.uleb128 0x3
 134 0077 3F030000 		.4byte	.LASF10
 135 007b 03       		.byte	0x3
 136 007c 2C       		.byte	0x2c
 137 007d 41000000 		.4byte	0x41
 138 0081 02       		.uleb128 0x2
 139 0082 04       		.byte	0x4
 140 0083 04       		.byte	0x4
 141 0084 21010000 		.4byte	.LASF11
 142 0088 02       		.uleb128 0x2
 143 0089 08       		.byte	0x8
 144 008a 04       		.byte	0x4
 145 008b 84030000 		.4byte	.LASF12
 146 008f 02       		.uleb128 0x2
 147 0090 01       		.byte	0x1
 148 0091 08       		.byte	0x8
 149 0092 25030000 		.4byte	.LASF13
 150 0096 02       		.uleb128 0x2
 151 0097 08       		.byte	0x8
 152 0098 04       		.byte	0x4
 153 0099 EC010000 		.4byte	.LASF14
 154 009d 03       		.uleb128 0x3
 155 009e 7B020000 		.4byte	.LASF15
 156 00a2 04       		.byte	0x4
 157 00a3 53       		.byte	0x53
 158 00a4 68000000 		.4byte	0x68
 159 00a8 03       		.uleb128 0x3
 160 00a9 B4000000 		.4byte	.LASF16
 161 00ad 04       		.byte	0x4
 162 00ae 54       		.byte	0x54
 163 00af 6F000000 		.4byte	0x6f
 164 00b3 03       		.uleb128 0x3
 165 00b4 19010000 		.4byte	.LASF17
 166 00b8 05       		.byte	0x5
 167 00b9 4D       		.byte	0x4d
 168 00ba A8000000 		.4byte	0xa8
 169 00be 03       		.uleb128 0x3
 170 00bf 79000000 		.4byte	.LASF18
 171 00c3 05       		.byte	0x5
 172 00c4 4F       		.byte	0x4f
 173 00c5 A8000000 		.4byte	0xa8
 174 00c9 03       		.uleb128 0x3
ARM GAS  C:\Users\DHEERA~1\AppData\Local\Temp\ccoKva30.s 			page 5


 175 00ca BE000000 		.4byte	.LASF19
 176 00ce 05       		.byte	0x5
 177 00cf 78       		.byte	0x78
 178 00d0 9D000000 		.4byte	0x9d
 179 00d4 02       		.uleb128 0x2
 180 00d5 04       		.byte	0x4
 181 00d6 07       		.byte	0x7
 182 00d7 62000000 		.4byte	.LASF20
 183 00db 03       		.uleb128 0x3
 184 00dc 79040000 		.4byte	.LASF21
 185 00e0 06       		.byte	0x6
 186 00e1 90       		.byte	0x90
 187 00e2 25000000 		.4byte	0x25
 188 00e6 05       		.uleb128 0x5
 189 00e7 01       		.byte	0x1
 190 00e8 25000000 		.4byte	0x25
 191 00ec 06       		.byte	0x6
 192 00ed CF       		.byte	0xcf
 193 00ee 8F010000 		.4byte	0x18f
 194 00f2 06       		.uleb128 0x6
 195 00f3 13000000 		.4byte	.LASF22
 196 00f7 00       		.byte	0
 197 00f8 07       		.uleb128 0x7
 198 00f9 2D040000 		.4byte	.LASF23
 199 00fd 7F       		.sleb128 -1
 200 00fe 07       		.uleb128 0x7
 201 00ff 57020000 		.4byte	.LASF24
 202 0103 7E       		.sleb128 -2
 203 0104 07       		.uleb128 0x7
 204 0105 6B000000 		.4byte	.LASF25
 205 0109 7D       		.sleb128 -3
 206 010a 07       		.uleb128 0x7
 207 010b 4C040000 		.4byte	.LASF26
 208 010f 7C       		.sleb128 -4
 209 0110 07       		.uleb128 0x7
 210 0111 0A010000 		.4byte	.LASF27
 211 0115 7B       		.sleb128 -5
 212 0116 07       		.uleb128 0x7
 213 0117 3C000000 		.4byte	.LASF28
 214 011b 7A       		.sleb128 -6
 215 011c 07       		.uleb128 0x7
 216 011d 94010000 		.4byte	.LASF29
 217 0121 79       		.sleb128 -7
 218 0122 07       		.uleb128 0x7
 219 0123 2A030000 		.4byte	.LASF30
 220 0127 78       		.sleb128 -8
 221 0128 07       		.uleb128 0x7
 222 0129 65020000 		.4byte	.LASF31
 223 012d 77       		.sleb128 -9
 224 012e 07       		.uleb128 0x7
 225 012f A6010000 		.4byte	.LASF32
 226 0133 76       		.sleb128 -10
 227 0134 07       		.uleb128 0x7
 228 0135 81040000 		.4byte	.LASF33
 229 0139 75       		.sleb128 -11
 230 013a 07       		.uleb128 0x7
 231 013b 49020000 		.4byte	.LASF34
ARM GAS  C:\Users\DHEERA~1\AppData\Local\Temp\ccoKva30.s 			page 6


 232 013f 74       		.sleb128 -12
 233 0140 07       		.uleb128 0x7
 234 0141 8B030000 		.4byte	.LASF35
 235 0145 73       		.sleb128 -13
 236 0146 07       		.uleb128 0x7
 237 0147 00000000 		.4byte	.LASF36
 238 014b 72       		.sleb128 -14
 239 014c 07       		.uleb128 0x7
 240 014d 1E000000 		.4byte	.LASF37
 241 0151 71       		.sleb128 -15
 242 0152 07       		.uleb128 0x7
 243 0153 B4010000 		.4byte	.LASF38
 244 0157 70       		.sleb128 -16
 245 0158 07       		.uleb128 0x7
 246 0159 81000000 		.4byte	.LASF39
 247 015d 6F       		.sleb128 -17
 248 015e 07       		.uleb128 0x7
 249 015f 4D000000 		.4byte	.LASF40
 250 0163 6E       		.sleb128 -18
 251 0164 07       		.uleb128 0x7
 252 0165 67010000 		.4byte	.LASF41
 253 0169 6D       		.sleb128 -19
 254 016a 07       		.uleb128 0x7
 255 016b 47030000 		.4byte	.LASF42
 256 016f 6C       		.sleb128 -20
 257 0170 07       		.uleb128 0x7
 258 0171 C5010000 		.4byte	.LASF43
 259 0175 6B       		.sleb128 -21
 260 0176 07       		.uleb128 0x7
 261 0177 F8030000 		.4byte	.LASF44
 262 017b 6A       		.sleb128 -22
 263 017c 07       		.uleb128 0x7
 264 017d C5000000 		.4byte	.LASF45
 265 0181 69       		.sleb128 -23
 266 0182 07       		.uleb128 0x7
 267 0183 7A010000 		.4byte	.LASF46
 268 0187 68       		.sleb128 -24
 269 0188 07       		.uleb128 0x7
 270 0189 27010000 		.4byte	.LASF47
 271 018d 67       		.sleb128 -25
 272 018e 00       		.byte	0
 273 018f 03       		.uleb128 0x3
 274 0190 74040000 		.4byte	.LASF48
 275 0194 06       		.byte	0x6
 276 0195 EA       		.byte	0xea
 277 0196 E6000000 		.4byte	0xe6
 278 019a 08       		.uleb128 0x8
 279 019b 02       		.byte	0x2
 280 019c 07       		.byte	0x7
 281 019d 21       		.byte	0x21
 282 019e BB010000 		.4byte	0x1bb
 283 01a2 09       		.uleb128 0x9
 284 01a3 0A040000 		.4byte	.LASF49
 285 01a7 07       		.byte	0x7
 286 01a8 23       		.byte	0x23
 287 01a9 DB000000 		.4byte	0xdb
 288 01ad 00       		.byte	0
ARM GAS  C:\Users\DHEERA~1\AppData\Local\Temp\ccoKva30.s 			page 7


 289 01ae 09       		.uleb128 0x9
 290 01af 15040000 		.4byte	.LASF50
 291 01b3 07       		.byte	0x7
 292 01b4 24       		.byte	0x24
 293 01b5 DB000000 		.4byte	0xdb
 294 01b9 01       		.byte	0x1
 295 01ba 00       		.byte	0
 296 01bb 03       		.uleb128 0x3
 297 01bc 06020000 		.4byte	.LASF51
 298 01c0 07       		.byte	0x7
 299 01c1 27       		.byte	0x27
 300 01c2 9A010000 		.4byte	0x19a
 301 01c6 0A       		.uleb128 0xa
 302 01c7 D7010000 		.4byte	.LASF61
 303 01cb 01       		.byte	0x1
 304 01cc 2A       		.byte	0x2a
 305 01cd 8F010000 		.4byte	0x18f
 306 01d1 00000000 		.4byte	.LFB110
 307 01d5 24000000 		.4byte	.LFE110-.LFB110
 308 01d9 01       		.uleb128 0x1
 309 01da 9C       		.byte	0x9c
 310 01db 1D020000 		.4byte	0x21d
 311 01df 0B       		.uleb128 0xb
 312 01e0 5A030000 		.4byte	.LASF62
 313 01e4 01       		.byte	0x1
 314 01e5 2A       		.byte	0x2a
 315 01e6 23020000 		.4byte	0x223
 316 01ea 00000000 		.4byte	.LLST0
 317 01ee 0C       		.uleb128 0xc
 318 01ef 6100     		.ascii	"a\000"
 319 01f1 01       		.byte	0x1
 320 01f2 2D       		.byte	0x2d
 321 01f3 DB000000 		.4byte	0xdb
 322 01f7 02       		.uleb128 0x2
 323 01f8 91       		.byte	0x91
 324 01f9 77       		.sleb128 -9
 325 01fa 0C       		.uleb128 0xc
 326 01fb 6200     		.ascii	"b\000"
 327 01fd 01       		.byte	0x1
 328 01fe 2D       		.byte	0x2d
 329 01ff DB000000 		.4byte	0xdb
 330 0203 02       		.uleb128 0x2
 331 0204 91       		.byte	0x91
 332 0205 76       		.sleb128 -10
 333 0206 0D       		.uleb128 0xd
 334 0207 12000000 		.4byte	.LVL2
 335 020b 70020000 		.4byte	0x270
 336 020f 0E       		.uleb128 0xe
 337 0210 01       		.uleb128 0x1
 338 0211 50       		.byte	0x50
 339 0212 02       		.uleb128 0x2
 340 0213 91       		.byte	0x91
 341 0214 77       		.sleb128 -9
 342 0215 0E       		.uleb128 0xe
 343 0216 01       		.uleb128 0x1
 344 0217 51       		.byte	0x51
 345 0218 02       		.uleb128 0x2
ARM GAS  C:\Users\DHEERA~1\AppData\Local\Temp\ccoKva30.s 			page 8


 346 0219 91       		.byte	0x91
 347 021a 76       		.sleb128 -10
 348 021b 00       		.byte	0
 349 021c 00       		.byte	0
 350 021d 0F       		.uleb128 0xf
 351 021e 04       		.byte	0x4
 352 021f BB010000 		.4byte	0x1bb
 353 0223 10       		.uleb128 0x10
 354 0224 1D020000 		.4byte	0x21d
 355 0228 11       		.uleb128 0x11
 356 0229 5C040000 		.4byte	.LASF52
 357 022d 08       		.byte	0x8
 358 022e 40       		.byte	0x40
 359 022f B3000000 		.4byte	0xb3
 360 0233 11       		.uleb128 0x11
 361 0234 4E010000 		.4byte	.LASF53
 362 0238 08       		.byte	0x8
 363 0239 47       		.byte	0x47
 364 023a BE000000 		.4byte	0xbe
 365 023e 11       		.uleb128 0x11
 366 023f 5F030000 		.4byte	.LASF54
 367 0243 08       		.byte	0x8
 368 0244 4A       		.byte	0x4a
 369 0245 B3000000 		.4byte	0xb3
 370 0249 11       		.uleb128 0x11
 371 024a F1000000 		.4byte	.LASF55
 372 024e 09       		.byte	0x9
 373 024f 48       		.byte	0x48
 374 0250 C9000000 		.4byte	0xc9
 375 0254 11       		.uleb128 0x11
 376 0255 DC000000 		.4byte	.LASF56
 377 0259 0A       		.byte	0xa
 378 025a 44       		.byte	0x44
 379 025b B3000000 		.4byte	0xb3
 380 025f 12       		.uleb128 0x12
 381 0260 20040000 		.4byte	.LASF57
 382 0264 0B       		.byte	0xb
 383 0265 1207     		.2byte	0x712
 384 0267 6B020000 		.4byte	0x26b
 385 026b 13       		.uleb128 0x13
 386 026c 76000000 		.4byte	0x76
 387 0270 14       		.uleb128 0x14
 388 0271 36040000 		.4byte	.LASF63
 389 0275 36040000 		.4byte	.LASF63
 390 0279 0C       		.byte	0xc
 391 027a 75       		.byte	0x75
 392 027b 00       		.byte	0
 393              		.section	.debug_abbrev,"",%progbits
 394              	.Ldebug_abbrev0:
 395 0000 01       		.uleb128 0x1
 396 0001 11       		.uleb128 0x11
 397 0002 01       		.byte	0x1
 398 0003 25       		.uleb128 0x25
 399 0004 0E       		.uleb128 0xe
 400 0005 13       		.uleb128 0x13
 401 0006 0B       		.uleb128 0xb
 402 0007 03       		.uleb128 0x3
ARM GAS  C:\Users\DHEERA~1\AppData\Local\Temp\ccoKva30.s 			page 9


 403 0008 0E       		.uleb128 0xe
 404 0009 1B       		.uleb128 0x1b
 405 000a 0E       		.uleb128 0xe
 406 000b 55       		.uleb128 0x55
 407 000c 17       		.uleb128 0x17
 408 000d 11       		.uleb128 0x11
 409 000e 01       		.uleb128 0x1
 410 000f 10       		.uleb128 0x10
 411 0010 17       		.uleb128 0x17
 412 0011 00       		.byte	0
 413 0012 00       		.byte	0
 414 0013 02       		.uleb128 0x2
 415 0014 24       		.uleb128 0x24
 416 0015 00       		.byte	0
 417 0016 0B       		.uleb128 0xb
 418 0017 0B       		.uleb128 0xb
 419 0018 3E       		.uleb128 0x3e
 420 0019 0B       		.uleb128 0xb
 421 001a 03       		.uleb128 0x3
 422 001b 0E       		.uleb128 0xe
 423 001c 00       		.byte	0
 424 001d 00       		.byte	0
 425 001e 03       		.uleb128 0x3
 426 001f 16       		.uleb128 0x16
 427 0020 00       		.byte	0
 428 0021 03       		.uleb128 0x3
 429 0022 0E       		.uleb128 0xe
 430 0023 3A       		.uleb128 0x3a
 431 0024 0B       		.uleb128 0xb
 432 0025 3B       		.uleb128 0x3b
 433 0026 0B       		.uleb128 0xb
 434 0027 49       		.uleb128 0x49
 435 0028 13       		.uleb128 0x13
 436 0029 00       		.byte	0
 437 002a 00       		.byte	0
 438 002b 04       		.uleb128 0x4
 439 002c 24       		.uleb128 0x24
 440 002d 00       		.byte	0
 441 002e 0B       		.uleb128 0xb
 442 002f 0B       		.uleb128 0xb
 443 0030 3E       		.uleb128 0x3e
 444 0031 0B       		.uleb128 0xb
 445 0032 03       		.uleb128 0x3
 446 0033 08       		.uleb128 0x8
 447 0034 00       		.byte	0
 448 0035 00       		.byte	0
 449 0036 05       		.uleb128 0x5
 450 0037 04       		.uleb128 0x4
 451 0038 01       		.byte	0x1
 452 0039 0B       		.uleb128 0xb
 453 003a 0B       		.uleb128 0xb
 454 003b 49       		.uleb128 0x49
 455 003c 13       		.uleb128 0x13
 456 003d 3A       		.uleb128 0x3a
 457 003e 0B       		.uleb128 0xb
 458 003f 3B       		.uleb128 0x3b
 459 0040 0B       		.uleb128 0xb
ARM GAS  C:\Users\DHEERA~1\AppData\Local\Temp\ccoKva30.s 			page 10


 460 0041 01       		.uleb128 0x1
 461 0042 13       		.uleb128 0x13
 462 0043 00       		.byte	0
 463 0044 00       		.byte	0
 464 0045 06       		.uleb128 0x6
 465 0046 28       		.uleb128 0x28
 466 0047 00       		.byte	0
 467 0048 03       		.uleb128 0x3
 468 0049 0E       		.uleb128 0xe
 469 004a 1C       		.uleb128 0x1c
 470 004b 0B       		.uleb128 0xb
 471 004c 00       		.byte	0
 472 004d 00       		.byte	0
 473 004e 07       		.uleb128 0x7
 474 004f 28       		.uleb128 0x28
 475 0050 00       		.byte	0
 476 0051 03       		.uleb128 0x3
 477 0052 0E       		.uleb128 0xe
 478 0053 1C       		.uleb128 0x1c
 479 0054 0D       		.uleb128 0xd
 480 0055 00       		.byte	0
 481 0056 00       		.byte	0
 482 0057 08       		.uleb128 0x8
 483 0058 13       		.uleb128 0x13
 484 0059 01       		.byte	0x1
 485 005a 0B       		.uleb128 0xb
 486 005b 0B       		.uleb128 0xb
 487 005c 3A       		.uleb128 0x3a
 488 005d 0B       		.uleb128 0xb
 489 005e 3B       		.uleb128 0x3b
 490 005f 0B       		.uleb128 0xb
 491 0060 01       		.uleb128 0x1
 492 0061 13       		.uleb128 0x13
 493 0062 00       		.byte	0
 494 0063 00       		.byte	0
 495 0064 09       		.uleb128 0x9
 496 0065 0D       		.uleb128 0xd
 497 0066 00       		.byte	0
 498 0067 03       		.uleb128 0x3
 499 0068 0E       		.uleb128 0xe
 500 0069 3A       		.uleb128 0x3a
 501 006a 0B       		.uleb128 0xb
 502 006b 3B       		.uleb128 0x3b
 503 006c 0B       		.uleb128 0xb
 504 006d 49       		.uleb128 0x49
 505 006e 13       		.uleb128 0x13
 506 006f 38       		.uleb128 0x38
 507 0070 0B       		.uleb128 0xb
 508 0071 00       		.byte	0
 509 0072 00       		.byte	0
 510 0073 0A       		.uleb128 0xa
 511 0074 2E       		.uleb128 0x2e
 512 0075 01       		.byte	0x1
 513 0076 3F       		.uleb128 0x3f
 514 0077 19       		.uleb128 0x19
 515 0078 03       		.uleb128 0x3
 516 0079 0E       		.uleb128 0xe
ARM GAS  C:\Users\DHEERA~1\AppData\Local\Temp\ccoKva30.s 			page 11


 517 007a 3A       		.uleb128 0x3a
 518 007b 0B       		.uleb128 0xb
 519 007c 3B       		.uleb128 0x3b
 520 007d 0B       		.uleb128 0xb
 521 007e 27       		.uleb128 0x27
 522 007f 19       		.uleb128 0x19
 523 0080 49       		.uleb128 0x49
 524 0081 13       		.uleb128 0x13
 525 0082 11       		.uleb128 0x11
 526 0083 01       		.uleb128 0x1
 527 0084 12       		.uleb128 0x12
 528 0085 06       		.uleb128 0x6
 529 0086 40       		.uleb128 0x40
 530 0087 18       		.uleb128 0x18
 531 0088 9742     		.uleb128 0x2117
 532 008a 19       		.uleb128 0x19
 533 008b 01       		.uleb128 0x1
 534 008c 13       		.uleb128 0x13
 535 008d 00       		.byte	0
 536 008e 00       		.byte	0
 537 008f 0B       		.uleb128 0xb
 538 0090 05       		.uleb128 0x5
 539 0091 00       		.byte	0
 540 0092 03       		.uleb128 0x3
 541 0093 0E       		.uleb128 0xe
 542 0094 3A       		.uleb128 0x3a
 543 0095 0B       		.uleb128 0xb
 544 0096 3B       		.uleb128 0x3b
 545 0097 0B       		.uleb128 0xb
 546 0098 49       		.uleb128 0x49
 547 0099 13       		.uleb128 0x13
 548 009a 02       		.uleb128 0x2
 549 009b 17       		.uleb128 0x17
 550 009c 00       		.byte	0
 551 009d 00       		.byte	0
 552 009e 0C       		.uleb128 0xc
 553 009f 34       		.uleb128 0x34
 554 00a0 00       		.byte	0
 555 00a1 03       		.uleb128 0x3
 556 00a2 08       		.uleb128 0x8
 557 00a3 3A       		.uleb128 0x3a
 558 00a4 0B       		.uleb128 0xb
 559 00a5 3B       		.uleb128 0x3b
 560 00a6 0B       		.uleb128 0xb
 561 00a7 49       		.uleb128 0x49
 562 00a8 13       		.uleb128 0x13
 563 00a9 02       		.uleb128 0x2
 564 00aa 18       		.uleb128 0x18
 565 00ab 00       		.byte	0
 566 00ac 00       		.byte	0
 567 00ad 0D       		.uleb128 0xd
 568 00ae 898201   		.uleb128 0x4109
 569 00b1 01       		.byte	0x1
 570 00b2 11       		.uleb128 0x11
 571 00b3 01       		.uleb128 0x1
 572 00b4 31       		.uleb128 0x31
 573 00b5 13       		.uleb128 0x13
ARM GAS  C:\Users\DHEERA~1\AppData\Local\Temp\ccoKva30.s 			page 12


 574 00b6 00       		.byte	0
 575 00b7 00       		.byte	0
 576 00b8 0E       		.uleb128 0xe
 577 00b9 8A8201   		.uleb128 0x410a
 578 00bc 00       		.byte	0
 579 00bd 02       		.uleb128 0x2
 580 00be 18       		.uleb128 0x18
 581 00bf 9142     		.uleb128 0x2111
 582 00c1 18       		.uleb128 0x18
 583 00c2 00       		.byte	0
 584 00c3 00       		.byte	0
 585 00c4 0F       		.uleb128 0xf
 586 00c5 0F       		.uleb128 0xf
 587 00c6 00       		.byte	0
 588 00c7 0B       		.uleb128 0xb
 589 00c8 0B       		.uleb128 0xb
 590 00c9 49       		.uleb128 0x49
 591 00ca 13       		.uleb128 0x13
 592 00cb 00       		.byte	0
 593 00cc 00       		.byte	0
 594 00cd 10       		.uleb128 0x10
 595 00ce 26       		.uleb128 0x26
 596 00cf 00       		.byte	0
 597 00d0 49       		.uleb128 0x49
 598 00d1 13       		.uleb128 0x13
 599 00d2 00       		.byte	0
 600 00d3 00       		.byte	0
 601 00d4 11       		.uleb128 0x11
 602 00d5 34       		.uleb128 0x34
 603 00d6 00       		.byte	0
 604 00d7 03       		.uleb128 0x3
 605 00d8 0E       		.uleb128 0xe
 606 00d9 3A       		.uleb128 0x3a
 607 00da 0B       		.uleb128 0xb
 608 00db 3B       		.uleb128 0x3b
 609 00dc 0B       		.uleb128 0xb
 610 00dd 49       		.uleb128 0x49
 611 00de 13       		.uleb128 0x13
 612 00df 3F       		.uleb128 0x3f
 613 00e0 19       		.uleb128 0x19
 614 00e1 3C       		.uleb128 0x3c
 615 00e2 19       		.uleb128 0x19
 616 00e3 00       		.byte	0
 617 00e4 00       		.byte	0
 618 00e5 12       		.uleb128 0x12
 619 00e6 34       		.uleb128 0x34
 620 00e7 00       		.byte	0
 621 00e8 03       		.uleb128 0x3
 622 00e9 0E       		.uleb128 0xe
 623 00ea 3A       		.uleb128 0x3a
 624 00eb 0B       		.uleb128 0xb
 625 00ec 3B       		.uleb128 0x3b
 626 00ed 05       		.uleb128 0x5
 627 00ee 49       		.uleb128 0x49
 628 00ef 13       		.uleb128 0x13
 629 00f0 3F       		.uleb128 0x3f
 630 00f1 19       		.uleb128 0x19
ARM GAS  C:\Users\DHEERA~1\AppData\Local\Temp\ccoKva30.s 			page 13


 631 00f2 3C       		.uleb128 0x3c
 632 00f3 19       		.uleb128 0x19
 633 00f4 00       		.byte	0
 634 00f5 00       		.byte	0
 635 00f6 13       		.uleb128 0x13
 636 00f7 35       		.uleb128 0x35
 637 00f8 00       		.byte	0
 638 00f9 49       		.uleb128 0x49
 639 00fa 13       		.uleb128 0x13
 640 00fb 00       		.byte	0
 641 00fc 00       		.byte	0
 642 00fd 14       		.uleb128 0x14
 643 00fe 2E       		.uleb128 0x2e
 644 00ff 00       		.byte	0
 645 0100 3F       		.uleb128 0x3f
 646 0101 19       		.uleb128 0x19
 647 0102 3C       		.uleb128 0x3c
 648 0103 19       		.uleb128 0x19
 649 0104 6E       		.uleb128 0x6e
 650 0105 0E       		.uleb128 0xe
 651 0106 03       		.uleb128 0x3
 652 0107 0E       		.uleb128 0xe
 653 0108 3A       		.uleb128 0x3a
 654 0109 0B       		.uleb128 0xb
 655 010a 3B       		.uleb128 0x3b
 656 010b 0B       		.uleb128 0xb
 657 010c 00       		.byte	0
 658 010d 00       		.byte	0
 659 010e 00       		.byte	0
 660              		.section	.debug_loc,"",%progbits
 661              	.Ldebug_loc0:
 662              	.LLST0:
 663 0000 00000000 		.4byte	.LVL0
 664 0004 0E000000 		.4byte	.LVL1
 665 0008 0100     		.2byte	0x1
 666 000a 50       		.byte	0x50
 667 000b 0E000000 		.4byte	.LVL1
 668 000f 24000000 		.4byte	.LFE110
 669 0013 0100     		.2byte	0x1
 670 0015 54       		.byte	0x54
 671 0016 00000000 		.4byte	0
 672 001a 00000000 		.4byte	0
 673              		.section	.debug_aranges,"",%progbits
 674 0000 1C000000 		.4byte	0x1c
 675 0004 0200     		.2byte	0x2
 676 0006 00000000 		.4byte	.Ldebug_info0
 677 000a 04       		.byte	0x4
 678 000b 00       		.byte	0
 679 000c 0000     		.2byte	0
 680 000e 0000     		.2byte	0
 681 0010 00000000 		.4byte	.LFB110
 682 0014 24000000 		.4byte	.LFE110-.LFB110
 683 0018 00000000 		.4byte	0
 684 001c 00000000 		.4byte	0
 685              		.section	.debug_ranges,"",%progbits
 686              	.Ldebug_ranges0:
 687 0000 00000000 		.4byte	.LFB110
ARM GAS  C:\Users\DHEERA~1\AppData\Local\Temp\ccoKva30.s 			page 14


 688 0004 24000000 		.4byte	.LFE110
 689 0008 00000000 		.4byte	0
 690 000c 00000000 		.4byte	0
 691              		.section	.debug_line,"",%progbits
 692              	.Ldebug_line0:
 693 0000 24020000 		.section	.debug_str,"MS",%progbits,1
 693      02000B02 
 693      00000201 
 693      FB0E0D00 
 693      01010101 
 694              	.LASF36:
 695 0000 52435F45 		.ascii	"RC_ERROR_READ_ONLY\000"
 695      52524F52 
 695      5F524541 
 695      445F4F4E 
 695      4C5900
 696              	.LASF22:
 697 0013 52435F53 		.ascii	"RC_SUCCESS\000"
 697      55434345 
 697      535300
 698              	.LASF37:
 699 001e 52435F45 		.ascii	"RC_ERROR_WRITE_ONLY\000"
 699      52524F52 
 699      5F575249 
 699      54455F4F 
 699      4E4C5900 
 700              	.LASF2:
 701 0032 73686F72 		.ascii	"short int\000"
 701      7420696E 
 701      7400
 702              	.LASF28:
 703 003c 52435F45 		.ascii	"RC_ERROR_OVERRUN\000"
 703      52524F52 
 703      5F4F5645 
 703      5252554E 
 703      00
 704              	.LASF40:
 705 004d 52435F45 		.ascii	"RC_ERROR_WRITE_FAILS\000"
 705      52524F52 
 705      5F575249 
 705      54455F46 
 705      41494C53 
 706              	.LASF20:
 707 0062 73697A65 		.ascii	"sizetype\000"
 707      74797065 
 707      00
 708              	.LASF25:
 709 006b 52435F45 		.ascii	"RC_ERROR_ZERO\000"
 709      52524F52 
 709      5F5A4552 
 709      4F00
 710              	.LASF18:
 711 0079 45455F46 		.ascii	"EE_FREG\000"
 711      52454700 
 712              	.LASF39:
 713 0081 52435F45 		.ascii	"RC_ERROR_READ_FAILS\000"
 713      52524F52 
ARM GAS  C:\Users\DHEERA~1\AppData\Local\Temp\ccoKva30.s 			page 15


 713      5F524541 
 713      445F4641 
 713      494C5300 
 714              	.LASF59:
 715 0095 736F7572 		.ascii	"sources\\rte\\sc_joystick_type.c\000"
 715      6365735C 
 715      7274655C 
 715      73635F6A 
 715      6F797374 
 716              	.LASF16:
 717 00b4 45455F55 		.ascii	"EE_UINT32\000"
 717      494E5433 
 717      3200
 718              	.LASF19:
 719 00be 45455F54 		.ascii	"EE_TID\000"
 719      494400
 720              	.LASF45:
 721 00c5 52435F45 		.ascii	"RC_ERROR_INVALID_STATE\000"
 721      52524F52 
 721      5F494E56 
 721      414C4944 
 721      5F535441 
 722              	.LASF56:
 723 00dc 45455F49 		.ascii	"EE_IRQ_nesting_level\000"
 723      52515F6E 
 723      65737469 
 723      6E675F6C 
 723      6576656C 
 724              	.LASF55:
 725 00f1 45455F73 		.ascii	"EE_std_endcycle_next_tid\000"
 725      74645F65 
 725      6E646379 
 725      636C655F 
 725      6E657874 
 726              	.LASF27:
 727 010a 52435F45 		.ascii	"RC_ERROR_RANGE\000"
 727      52524F52 
 727      5F52414E 
 727      474500
 728              	.LASF17:
 729 0119 45455F55 		.ascii	"EE_UREG\000"
 729      52454700 
 730              	.LASF11:
 731 0121 666C6F61 		.ascii	"float\000"
 731      7400
 732              	.LASF47:
 733 0127 52435F45 		.ascii	"RC_ERROR_NOT_IMPLEMENTED\000"
 733      52524F52 
 733      5F4E4F54 
 733      5F494D50 
 733      4C454D45 
 734              	.LASF6:
 735 0140 6C6F6E67 		.ascii	"long long int\000"
 735      206C6F6E 
 735      6720696E 
 735      7400
 736              	.LASF53:
ARM GAS  C:\Users\DHEERA~1\AppData\Local\Temp\ccoKva30.s 			page 16


 737 014e 45455F6F 		.ascii	"EE_oo_IRQ_suspend_status\000"
 737      6F5F4952 
 737      515F7375 
 737      7370656E 
 737      645F7374 
 738              	.LASF41:
 739 0167 52435F45 		.ascii	"RC_ERROR_NOT_MATCH\000"
 739      52524F52 
 739      5F4E4F54 
 739      5F4D4154 
 739      434800
 740              	.LASF46:
 741 017a 52435F45 		.ascii	"RC_ERROR_UNKNOWN\000"
 741      52524F52 
 741      5F554E4B 
 741      4E4F574E 
 741      00
 742              	.LASF4:
 743 018b 6C6F6E67 		.ascii	"long int\000"
 743      20696E74 
 743      00
 744              	.LASF29:
 745 0194 52435F45 		.ascii	"RC_ERROR_UNDERRUN\000"
 745      52524F52 
 745      5F554E44 
 745      45525255 
 745      4E00
 746              	.LASF32:
 747 01a6 52435F45 		.ascii	"RC_ERROR_BUSY\000"
 747      52524F52 
 747      5F425553 
 747      5900
 748              	.LASF38:
 749 01b4 52435F45 		.ascii	"RC_ERROR_INVALID\000"
 749      52524F52 
 749      5F494E56 
 749      414C4944 
 749      00
 750              	.LASF43:
 751 01c5 52435F45 		.ascii	"RC_ERROR_BAD_DATA\000"
 751      52524F52 
 751      5F424144 
 751      5F444154 
 751      4100
 752              	.LASF61:
 753 01d7 53435F4A 		.ascii	"SC_JOYSTICK_driverIn\000"
 753      4F595354 
 753      49434B5F 
 753      64726976 
 753      6572496E 
 754              	.LASF14:
 755 01ec 6C6F6E67 		.ascii	"long double\000"
 755      20646F75 
 755      626C6500 
 756              	.LASF1:
 757 01f8 756E7369 		.ascii	"unsigned char\000"
 757      676E6564 
ARM GAS  C:\Users\DHEERA~1\AppData\Local\Temp\ccoKva30.s 			page 17


 757      20636861 
 757      7200
 758              	.LASF51:
 759 0206 53435F4A 		.ascii	"SC_JOYSTICK_data_t\000"
 759      4F595354 
 759      49434B5F 
 759      64617461 
 759      5F7400
 760              	.LASF0:
 761 0219 7369676E 		.ascii	"signed char\000"
 761      65642063 
 761      68617200 
 762              	.LASF7:
 763 0225 6C6F6E67 		.ascii	"long long unsigned int\000"
 763      206C6F6E 
 763      6720756E 
 763      7369676E 
 763      65642069 
 764              	.LASF8:
 765 023c 756E7369 		.ascii	"unsigned int\000"
 765      676E6564 
 765      20696E74 
 765      00
 766              	.LASF34:
 767 0249 52435F45 		.ascii	"RC_ERROR_OPEN\000"
 767      52524F52 
 767      5F4F5045 
 767      4E00
 768              	.LASF24:
 769 0257 52435F45 		.ascii	"RC_ERROR_NULL\000"
 769      52524F52 
 769      5F4E554C 
 769      4C00
 770              	.LASF31:
 771 0265 52435F45 		.ascii	"RC_ERROR_BUFFER_EMTPY\000"
 771      52524F52 
 771      5F425546 
 771      4645525F 
 771      454D5450 
 772              	.LASF15:
 773 027b 45455F49 		.ascii	"EE_INT32\000"
 773      4E543332 
 773      00
 774              	.LASF3:
 775 0284 73686F72 		.ascii	"short unsigned int\000"
 775      7420756E 
 775      7369676E 
 775      65642069 
 775      6E7400
 776              	.LASF58:
 777 0297 474E5520 		.ascii	"GNU C11 5.4.1 20160609 (release) [ARM/embedded-5-br"
 777      43313120 
 777      352E342E 
 777      31203230 
 777      31363036 
 778 02ca 616E6368 		.ascii	"anch revision 237715] -mcpu=cortex-m3 -mthumb -g -O"
 778      20726576 
ARM GAS  C:\Users\DHEERA~1\AppData\Local\Temp\ccoKva30.s 			page 18


 778      6973696F 
 778      6E203233 
 778      37373135 
 779 02fd 67202D66 		.ascii	"g -ffunction-sections -ffat-lto-objects\000"
 779      66756E63 
 779      74696F6E 
 779      2D736563 
 779      74696F6E 
 780              	.LASF13:
 781 0325 63686172 		.ascii	"char\000"
 781      00
 782              	.LASF30:
 783 032a 52435F45 		.ascii	"RC_ERROR_BUFFER_FULL\000"
 783      52524F52 
 783      5F425546 
 783      4645525F 
 783      46554C4C 
 784              	.LASF10:
 785 033f 696E7433 		.ascii	"int32_t\000"
 785      325F7400 
 786              	.LASF42:
 787 0347 52435F45 		.ascii	"RC_ERROR_BAD_PARAM\000"
 787      52524F52 
 787      5F424144 
 787      5F504152 
 787      414D00
 788              	.LASF62:
 789 035a 64617461 		.ascii	"data\000"
 789      00
 790              	.LASF54:
 791 035f 45455F41 		.ascii	"EE_ApplicationMode\000"
 791      70706C69 
 791      63617469 
 791      6F6E4D6F 
 791      646500
 792              	.LASF5:
 793 0372 6C6F6E67 		.ascii	"long unsigned int\000"
 793      20756E73 
 793      69676E65 
 793      6420696E 
 793      7400
 794              	.LASF12:
 795 0384 646F7562 		.ascii	"double\000"
 795      6C6500
 796              	.LASF35:
 797 038b 52435F45 		.ascii	"RC_ERROR_CHECKSUM\000"
 797      52524F52 
 797      5F434845 
 797      434B5355 
 797      4D00
 798              	.LASF60:
 799 039d 443A5C4D 		.ascii	"D:\\MS\\HDA\\Embedded\\Second_sem\\EAA\\Assignment1"
 799      535C4844 
 799      415C456D 
 799      62656464 
 799      65645C53 
 800 03ca 5C456C65 		.ascii	"\\Electronic_Gaspedal\\Design01.cydsn\000"
ARM GAS  C:\Users\DHEERA~1\AppData\Local\Temp\ccoKva30.s 			page 19


 800      6374726F 
 800      6E69635F 
 800      47617370 
 800      6564616C 
 801              	.LASF9:
 802 03ee 5F5F696E 		.ascii	"__int32_t\000"
 802      7433325F 
 802      7400
 803              	.LASF44:
 804 03f8 52435F45 		.ascii	"RC_ERROR_CANCELED\000"
 804      52524F52 
 804      5F43414E 
 804      43454C45 
 804      4400
 805              	.LASF49:
 806 040a 6A6F7973 		.ascii	"joystick_x\000"
 806      7469636B 
 806      5F7800
 807              	.LASF50:
 808 0415 6A6F7973 		.ascii	"joystick_y\000"
 808      7469636B 
 808      5F7900
 809              	.LASF57:
 810 0420 49544D5F 		.ascii	"ITM_RxBuffer\000"
 810      52784275 
 810      66666572 
 810      00
 811              	.LASF23:
 812 042d 52435F45 		.ascii	"RC_ERROR\000"
 812      52524F52 
 812      00
 813              	.LASF63:
 814 0436 4A4F5953 		.ascii	"JOYSTICK_ReadPosition\000"
 814      5449434B 
 814      5F526561 
 814      64506F73 
 814      6974696F 
 815              	.LASF26:
 816 044c 52435F45 		.ascii	"RC_ERROR_MEMORY\000"
 816      52524F52 
 816      5F4D454D 
 816      4F525900 
 817              	.LASF52:
 818 045c 45455F6F 		.ascii	"EE_oo_IRQ_disable_count\000"
 818      6F5F4952 
 818      515F6469 
 818      7361626C 
 818      655F636F 
 819              	.LASF48:
 820 0474 52435F74 		.ascii	"RC_t\000"
 820      00
 821              	.LASF21:
 822 0479 73696E74 		.ascii	"sint8_t\000"
 822      385F7400 
 823              	.LASF33:
 824 0481 52435F45 		.ascii	"RC_ERROR_TIME_OUT\000"
 824      52524F52 
ARM GAS  C:\Users\DHEERA~1\AppData\Local\Temp\ccoKva30.s 			page 20


 824      5F54494D 
 824      455F4F55 
 824      5400
 825              		.ident	"GCC: (GNU Tools for ARM Embedded Processors) 5.4.1 20160609 (release) [ARM/embedded-5-bran
