ARM GAS  C:\Users\DHEERA~1\AppData\Local\Temp\ccdDyxub.s 			page 1


   1              		.syntax unified
   2              		.cpu cortex-m3
   3              		.fpu softvfp
   4              		.eabi_attribute 20, 1
   5              		.eabi_attribute 21, 1
   6              		.eabi_attribute 23, 3
   7              		.eabi_attribute 24, 1
   8              		.eabi_attribute 25, 1
   9              		.eabi_attribute 26, 1
  10              		.eabi_attribute 30, 1
  11              		.eabi_attribute 34, 1
  12              		.eabi_attribute 18, 4
  13              		.thumb
  14              		.syntax unified
  15              		.file	"tsk_control.c"
  16              		.text
  17              	.Ltext0:
  18              		.cfi_sections	.debug_frame
  19              		.section	.text.Functsk_control,"ax",%progbits
  20              		.align	2
  21              		.global	Functsk_control
  22              		.thumb
  23              		.thumb_func
  24              		.type	Functsk_control, %function
  25              	Functsk_control:
  26              	.LFB110:
  27              		.file 1 "sources\\asw\\tsk_control.c"
   1:sources\asw/tsk_control.c **** /*
   2:sources\asw/tsk_control.c ****  * Filename: tsk_control.c
   3:sources\asw/tsk_control.c ****  *
   4:sources\asw/tsk_control.c ****  * Author: Autogenerated by H-DA RTE Generator, (c) Prof. Fromm
   5:sources\asw/tsk_control.c ****  *
   6:sources\asw/tsk_control.c ****  * description: Task control will call the application code(control algorithm, ADAS functions, ...)
   7:sources\asw/tsk_control.c ****  * events: ev_joystick_onData|ev_speed_onData
   8:sources\asw/tsk_control.c ****  * mode: Cyclic and Event
   9:sources\asw/tsk_control.c ****  * name: tsk_control
  10:sources\asw/tsk_control.c ****  * shortname: control
  11:sources\asw/tsk_control.c ****  * signalpoolsRO: sp_common
  12:sources\asw/tsk_control.c ****  * signalpoolsRW: sp_common
  13:sources\asw/tsk_control.c ****  * tickEvent: 0
  14:sources\asw/tsk_control.c ****  * timertickperiod: 1
  15:sources\asw/tsk_control.c ****  *
  16:sources\asw/tsk_control.c ****  */
  17:sources\asw/tsk_control.c **** 
  18:sources\asw/tsk_control.c **** #include "project.h"
  19:sources\asw/tsk_control.c **** #include "global.h"
  20:sources\asw/tsk_control.c **** #include "rte.h"
  21:sources\asw/tsk_control.c **** #include "rte_types.h"
  22:sources\asw/tsk_control.c **** #include "tsk_control.h"
  23:sources\asw/tsk_control.c **** 
  24:sources\asw/tsk_control.c **** 
  25:sources\asw/tsk_control.c **** 
  26:sources\asw/tsk_control.c **** /* USER CODE START TSK_CONTROL_INCLUDE */
  27:sources\asw/tsk_control.c **** 
  28:sources\asw/tsk_control.c **** /* USER CODE END TSK_CONTROL_INCLUDE */
  29:sources\asw/tsk_control.c **** 
  30:sources\asw/tsk_control.c **** #include "swc_control.h"
ARM GAS  C:\Users\DHEERA~1\AppData\Local\Temp\ccdDyxub.s 			page 2


  31:sources\asw/tsk_control.c **** #include "swc_brakelight.h"
  32:sources\asw/tsk_control.c **** 
  33:sources\asw/tsk_control.c **** 
  34:sources\asw/tsk_control.c **** 
  35:sources\asw/tsk_control.c **** /* USER CODE START TSK_CONTROL_USERDEFINITIONS */
  36:sources\asw/tsk_control.c **** 
  37:sources\asw/tsk_control.c **** /* USER CODE END TSK_CONTROL_USERDEFINITIONS */
  38:sources\asw/tsk_control.c **** 
  39:sources\asw/tsk_control.c **** /*******************************************************************************
  40:sources\asw/tsk_control.c ****  * Runnable Tables from Activation Engine
  41:sources\asw/tsk_control.c ****  *******************************************************************************/
  42:sources\asw/tsk_control.c **** 
  43:sources\asw/tsk_control.c **** /* Cyclic Table */
  44:sources\asw/tsk_control.c **** 
  45:sources\asw/tsk_control.c **** const RTE_cyclicTable_t RTE_cyclicActivationTable_tsk_control[] = {
  46:sources\asw/tsk_control.c **** };
  47:sources\asw/tsk_control.c **** const uint16_t RTE_cyclicActivation_tsk_control_size = sizeof (RTE_cyclicActivationTable_tsk_contro
  48:sources\asw/tsk_control.c **** 
  49:sources\asw/tsk_control.c **** /* Event Table */
  50:sources\asw/tsk_control.c **** const RTE_eventTable_t RTE_eventActivationTable_tsk_control[] = {
  51:sources\asw/tsk_control.c ****     { CONTROL_calcControl_run, ev_joystick_onData },  //Runnable
  52:sources\asw/tsk_control.c ****     { BRAKELIGHT_setBrakeLight_run, ev_speed_onData },  //Runnable
  53:sources\asw/tsk_control.c **** }; 
  54:sources\asw/tsk_control.c **** const uint16_t RTE_eventActivation_tsk_control_size = sizeof (RTE_eventActivationTable_tsk_control)
  55:sources\asw/tsk_control.c **** 
  56:sources\asw/tsk_control.c **** /*******************************************************************************
  57:sources\asw/tsk_control.c ****  * Task Body
  58:sources\asw/tsk_control.c ****  *******************************************************************************/
  59:sources\asw/tsk_control.c **** 
  60:sources\asw/tsk_control.c **** 
  61:sources\asw/tsk_control.c **** /*
  62:sources\asw/tsk_control.c ****  * description: Task control will call the application code(control algorithm, ADAS functions, ...)
  63:sources\asw/tsk_control.c ****  * events: ev_joystick_onData|ev_speed_onData
  64:sources\asw/tsk_control.c ****  * mode: Cyclic and Event
  65:sources\asw/tsk_control.c ****  * name: tsk_control
  66:sources\asw/tsk_control.c ****  * shortname: control
  67:sources\asw/tsk_control.c ****  * signalpoolsRO: sp_common
  68:sources\asw/tsk_control.c ****  * signalpoolsRW: sp_common
  69:sources\asw/tsk_control.c ****  * tickEvent: 0
  70:sources\asw/tsk_control.c ****  * timertickperiod: 1
  71:sources\asw/tsk_control.c ****  */
  72:sources\asw/tsk_control.c **** TASK(tsk_control)
  73:sources\asw/tsk_control.c **** {
  28              		.loc 1 73 0
  29              		.cfi_startproc
  30              		@ args = 0, pretend = 0, frame = 8
  31              		@ frame_needed = 0, uses_anonymous_args = 0
  32 0000 00B5     		push	{lr}
  33              		.cfi_def_cfa_offset 4
  34              		.cfi_offset 14, -4
  35 0002 83B0     		sub	sp, sp, #12
  36              		.cfi_def_cfa_offset 16
  37              	.LVL0:
  74:sources\asw/tsk_control.c **** 	/* ticktime of the task */
  75:sources\asw/tsk_control.c **** 	uint32_t ticktime = 0;
  76:sources\asw/tsk_control.c **** 	
  77:sources\asw/tsk_control.c ****     EventMaskType ev = 0;
ARM GAS  C:\Users\DHEERA~1\AppData\Local\Temp\ccdDyxub.s 			page 3


  38              		.loc 1 77 0
  39 0004 0023     		movs	r3, #0
  40 0006 0193     		str	r3, [sp, #4]
  41              	.L2:
  78:sources\asw/tsk_control.c **** 	
  79:sources\asw/tsk_control.c **** 	/* USER CODE START TSK_CONTROL_INIT */
  80:sources\asw/tsk_control.c **** 
  81:sources\asw/tsk_control.c **** 	/* USER CODE END TSK_CONTROL_INIT */
  82:sources\asw/tsk_control.c ****     
  83:sources\asw/tsk_control.c ****     while(1)
  84:sources\asw/tsk_control.c ****     {
  85:sources\asw/tsk_control.c ****         //Wait, read and clear the event
  86:sources\asw/tsk_control.c ****         WaitEvent(ev_joystick_onData|ev_speed_onData);
  42              		.loc 1 86 0
  43 0008 0320     		movs	r0, #3
  44 000a FFF7FEFF 		bl	EE_oo_WaitEvent
  45              	.LVL1:
  87:sources\asw/tsk_control.c ****         GetEvent(tsk_control,&ev);
  46              		.loc 1 87 0
  47 000e 01A9     		add	r1, sp, #4
  48 0010 0320     		movs	r0, #3
  49 0012 FFF7FEFF 		bl	EE_oo_GetEvent
  50              	.LVL2:
  88:sources\asw/tsk_control.c ****         ClearEvent(ev);
  51              		.loc 1 88 0
  52 0016 0198     		ldr	r0, [sp, #4]
  53 0018 FFF7FEFF 		bl	EE_oo_ClearEvent
  54              	.LVL3:
  89:sources\asw/tsk_control.c ****     
  90:sources\asw/tsk_control.c **** 		/* USER CODE START TSK_CONTROL_TASKBODY_PRE */
  91:sources\asw/tsk_control.c **** 
  92:sources\asw/tsk_control.c **** 		/* USER CODE END TSK_CONTROL_TASKBODY_PRE */
  93:sources\asw/tsk_control.c ****         
  94:sources\asw/tsk_control.c ****         if (ev & 0){
  95:sources\asw/tsk_control.c ****             //Process Cyclic table on tick
  96:sources\asw/tsk_control.c ****             RTE_ProcessCyclicTable(RTE_cyclicActivationTable_tsk_control, RTE_cyclicActivation_tsk_
  97:sources\asw/tsk_control.c **** 
  98:sources\asw/tsk_control.c **** 			ticktime += 1;
  99:sources\asw/tsk_control.c **** 			if (ticktime > 0xFFFFFF00) ticktime = 0;
 100:sources\asw/tsk_control.c **** 
 101:sources\asw/tsk_control.c **** 		};
 102:sources\asw/tsk_control.c **** 		
 103:sources\asw/tsk_control.c **** 		//Process data driven events
 104:sources\asw/tsk_control.c **** 		RTE_ProcessEventTable(RTE_eventActivationTable_tsk_control, RTE_eventActivation_tsk_control_size,
  55              		.loc 1 104 0
  56 001c 019A     		ldr	r2, [sp, #4]
  57 001e 0221     		movs	r1, #2
  58 0020 0148     		ldr	r0, .L4
  59 0022 FFF7FEFF 		bl	RTE_ProcessEventTable
  60              	.LVL4:
  61 0026 EFE7     		b	.L2
  62              	.L5:
  63              		.align	2
  64              	.L4:
  65 0028 00000000 		.word	.LANCHOR0
  66              		.cfi_endproc
  67              	.LFE110:
ARM GAS  C:\Users\DHEERA~1\AppData\Local\Temp\ccdDyxub.s 			page 4


  68              		.size	Functsk_control, .-Functsk_control
  69              		.global	RTE_eventActivation_tsk_control_size
  70              		.global	RTE_eventActivationTable_tsk_control
  71              		.global	RTE_cyclicActivation_tsk_control_size
  72              		.global	RTE_cyclicActivationTable_tsk_control
  73              		.section	.rodata
  74              		.align	2
  75              		.set	.LANCHOR0,. + 0
  76              		.type	RTE_eventActivationTable_tsk_control, %object
  77              		.size	RTE_eventActivationTable_tsk_control, 16
  78              	RTE_eventActivationTable_tsk_control:
  79 0000 00000000 		.word	CONTROL_calcControl_run
  80 0004 01000000 		.word	1
  81 0008 00000000 		.word	BRAKELIGHT_setBrakeLight_run
  82 000c 02000000 		.word	2
  83              		.type	RTE_eventActivation_tsk_control_size, %object
  84              		.size	RTE_eventActivation_tsk_control_size, 2
  85              	RTE_eventActivation_tsk_control_size:
  86 0010 0200     		.short	2
  87              		.type	RTE_cyclicActivation_tsk_control_size, %object
  88              		.size	RTE_cyclicActivation_tsk_control_size, 2
  89              	RTE_cyclicActivation_tsk_control_size:
  90 0012 0000     		.space	2
  91              		.type	RTE_cyclicActivationTable_tsk_control, %object
  92              		.size	RTE_cyclicActivationTable_tsk_control, 0
  93              	RTE_cyclicActivationTable_tsk_control:
  94              		.text
  95              	.Letext0:
  96              		.file 2 "d:\\psoc creator\\4.4\\psoc creator\\import\\gnu\\arm\\5.4.1\\arm-none-eabi\\include\\mac
  97              		.file 3 "d:\\psoc creator\\4.4\\psoc creator\\import\\gnu\\arm\\5.4.1\\arm-none-eabi\\include\\sys
  98              		.file 4 "Generated_Source\\PSoC5/ErikaOS_1_common_ee_types.inc"
  99              		.file 5 "Generated_Source\\PSoC5/ErikaOS_1_cortex_mx_ee_cpu.inc"
 100              		.file 6 "Generated_Source\\PSoC5/ErikaOS_1_ee_oo_common.inc"
 101              		.file 7 ".\\sources\\rte/rte_types.h"
 102              		.file 8 ".\\sources\\rte/rte.h"
 103              		.file 9 "Generated_Source\\PSoC5/ErikaOS_1_ee_oo_intfunc.inc"
 104              		.file 10 "Generated_Source\\PSoC5/ErikaOS_1_cortex_mx_ee_context.inc"
 105              		.file 11 "Generated_Source\\PSoC5/ErikaOS_1_common_ee_primitives.inc"
 106              		.file 12 "Generated_Source\\PSoC5/core_cm3.h"
 107              		.file 13 "Generated_Source\\PSoC5/ErikaOS_1_ee_oo_kernel.inc"
 108              		.section	.debug_info,"",%progbits
 109              	.Ldebug_info0:
 110 0000 06030000 		.4byte	0x306
 111 0004 0400     		.2byte	0x4
 112 0006 00000000 		.4byte	.Ldebug_abbrev0
 113 000a 04       		.byte	0x4
 114 000b 01       		.uleb128 0x1
 115 000c 4B010000 		.4byte	.LASF48
 116 0010 0C       		.byte	0xc
 117 0011 D9010000 		.4byte	.LASF49
 118 0015 62000000 		.4byte	.LASF50
 119 0019 00000000 		.4byte	.Ldebug_ranges0+0
 120 001d 00000000 		.4byte	0
 121 0021 00000000 		.4byte	.Ldebug_line0
 122 0025 02       		.uleb128 0x2
 123 0026 01       		.byte	0x1
 124 0027 06       		.byte	0x6
ARM GAS  C:\Users\DHEERA~1\AppData\Local\Temp\ccdDyxub.s 			page 5


 125 0028 B6030000 		.4byte	.LASF0
 126 002c 02       		.uleb128 0x2
 127 002d 01       		.byte	0x1
 128 002e 08       		.byte	0x8
 129 002f 3D010000 		.4byte	.LASF1
 130 0033 02       		.uleb128 0x2
 131 0034 02       		.byte	0x2
 132 0035 05       		.byte	0x5
 133 0036 85030000 		.4byte	.LASF2
 134 003a 03       		.uleb128 0x3
 135 003b 63020000 		.4byte	.LASF4
 136 003f 02       		.byte	0x2
 137 0040 2B       		.byte	0x2b
 138 0041 45000000 		.4byte	0x45
 139 0045 02       		.uleb128 0x2
 140 0046 02       		.byte	0x2
 141 0047 07       		.byte	0x7
 142 0048 2B020000 		.4byte	.LASF3
 143 004c 03       		.uleb128 0x3
 144 004d 4A000000 		.4byte	.LASF5
 145 0051 02       		.byte	0x2
 146 0052 3F       		.byte	0x3f
 147 0053 57000000 		.4byte	0x57
 148 0057 02       		.uleb128 0x2
 149 0058 04       		.byte	0x4
 150 0059 05       		.byte	0x5
 151 005a A1030000 		.4byte	.LASF6
 152 005e 03       		.uleb128 0x3
 153 005f 93020000 		.4byte	.LASF7
 154 0063 02       		.byte	0x2
 155 0064 41       		.byte	0x41
 156 0065 69000000 		.4byte	0x69
 157 0069 02       		.uleb128 0x2
 158 006a 04       		.byte	0x4
 159 006b 07       		.byte	0x7
 160 006c F3010000 		.4byte	.LASF8
 161 0070 02       		.uleb128 0x2
 162 0071 08       		.byte	0x8
 163 0072 05       		.byte	0x5
 164 0073 55030000 		.4byte	.LASF9
 165 0077 02       		.uleb128 0x2
 166 0078 08       		.byte	0x8
 167 0079 07       		.byte	0x7
 168 007a 04030000 		.4byte	.LASF10
 169 007e 04       		.uleb128 0x4
 170 007f 04       		.byte	0x4
 171 0080 05       		.byte	0x5
 172 0081 696E7400 		.ascii	"int\000"
 173 0085 02       		.uleb128 0x2
 174 0086 04       		.byte	0x4
 175 0087 07       		.byte	0x7
 176 0088 DC020000 		.4byte	.LASF11
 177 008c 03       		.uleb128 0x3
 178 008d 8F030000 		.4byte	.LASF12
 179 0091 03       		.byte	0x3
 180 0092 24       		.byte	0x24
 181 0093 3A000000 		.4byte	0x3a
ARM GAS  C:\Users\DHEERA~1\AppData\Local\Temp\ccdDyxub.s 			page 6


 182 0097 03       		.uleb128 0x3
 183 0098 44030000 		.4byte	.LASF13
 184 009c 03       		.byte	0x3
 185 009d 2C       		.byte	0x2c
 186 009e 4C000000 		.4byte	0x4c
 187 00a2 03       		.uleb128 0x3
 188 00a3 98030000 		.4byte	.LASF14
 189 00a7 03       		.byte	0x3
 190 00a8 30       		.byte	0x30
 191 00a9 5E000000 		.4byte	0x5e
 192 00ad 02       		.uleb128 0x2
 193 00ae 04       		.byte	0x4
 194 00af 04       		.byte	0x4
 195 00b0 08010000 		.4byte	.LASF15
 196 00b4 02       		.uleb128 0x2
 197 00b5 08       		.byte	0x8
 198 00b6 04       		.byte	0x4
 199 00b7 D8000000 		.4byte	.LASF16
 200 00bb 02       		.uleb128 0x2
 201 00bc 01       		.byte	0x1
 202 00bd 08       		.byte	0x8
 203 00be 63030000 		.4byte	.LASF17
 204 00c2 02       		.uleb128 0x2
 205 00c3 08       		.byte	0x8
 206 00c4 04       		.byte	0x4
 207 00c5 AA030000 		.4byte	.LASF18
 208 00c9 03       		.uleb128 0x3
 209 00ca FF000000 		.4byte	.LASF19
 210 00ce 04       		.byte	0x4
 211 00cf 53       		.byte	0x53
 212 00d0 7E000000 		.4byte	0x7e
 213 00d4 03       		.uleb128 0x3
 214 00d5 F1020000 		.4byte	.LASF20
 215 00d9 04       		.byte	0x4
 216 00da 54       		.byte	0x54
 217 00db 85000000 		.4byte	0x85
 218 00df 03       		.uleb128 0x3
 219 00e0 68030000 		.4byte	.LASF21
 220 00e4 05       		.byte	0x5
 221 00e5 4D       		.byte	0x4d
 222 00e6 D4000000 		.4byte	0xd4
 223 00ea 03       		.uleb128 0x3
 224 00eb E9020000 		.4byte	.LASF22
 225 00ef 05       		.byte	0x5
 226 00f0 4F       		.byte	0x4f
 227 00f1 D4000000 		.4byte	0xd4
 228 00f5 03       		.uleb128 0x3
 229 00f6 F8000000 		.4byte	.LASF23
 230 00fa 05       		.byte	0x5
 231 00fb 78       		.byte	0x78
 232 00fc C9000000 		.4byte	0xc9
 233 0100 05       		.uleb128 0x5
 234 0101 54000000 		.4byte	.LASF24
 235 0105 06       		.byte	0x6
 236 0106 2C02     		.2byte	0x22c
 237 0108 DF000000 		.4byte	0xdf
 238 010c 02       		.uleb128 0x2
ARM GAS  C:\Users\DHEERA~1\AppData\Local\Temp\ccdDyxub.s 			page 7


 239 010d 04       		.byte	0x4
 240 010e 07       		.byte	0x7
 241 010f 4C030000 		.4byte	.LASF25
 242 0113 03       		.uleb128 0x3
 243 0114 6E020000 		.4byte	.LASF26
 244 0118 07       		.byte	0x7
 245 0119 21       		.byte	0x21
 246 011a 00010000 		.4byte	0x100
 247 011e 03       		.uleb128 0x3
 248 011f C2030000 		.4byte	.LASF27
 249 0123 08       		.byte	0x8
 250 0124 66       		.byte	0x66
 251 0125 29010000 		.4byte	0x129
 252 0129 06       		.uleb128 0x6
 253 012a 04       		.byte	0x4
 254 012b 2F010000 		.4byte	0x12f
 255 012f 07       		.uleb128 0x7
 256 0130 3A010000 		.4byte	0x13a
 257 0134 08       		.uleb128 0x8
 258 0135 13010000 		.4byte	0x113
 259 0139 00       		.byte	0
 260 013a 09       		.uleb128 0x9
 261 013b 08       		.byte	0x8
 262 013c 08       		.byte	0x8
 263 013d 6B       		.byte	0x6b
 264 013e 5B010000 		.4byte	0x15b
 265 0142 0A       		.uleb128 0xa
 266 0143 72756E00 		.ascii	"run\000"
 267 0147 08       		.byte	0x8
 268 0148 6D       		.byte	0x6d
 269 0149 1E010000 		.4byte	0x11e
 270 014d 00       		.byte	0
 271 014e 0B       		.uleb128 0xb
 272 014f 33010000 		.4byte	.LASF28
 273 0153 08       		.byte	0x8
 274 0154 6E       		.byte	0x6e
 275 0155 8C000000 		.4byte	0x8c
 276 0159 04       		.byte	0x4
 277 015a 00       		.byte	0
 278 015b 03       		.uleb128 0x3
 279 015c CA020000 		.4byte	.LASF29
 280 0160 08       		.byte	0x8
 281 0161 6F       		.byte	0x6f
 282 0162 3A010000 		.4byte	0x13a
 283 0166 09       		.uleb128 0x9
 284 0167 08       		.byte	0x8
 285 0168 08       		.byte	0x8
 286 0169 74       		.byte	0x74
 287 016a 87010000 		.4byte	0x187
 288 016e 0A       		.uleb128 0xa
 289 016f 72756E00 		.ascii	"run\000"
 290 0173 08       		.byte	0x8
 291 0174 76       		.byte	0x76
 292 0175 1E010000 		.4byte	0x11e
 293 0179 00       		.byte	0
 294 017a 0B       		.uleb128 0xb
 295 017b C4020000 		.4byte	.LASF30
ARM GAS  C:\Users\DHEERA~1\AppData\Local\Temp\ccdDyxub.s 			page 8


 296 017f 08       		.byte	0x8
 297 0180 77       		.byte	0x77
 298 0181 00010000 		.4byte	0x100
 299 0185 04       		.byte	0x4
 300 0186 00       		.byte	0
 301 0187 03       		.uleb128 0x3
 302 0188 39000000 		.4byte	.LASF31
 303 018c 08       		.byte	0x8
 304 018d 78       		.byte	0x78
 305 018e 66010000 		.4byte	0x166
 306 0192 0C       		.uleb128 0xc
 307 0193 19000000 		.4byte	.LASF51
 308 0197 01       		.byte	0x1
 309 0198 48       		.byte	0x48
 310 0199 00000000 		.4byte	.LFB110
 311 019d 2C000000 		.4byte	.LFE110-.LFB110
 312 01a1 01       		.uleb128 0x1
 313 01a2 9C       		.byte	0x9c
 314 01a3 0E020000 		.4byte	0x20e
 315 01a7 0D       		.uleb128 0xd
 316 01a8 FB020000 		.4byte	.LASF32
 317 01ac 01       		.byte	0x1
 318 01ad 4B       		.byte	0x4b
 319 01ae A2000000 		.4byte	0xa2
 320 01b2 00       		.byte	0
 321 01b3 0E       		.uleb128 0xe
 322 01b4 657600   		.ascii	"ev\000"
 323 01b7 01       		.byte	0x1
 324 01b8 4D       		.byte	0x4d
 325 01b9 00010000 		.4byte	0x100
 326 01bd 02       		.uleb128 0x2
 327 01be 91       		.byte	0x91
 328 01bf 74       		.sleb128 -12
 329 01c0 0F       		.uleb128 0xf
 330 01c1 0E000000 		.4byte	.LVL1
 331 01c5 DA020000 		.4byte	0x2da
 332 01c9 D3010000 		.4byte	0x1d3
 333 01cd 10       		.uleb128 0x10
 334 01ce 01       		.uleb128 0x1
 335 01cf 50       		.byte	0x50
 336 01d0 01       		.uleb128 0x1
 337 01d1 33       		.byte	0x33
 338 01d2 00       		.byte	0
 339 01d3 0F       		.uleb128 0xf
 340 01d4 16000000 		.4byte	.LVL2
 341 01d8 E6020000 		.4byte	0x2e6
 342 01dc EC010000 		.4byte	0x1ec
 343 01e0 10       		.uleb128 0x10
 344 01e1 01       		.uleb128 0x1
 345 01e2 50       		.byte	0x50
 346 01e3 01       		.uleb128 0x1
 347 01e4 33       		.byte	0x33
 348 01e5 10       		.uleb128 0x10
 349 01e6 01       		.uleb128 0x1
 350 01e7 51       		.byte	0x51
 351 01e8 02       		.uleb128 0x2
 352 01e9 91       		.byte	0x91
ARM GAS  C:\Users\DHEERA~1\AppData\Local\Temp\ccdDyxub.s 			page 9


 353 01ea 74       		.sleb128 -12
 354 01eb 00       		.byte	0
 355 01ec 11       		.uleb128 0x11
 356 01ed 1C000000 		.4byte	.LVL3
 357 01f1 F2020000 		.4byte	0x2f2
 358 01f5 12       		.uleb128 0x12
 359 01f6 26000000 		.4byte	.LVL4
 360 01fa FE020000 		.4byte	0x2fe
 361 01fe 10       		.uleb128 0x10
 362 01ff 01       		.uleb128 0x1
 363 0200 50       		.byte	0x50
 364 0201 05       		.uleb128 0x5
 365 0202 03       		.byte	0x3
 366 0203 00000000 		.4byte	.LANCHOR0
 367 0207 10       		.uleb128 0x10
 368 0208 01       		.uleb128 0x1
 369 0209 51       		.byte	0x51
 370 020a 01       		.uleb128 0x1
 371 020b 32       		.byte	0x32
 372 020c 00       		.byte	0
 373 020d 00       		.byte	0
 374 020e 13       		.uleb128 0x13
 375 020f 3E020000 		.4byte	.LASF33
 376 0213 09       		.byte	0x9
 377 0214 40       		.byte	0x40
 378 0215 DF000000 		.4byte	0xdf
 379 0219 13       		.uleb128 0x13
 380 021a DF000000 		.4byte	.LASF34
 381 021e 09       		.byte	0x9
 382 021f 47       		.byte	0x47
 383 0220 EA000000 		.4byte	0xea
 384 0224 13       		.uleb128 0x13
 385 0225 1B030000 		.4byte	.LASF35
 386 0229 09       		.byte	0x9
 387 022a 4A       		.byte	0x4a
 388 022b DF000000 		.4byte	0xdf
 389 022f 13       		.uleb128 0x13
 390 0230 00000000 		.4byte	.LASF36
 391 0234 0A       		.byte	0xa
 392 0235 48       		.byte	0x48
 393 0236 F5000000 		.4byte	0xf5
 394 023a 13       		.uleb128 0x13
 395 023b 70030000 		.4byte	.LASF37
 396 023f 0B       		.byte	0xb
 397 0240 44       		.byte	0x44
 398 0241 DF000000 		.4byte	0xdf
 399 0245 14       		.uleb128 0x14
 400 0246 56020000 		.4byte	.LASF38
 401 024a 0C       		.byte	0xc
 402 024b 1207     		.2byte	0x712
 403 024d 51020000 		.4byte	0x251
 404 0251 15       		.uleb128 0x15
 405 0252 97000000 		.4byte	0x97
 406 0256 16       		.uleb128 0x16
 407 0257 6D020000 		.4byte	0x26d
 408 025b 66020000 		.4byte	0x266
 409 025f 17       		.uleb128 0x17
ARM GAS  C:\Users\DHEERA~1\AppData\Local\Temp\ccdDyxub.s 			page 10


 410 0260 66020000 		.4byte	0x266
 411 0264 7F       		.sleb128 -1
 412 0265 00       		.byte	0
 413 0266 02       		.uleb128 0x2
 414 0267 04       		.byte	0x4
 415 0268 05       		.byte	0x5
 416 0269 78020000 		.4byte	.LASF39
 417 026d 18       		.uleb128 0x18
 418 026e 5B010000 		.4byte	0x15b
 419 0272 19       		.uleb128 0x19
 420 0273 9E020000 		.4byte	.LASF40
 421 0277 01       		.byte	0x1
 422 0278 2D       		.byte	0x2d
 423 0279 83020000 		.4byte	0x283
 424 027d 05       		.uleb128 0x5
 425 027e 03       		.byte	0x3
 426 027f 00000000 		.4byte	RTE_cyclicActivationTable_tsk_control
 427 0283 18       		.uleb128 0x18
 428 0284 56020000 		.4byte	0x256
 429 0288 19       		.uleb128 0x19
 430 0289 05020000 		.4byte	.LASF41
 431 028d 01       		.byte	0x1
 432 028e 2F       		.byte	0x2f
 433 028f 99020000 		.4byte	0x299
 434 0293 05       		.uleb128 0x5
 435 0294 03       		.byte	0x3
 436 0295 00000000 		.4byte	RTE_cyclicActivation_tsk_control_size
 437 0299 18       		.uleb128 0x18
 438 029a 8C000000 		.4byte	0x8c
 439 029e 16       		.uleb128 0x16
 440 029f AE020000 		.4byte	0x2ae
 441 02a3 AE020000 		.4byte	0x2ae
 442 02a7 1A       		.uleb128 0x1a
 443 02a8 0C010000 		.4byte	0x10c
 444 02ac 01       		.byte	0x1
 445 02ad 00       		.byte	0
 446 02ae 18       		.uleb128 0x18
 447 02af 87010000 		.4byte	0x187
 448 02b3 19       		.uleb128 0x19
 449 02b4 0E010000 		.4byte	.LASF42
 450 02b8 01       		.byte	0x1
 451 02b9 32       		.byte	0x32
 452 02ba C4020000 		.4byte	0x2c4
 453 02be 05       		.uleb128 0x5
 454 02bf 03       		.byte	0x3
 455 02c0 00000000 		.4byte	RTE_eventActivationTable_tsk_control
 456 02c4 18       		.uleb128 0x18
 457 02c5 9E020000 		.4byte	0x29e
 458 02c9 19       		.uleb128 0x19
 459 02ca B3000000 		.4byte	.LASF43
 460 02ce 01       		.byte	0x1
 461 02cf 36       		.byte	0x36
 462 02d0 99020000 		.4byte	0x299
 463 02d4 05       		.uleb128 0x5
 464 02d5 03       		.byte	0x3
 465 02d6 00000000 		.4byte	RTE_eventActivation_tsk_control_size
 466 02da 1B       		.uleb128 0x1b
ARM GAS  C:\Users\DHEERA~1\AppData\Local\Temp\ccdDyxub.s 			page 11


 467 02db 29000000 		.4byte	.LASF44
 468 02df 29000000 		.4byte	.LASF44
 469 02e3 0D       		.byte	0xd
 470 02e4 5901     		.2byte	0x159
 471 02e6 1B       		.uleb128 0x1b
 472 02e7 D0030000 		.4byte	.LASF45
 473 02eb D0030000 		.4byte	.LASF45
 474 02ef 0D       		.byte	0xd
 475 02f0 5401     		.2byte	0x154
 476 02f2 1B       		.uleb128 0x1b
 477 02f3 82020000 		.4byte	.LASF46
 478 02f7 82020000 		.4byte	.LASF46
 479 02fb 0D       		.byte	0xd
 480 02fc 4F01     		.2byte	0x14f
 481 02fe 1C       		.uleb128 0x1c
 482 02ff 2E030000 		.4byte	.LASF47
 483 0303 2E030000 		.4byte	.LASF47
 484 0307 08       		.byte	0x8
 485 0308 97       		.byte	0x97
 486 0309 00       		.byte	0
 487              		.section	.debug_abbrev,"",%progbits
 488              	.Ldebug_abbrev0:
 489 0000 01       		.uleb128 0x1
 490 0001 11       		.uleb128 0x11
 491 0002 01       		.byte	0x1
 492 0003 25       		.uleb128 0x25
 493 0004 0E       		.uleb128 0xe
 494 0005 13       		.uleb128 0x13
 495 0006 0B       		.uleb128 0xb
 496 0007 03       		.uleb128 0x3
 497 0008 0E       		.uleb128 0xe
 498 0009 1B       		.uleb128 0x1b
 499 000a 0E       		.uleb128 0xe
 500 000b 55       		.uleb128 0x55
 501 000c 17       		.uleb128 0x17
 502 000d 11       		.uleb128 0x11
 503 000e 01       		.uleb128 0x1
 504 000f 10       		.uleb128 0x10
 505 0010 17       		.uleb128 0x17
 506 0011 00       		.byte	0
 507 0012 00       		.byte	0
 508 0013 02       		.uleb128 0x2
 509 0014 24       		.uleb128 0x24
 510 0015 00       		.byte	0
 511 0016 0B       		.uleb128 0xb
 512 0017 0B       		.uleb128 0xb
 513 0018 3E       		.uleb128 0x3e
 514 0019 0B       		.uleb128 0xb
 515 001a 03       		.uleb128 0x3
 516 001b 0E       		.uleb128 0xe
 517 001c 00       		.byte	0
 518 001d 00       		.byte	0
 519 001e 03       		.uleb128 0x3
 520 001f 16       		.uleb128 0x16
 521 0020 00       		.byte	0
 522 0021 03       		.uleb128 0x3
 523 0022 0E       		.uleb128 0xe
ARM GAS  C:\Users\DHEERA~1\AppData\Local\Temp\ccdDyxub.s 			page 12


 524 0023 3A       		.uleb128 0x3a
 525 0024 0B       		.uleb128 0xb
 526 0025 3B       		.uleb128 0x3b
 527 0026 0B       		.uleb128 0xb
 528 0027 49       		.uleb128 0x49
 529 0028 13       		.uleb128 0x13
 530 0029 00       		.byte	0
 531 002a 00       		.byte	0
 532 002b 04       		.uleb128 0x4
 533 002c 24       		.uleb128 0x24
 534 002d 00       		.byte	0
 535 002e 0B       		.uleb128 0xb
 536 002f 0B       		.uleb128 0xb
 537 0030 3E       		.uleb128 0x3e
 538 0031 0B       		.uleb128 0xb
 539 0032 03       		.uleb128 0x3
 540 0033 08       		.uleb128 0x8
 541 0034 00       		.byte	0
 542 0035 00       		.byte	0
 543 0036 05       		.uleb128 0x5
 544 0037 16       		.uleb128 0x16
 545 0038 00       		.byte	0
 546 0039 03       		.uleb128 0x3
 547 003a 0E       		.uleb128 0xe
 548 003b 3A       		.uleb128 0x3a
 549 003c 0B       		.uleb128 0xb
 550 003d 3B       		.uleb128 0x3b
 551 003e 05       		.uleb128 0x5
 552 003f 49       		.uleb128 0x49
 553 0040 13       		.uleb128 0x13
 554 0041 00       		.byte	0
 555 0042 00       		.byte	0
 556 0043 06       		.uleb128 0x6
 557 0044 0F       		.uleb128 0xf
 558 0045 00       		.byte	0
 559 0046 0B       		.uleb128 0xb
 560 0047 0B       		.uleb128 0xb
 561 0048 49       		.uleb128 0x49
 562 0049 13       		.uleb128 0x13
 563 004a 00       		.byte	0
 564 004b 00       		.byte	0
 565 004c 07       		.uleb128 0x7
 566 004d 15       		.uleb128 0x15
 567 004e 01       		.byte	0x1
 568 004f 27       		.uleb128 0x27
 569 0050 19       		.uleb128 0x19
 570 0051 01       		.uleb128 0x1
 571 0052 13       		.uleb128 0x13
 572 0053 00       		.byte	0
 573 0054 00       		.byte	0
 574 0055 08       		.uleb128 0x8
 575 0056 05       		.uleb128 0x5
 576 0057 00       		.byte	0
 577 0058 49       		.uleb128 0x49
 578 0059 13       		.uleb128 0x13
 579 005a 00       		.byte	0
 580 005b 00       		.byte	0
ARM GAS  C:\Users\DHEERA~1\AppData\Local\Temp\ccdDyxub.s 			page 13


 581 005c 09       		.uleb128 0x9
 582 005d 13       		.uleb128 0x13
 583 005e 01       		.byte	0x1
 584 005f 0B       		.uleb128 0xb
 585 0060 0B       		.uleb128 0xb
 586 0061 3A       		.uleb128 0x3a
 587 0062 0B       		.uleb128 0xb
 588 0063 3B       		.uleb128 0x3b
 589 0064 0B       		.uleb128 0xb
 590 0065 01       		.uleb128 0x1
 591 0066 13       		.uleb128 0x13
 592 0067 00       		.byte	0
 593 0068 00       		.byte	0
 594 0069 0A       		.uleb128 0xa
 595 006a 0D       		.uleb128 0xd
 596 006b 00       		.byte	0
 597 006c 03       		.uleb128 0x3
 598 006d 08       		.uleb128 0x8
 599 006e 3A       		.uleb128 0x3a
 600 006f 0B       		.uleb128 0xb
 601 0070 3B       		.uleb128 0x3b
 602 0071 0B       		.uleb128 0xb
 603 0072 49       		.uleb128 0x49
 604 0073 13       		.uleb128 0x13
 605 0074 38       		.uleb128 0x38
 606 0075 0B       		.uleb128 0xb
 607 0076 00       		.byte	0
 608 0077 00       		.byte	0
 609 0078 0B       		.uleb128 0xb
 610 0079 0D       		.uleb128 0xd
 611 007a 00       		.byte	0
 612 007b 03       		.uleb128 0x3
 613 007c 0E       		.uleb128 0xe
 614 007d 3A       		.uleb128 0x3a
 615 007e 0B       		.uleb128 0xb
 616 007f 3B       		.uleb128 0x3b
 617 0080 0B       		.uleb128 0xb
 618 0081 49       		.uleb128 0x49
 619 0082 13       		.uleb128 0x13
 620 0083 38       		.uleb128 0x38
 621 0084 0B       		.uleb128 0xb
 622 0085 00       		.byte	0
 623 0086 00       		.byte	0
 624 0087 0C       		.uleb128 0xc
 625 0088 2E       		.uleb128 0x2e
 626 0089 01       		.byte	0x1
 627 008a 3F       		.uleb128 0x3f
 628 008b 19       		.uleb128 0x19
 629 008c 03       		.uleb128 0x3
 630 008d 0E       		.uleb128 0xe
 631 008e 3A       		.uleb128 0x3a
 632 008f 0B       		.uleb128 0xb
 633 0090 3B       		.uleb128 0x3b
 634 0091 0B       		.uleb128 0xb
 635 0092 27       		.uleb128 0x27
 636 0093 19       		.uleb128 0x19
 637 0094 8701     		.uleb128 0x87
ARM GAS  C:\Users\DHEERA~1\AppData\Local\Temp\ccdDyxub.s 			page 14


 638 0096 19       		.uleb128 0x19
 639 0097 11       		.uleb128 0x11
 640 0098 01       		.uleb128 0x1
 641 0099 12       		.uleb128 0x12
 642 009a 06       		.uleb128 0x6
 643 009b 40       		.uleb128 0x40
 644 009c 18       		.uleb128 0x18
 645 009d 9742     		.uleb128 0x2117
 646 009f 19       		.uleb128 0x19
 647 00a0 01       		.uleb128 0x1
 648 00a1 13       		.uleb128 0x13
 649 00a2 00       		.byte	0
 650 00a3 00       		.byte	0
 651 00a4 0D       		.uleb128 0xd
 652 00a5 34       		.uleb128 0x34
 653 00a6 00       		.byte	0
 654 00a7 03       		.uleb128 0x3
 655 00a8 0E       		.uleb128 0xe
 656 00a9 3A       		.uleb128 0x3a
 657 00aa 0B       		.uleb128 0xb
 658 00ab 3B       		.uleb128 0x3b
 659 00ac 0B       		.uleb128 0xb
 660 00ad 49       		.uleb128 0x49
 661 00ae 13       		.uleb128 0x13
 662 00af 1C       		.uleb128 0x1c
 663 00b0 0B       		.uleb128 0xb
 664 00b1 00       		.byte	0
 665 00b2 00       		.byte	0
 666 00b3 0E       		.uleb128 0xe
 667 00b4 34       		.uleb128 0x34
 668 00b5 00       		.byte	0
 669 00b6 03       		.uleb128 0x3
 670 00b7 08       		.uleb128 0x8
 671 00b8 3A       		.uleb128 0x3a
 672 00b9 0B       		.uleb128 0xb
 673 00ba 3B       		.uleb128 0x3b
 674 00bb 0B       		.uleb128 0xb
 675 00bc 49       		.uleb128 0x49
 676 00bd 13       		.uleb128 0x13
 677 00be 02       		.uleb128 0x2
 678 00bf 18       		.uleb128 0x18
 679 00c0 00       		.byte	0
 680 00c1 00       		.byte	0
 681 00c2 0F       		.uleb128 0xf
 682 00c3 898201   		.uleb128 0x4109
 683 00c6 01       		.byte	0x1
 684 00c7 11       		.uleb128 0x11
 685 00c8 01       		.uleb128 0x1
 686 00c9 31       		.uleb128 0x31
 687 00ca 13       		.uleb128 0x13
 688 00cb 01       		.uleb128 0x1
 689 00cc 13       		.uleb128 0x13
 690 00cd 00       		.byte	0
 691 00ce 00       		.byte	0
 692 00cf 10       		.uleb128 0x10
 693 00d0 8A8201   		.uleb128 0x410a
 694 00d3 00       		.byte	0
ARM GAS  C:\Users\DHEERA~1\AppData\Local\Temp\ccdDyxub.s 			page 15


 695 00d4 02       		.uleb128 0x2
 696 00d5 18       		.uleb128 0x18
 697 00d6 9142     		.uleb128 0x2111
 698 00d8 18       		.uleb128 0x18
 699 00d9 00       		.byte	0
 700 00da 00       		.byte	0
 701 00db 11       		.uleb128 0x11
 702 00dc 898201   		.uleb128 0x4109
 703 00df 00       		.byte	0
 704 00e0 11       		.uleb128 0x11
 705 00e1 01       		.uleb128 0x1
 706 00e2 31       		.uleb128 0x31
 707 00e3 13       		.uleb128 0x13
 708 00e4 00       		.byte	0
 709 00e5 00       		.byte	0
 710 00e6 12       		.uleb128 0x12
 711 00e7 898201   		.uleb128 0x4109
 712 00ea 01       		.byte	0x1
 713 00eb 11       		.uleb128 0x11
 714 00ec 01       		.uleb128 0x1
 715 00ed 31       		.uleb128 0x31
 716 00ee 13       		.uleb128 0x13
 717 00ef 00       		.byte	0
 718 00f0 00       		.byte	0
 719 00f1 13       		.uleb128 0x13
 720 00f2 34       		.uleb128 0x34
 721 00f3 00       		.byte	0
 722 00f4 03       		.uleb128 0x3
 723 00f5 0E       		.uleb128 0xe
 724 00f6 3A       		.uleb128 0x3a
 725 00f7 0B       		.uleb128 0xb
 726 00f8 3B       		.uleb128 0x3b
 727 00f9 0B       		.uleb128 0xb
 728 00fa 49       		.uleb128 0x49
 729 00fb 13       		.uleb128 0x13
 730 00fc 3F       		.uleb128 0x3f
 731 00fd 19       		.uleb128 0x19
 732 00fe 3C       		.uleb128 0x3c
 733 00ff 19       		.uleb128 0x19
 734 0100 00       		.byte	0
 735 0101 00       		.byte	0
 736 0102 14       		.uleb128 0x14
 737 0103 34       		.uleb128 0x34
 738 0104 00       		.byte	0
 739 0105 03       		.uleb128 0x3
 740 0106 0E       		.uleb128 0xe
 741 0107 3A       		.uleb128 0x3a
 742 0108 0B       		.uleb128 0xb
 743 0109 3B       		.uleb128 0x3b
 744 010a 05       		.uleb128 0x5
 745 010b 49       		.uleb128 0x49
 746 010c 13       		.uleb128 0x13
 747 010d 3F       		.uleb128 0x3f
 748 010e 19       		.uleb128 0x19
 749 010f 3C       		.uleb128 0x3c
 750 0110 19       		.uleb128 0x19
 751 0111 00       		.byte	0
ARM GAS  C:\Users\DHEERA~1\AppData\Local\Temp\ccdDyxub.s 			page 16


 752 0112 00       		.byte	0
 753 0113 15       		.uleb128 0x15
 754 0114 35       		.uleb128 0x35
 755 0115 00       		.byte	0
 756 0116 49       		.uleb128 0x49
 757 0117 13       		.uleb128 0x13
 758 0118 00       		.byte	0
 759 0119 00       		.byte	0
 760 011a 16       		.uleb128 0x16
 761 011b 01       		.uleb128 0x1
 762 011c 01       		.byte	0x1
 763 011d 49       		.uleb128 0x49
 764 011e 13       		.uleb128 0x13
 765 011f 01       		.uleb128 0x1
 766 0120 13       		.uleb128 0x13
 767 0121 00       		.byte	0
 768 0122 00       		.byte	0
 769 0123 17       		.uleb128 0x17
 770 0124 21       		.uleb128 0x21
 771 0125 00       		.byte	0
 772 0126 49       		.uleb128 0x49
 773 0127 13       		.uleb128 0x13
 774 0128 2F       		.uleb128 0x2f
 775 0129 0D       		.uleb128 0xd
 776 012a 00       		.byte	0
 777 012b 00       		.byte	0
 778 012c 18       		.uleb128 0x18
 779 012d 26       		.uleb128 0x26
 780 012e 00       		.byte	0
 781 012f 49       		.uleb128 0x49
 782 0130 13       		.uleb128 0x13
 783 0131 00       		.byte	0
 784 0132 00       		.byte	0
 785 0133 19       		.uleb128 0x19
 786 0134 34       		.uleb128 0x34
 787 0135 00       		.byte	0
 788 0136 03       		.uleb128 0x3
 789 0137 0E       		.uleb128 0xe
 790 0138 3A       		.uleb128 0x3a
 791 0139 0B       		.uleb128 0xb
 792 013a 3B       		.uleb128 0x3b
 793 013b 0B       		.uleb128 0xb
 794 013c 49       		.uleb128 0x49
 795 013d 13       		.uleb128 0x13
 796 013e 3F       		.uleb128 0x3f
 797 013f 19       		.uleb128 0x19
 798 0140 02       		.uleb128 0x2
 799 0141 18       		.uleb128 0x18
 800 0142 00       		.byte	0
 801 0143 00       		.byte	0
 802 0144 1A       		.uleb128 0x1a
 803 0145 21       		.uleb128 0x21
 804 0146 00       		.byte	0
 805 0147 49       		.uleb128 0x49
 806 0148 13       		.uleb128 0x13
 807 0149 2F       		.uleb128 0x2f
 808 014a 0B       		.uleb128 0xb
ARM GAS  C:\Users\DHEERA~1\AppData\Local\Temp\ccdDyxub.s 			page 17


 809 014b 00       		.byte	0
 810 014c 00       		.byte	0
 811 014d 1B       		.uleb128 0x1b
 812 014e 2E       		.uleb128 0x2e
 813 014f 00       		.byte	0
 814 0150 3F       		.uleb128 0x3f
 815 0151 19       		.uleb128 0x19
 816 0152 3C       		.uleb128 0x3c
 817 0153 19       		.uleb128 0x19
 818 0154 6E       		.uleb128 0x6e
 819 0155 0E       		.uleb128 0xe
 820 0156 03       		.uleb128 0x3
 821 0157 0E       		.uleb128 0xe
 822 0158 3A       		.uleb128 0x3a
 823 0159 0B       		.uleb128 0xb
 824 015a 3B       		.uleb128 0x3b
 825 015b 05       		.uleb128 0x5
 826 015c 00       		.byte	0
 827 015d 00       		.byte	0
 828 015e 1C       		.uleb128 0x1c
 829 015f 2E       		.uleb128 0x2e
 830 0160 00       		.byte	0
 831 0161 3F       		.uleb128 0x3f
 832 0162 19       		.uleb128 0x19
 833 0163 3C       		.uleb128 0x3c
 834 0164 19       		.uleb128 0x19
 835 0165 6E       		.uleb128 0x6e
 836 0166 0E       		.uleb128 0xe
 837 0167 03       		.uleb128 0x3
 838 0168 0E       		.uleb128 0xe
 839 0169 3A       		.uleb128 0x3a
 840 016a 0B       		.uleb128 0xb
 841 016b 3B       		.uleb128 0x3b
 842 016c 0B       		.uleb128 0xb
 843 016d 00       		.byte	0
 844 016e 00       		.byte	0
 845 016f 00       		.byte	0
 846              		.section	.debug_aranges,"",%progbits
 847 0000 1C000000 		.4byte	0x1c
 848 0004 0200     		.2byte	0x2
 849 0006 00000000 		.4byte	.Ldebug_info0
 850 000a 04       		.byte	0x4
 851 000b 00       		.byte	0
 852 000c 0000     		.2byte	0
 853 000e 0000     		.2byte	0
 854 0010 00000000 		.4byte	.LFB110
 855 0014 2C000000 		.4byte	.LFE110-.LFB110
 856 0018 00000000 		.4byte	0
 857 001c 00000000 		.4byte	0
 858              		.section	.debug_ranges,"",%progbits
 859              	.Ldebug_ranges0:
 860 0000 00000000 		.4byte	.LFB110
 861 0004 2C000000 		.4byte	.LFE110
 862 0008 00000000 		.4byte	0
 863 000c 00000000 		.4byte	0
 864              		.section	.debug_line,"",%progbits
 865              	.Ldebug_line0:
ARM GAS  C:\Users\DHEERA~1\AppData\Local\Temp\ccdDyxub.s 			page 18


 866 0000 49020000 		.section	.debug_str,"MS",%progbits,1
 866      02002A02 
 866      00000201 
 866      FB0E0D00 
 866      01010101 
 867              	.LASF36:
 868 0000 45455F73 		.ascii	"EE_std_endcycle_next_tid\000"
 868      74645F65 
 868      6E646379 
 868      636C655F 
 868      6E657874 
 869              	.LASF51:
 870 0019 46756E63 		.ascii	"Functsk_control\000"
 870      74736B5F 
 870      636F6E74 
 870      726F6C00 
 871              	.LASF44:
 872 0029 45455F6F 		.ascii	"EE_oo_WaitEvent\000"
 872      6F5F5761 
 872      69744576 
 872      656E7400 
 873              	.LASF31:
 874 0039 5254455F 		.ascii	"RTE_eventTable_t\000"
 874      6576656E 
 874      74546162 
 874      6C655F74 
 874      00
 875              	.LASF5:
 876 004a 5F5F696E 		.ascii	"__int32_t\000"
 876      7433325F 
 876      7400
 877              	.LASF24:
 878 0054 4576656E 		.ascii	"EventMaskType\000"
 878      744D6173 
 878      6B547970 
 878      6500
 879              	.LASF50:
 880 0062 443A5C4D 		.ascii	"D:\\MS\\HDA\\Embedded\\Second_sem\\EAA\\Assignment1"
 880      535C4844 
 880      415C456D 
 880      62656464 
 880      65645C53 
 881 008f 5C456C65 		.ascii	"\\Electronic_Gaspedal\\Design01.cydsn\000"
 881      6374726F 
 881      6E69635F 
 881      47617370 
 881      6564616C 
 882              	.LASF43:
 883 00b3 5254455F 		.ascii	"RTE_eventActivation_tsk_control_size\000"
 883      6576656E 
 883      74416374 
 883      69766174 
 883      696F6E5F 
 884              	.LASF16:
 885 00d8 646F7562 		.ascii	"double\000"
 885      6C6500
 886              	.LASF34:
ARM GAS  C:\Users\DHEERA~1\AppData\Local\Temp\ccdDyxub.s 			page 19


 887 00df 45455F6F 		.ascii	"EE_oo_IRQ_suspend_status\000"
 887      6F5F4952 
 887      515F7375 
 887      7370656E 
 887      645F7374 
 888              	.LASF23:
 889 00f8 45455F54 		.ascii	"EE_TID\000"
 889      494400
 890              	.LASF19:
 891 00ff 45455F49 		.ascii	"EE_INT32\000"
 891      4E543332 
 891      00
 892              	.LASF15:
 893 0108 666C6F61 		.ascii	"float\000"
 893      7400
 894              	.LASF42:
 895 010e 5254455F 		.ascii	"RTE_eventActivationTable_tsk_control\000"
 895      6576656E 
 895      74416374 
 895      69766174 
 895      696F6E54 
 896              	.LASF28:
 897 0133 6379636C 		.ascii	"cycleTime\000"
 897      6554696D 
 897      6500
 898              	.LASF1:
 899 013d 756E7369 		.ascii	"unsigned char\000"
 899      676E6564 
 899      20636861 
 899      7200
 900              	.LASF48:
 901 014b 474E5520 		.ascii	"GNU C11 5.4.1 20160609 (release) [ARM/embedded-5-br"
 901      43313120 
 901      352E342E 
 901      31203230 
 901      31363036 
 902 017e 616E6368 		.ascii	"anch revision 237715] -mcpu=cortex-m3 -mthumb -g -O"
 902      20726576 
 902      6973696F 
 902      6E203233 
 902      37373135 
 903 01b1 67202D66 		.ascii	"g -ffunction-sections -ffat-lto-objects\000"
 903      66756E63 
 903      74696F6E 
 903      2D736563 
 903      74696F6E 
 904              	.LASF49:
 905 01d9 736F7572 		.ascii	"sources\\asw\\tsk_control.c\000"
 905      6365735C 
 905      6173775C 
 905      74736B5F 
 905      636F6E74 
 906              	.LASF8:
 907 01f3 6C6F6E67 		.ascii	"long unsigned int\000"
 907      20756E73 
 907      69676E65 
 907      6420696E 
ARM GAS  C:\Users\DHEERA~1\AppData\Local\Temp\ccdDyxub.s 			page 20


 907      7400
 908              	.LASF41:
 909 0205 5254455F 		.ascii	"RTE_cyclicActivation_tsk_control_size\000"
 909      6379636C 
 909      69634163 
 909      74697661 
 909      74696F6E 
 910              	.LASF3:
 911 022b 73686F72 		.ascii	"short unsigned int\000"
 911      7420756E 
 911      7369676E 
 911      65642069 
 911      6E7400
 912              	.LASF33:
 913 023e 45455F6F 		.ascii	"EE_oo_IRQ_disable_count\000"
 913      6F5F4952 
 913      515F6469 
 913      7361626C 
 913      655F636F 
 914              	.LASF38:
 915 0256 49544D5F 		.ascii	"ITM_RxBuffer\000"
 915      52784275 
 915      66666572 
 915      00
 916              	.LASF4:
 917 0263 5F5F7569 		.ascii	"__uint16_t\000"
 917      6E743136 
 917      5F7400
 918              	.LASF26:
 919 026e 5254455F 		.ascii	"RTE_event\000"
 919      6576656E 
 919      7400
 920              	.LASF39:
 921 0278 7373697A 		.ascii	"ssizetype\000"
 921      65747970 
 921      6500
 922              	.LASF46:
 923 0282 45455F6F 		.ascii	"EE_oo_ClearEvent\000"
 923      6F5F436C 
 923      65617245 
 923      76656E74 
 923      00
 924              	.LASF7:
 925 0293 5F5F7569 		.ascii	"__uint32_t\000"
 925      6E743332 
 925      5F7400
 926              	.LASF40:
 927 029e 5254455F 		.ascii	"RTE_cyclicActivationTable_tsk_control\000"
 927      6379636C 
 927      69634163 
 927      74697661 
 927      74696F6E 
 928              	.LASF30:
 929 02c4 6576656E 		.ascii	"event\000"
 929      7400
 930              	.LASF29:
 931 02ca 5254455F 		.ascii	"RTE_cyclicTable_t\000"
ARM GAS  C:\Users\DHEERA~1\AppData\Local\Temp\ccdDyxub.s 			page 21


 931      6379636C 
 931      69635461 
 931      626C655F 
 931      7400
 932              	.LASF11:
 933 02dc 756E7369 		.ascii	"unsigned int\000"
 933      676E6564 
 933      20696E74 
 933      00
 934              	.LASF22:
 935 02e9 45455F46 		.ascii	"EE_FREG\000"
 935      52454700 
 936              	.LASF20:
 937 02f1 45455F55 		.ascii	"EE_UINT32\000"
 937      494E5433 
 937      3200
 938              	.LASF32:
 939 02fb 7469636B 		.ascii	"ticktime\000"
 939      74696D65 
 939      00
 940              	.LASF10:
 941 0304 6C6F6E67 		.ascii	"long long unsigned int\000"
 941      206C6F6E 
 941      6720756E 
 941      7369676E 
 941      65642069 
 942              	.LASF35:
 943 031b 45455F41 		.ascii	"EE_ApplicationMode\000"
 943      70706C69 
 943      63617469 
 943      6F6E4D6F 
 943      646500
 944              	.LASF47:
 945 032e 5254455F 		.ascii	"RTE_ProcessEventTable\000"
 945      50726F63 
 945      65737345 
 945      76656E74 
 945      5461626C 
 946              	.LASF13:
 947 0344 696E7433 		.ascii	"int32_t\000"
 947      325F7400 
 948              	.LASF25:
 949 034c 73697A65 		.ascii	"sizetype\000"
 949      74797065 
 949      00
 950              	.LASF9:
 951 0355 6C6F6E67 		.ascii	"long long int\000"
 951      206C6F6E 
 951      6720696E 
 951      7400
 952              	.LASF17:
 953 0363 63686172 		.ascii	"char\000"
 953      00
 954              	.LASF21:
 955 0368 45455F55 		.ascii	"EE_UREG\000"
 955      52454700 
 956              	.LASF37:
ARM GAS  C:\Users\DHEERA~1\AppData\Local\Temp\ccdDyxub.s 			page 22


 957 0370 45455F49 		.ascii	"EE_IRQ_nesting_level\000"
 957      52515F6E 
 957      65737469 
 957      6E675F6C 
 957      6576656C 
 958              	.LASF2:
 959 0385 73686F72 		.ascii	"short int\000"
 959      7420696E 
 959      7400
 960              	.LASF12:
 961 038f 75696E74 		.ascii	"uint16_t\000"
 961      31365F74 
 961      00
 962              	.LASF14:
 963 0398 75696E74 		.ascii	"uint32_t\000"
 963      33325F74 
 963      00
 964              	.LASF6:
 965 03a1 6C6F6E67 		.ascii	"long int\000"
 965      20696E74 
 965      00
 966              	.LASF18:
 967 03aa 6C6F6E67 		.ascii	"long double\000"
 967      20646F75 
 967      626C6500 
 968              	.LASF0:
 969 03b6 7369676E 		.ascii	"signed char\000"
 969      65642063 
 969      68617200 
 970              	.LASF27:
 971 03c2 5254455F 		.ascii	"RTE_pRunnable\000"
 971      7052756E 
 971      6E61626C 
 971      6500
 972              	.LASF45:
 973 03d0 45455F6F 		.ascii	"EE_oo_GetEvent\000"
 973      6F5F4765 
 973      74457665 
 973      6E7400
 974              		.ident	"GCC: (GNU Tools for ARM Embedded Processors) 5.4.1 20160609 (release) [ARM/embedded-5-bran
