ARM GAS  C:\Users\DHEERA~1\AppData\Local\Temp\cc8nl3jh.s 			page 1


   1              		.syntax unified
   2              		.cpu cortex-m3
   3              		.fpu softvfp
   4              		.eabi_attribute 20, 1
   5              		.eabi_attribute 21, 1
   6              		.eabi_attribute 23, 3
   7              		.eabi_attribute 24, 1
   8              		.eabi_attribute 25, 1
   9              		.eabi_attribute 26, 1
  10              		.eabi_attribute 30, 1
  11              		.eabi_attribute 34, 1
  12              		.eabi_attribute 18, 4
  13              		.thumb
  14              		.syntax unified
  15              		.file	"WatchDogTimer.c"
  16              		.text
  17              	.Ltext0:
  18              		.cfi_sections	.debug_frame
  19              		.section	.text.WD_Start,"ax",%progbits
  20              		.align	2
  21              		.global	WD_Start
  22              		.thumb
  23              		.thumb_func
  24              		.type	WD_Start, %function
  25              	WD_Start:
  26              	.LFB111:
  27              		.file 1 "WatchDogTimer.c"
   1:WatchDogTimer.c **** #include "global.h"
   2:WatchDogTimer.c **** #include <stdio.h>
   3:WatchDogTimer.c **** #include <stdlib.h>
   4:WatchDogTimer.c **** #include "WatchDogTimer.h"
   5:WatchDogTimer.c **** 
   6:WatchDogTimer.c **** static uint8_t WD_RunnableAliveBitField;
   7:WatchDogTimer.c **** 
   8:WatchDogTimer.c **** //Function Implementation
   9:WatchDogTimer.c **** 
  10:WatchDogTimer.c **** /**
  11:WatchDogTimer.c **** * Activate the Watchdog Trigger
  12:WatchDogTimer.c **** * \param WDT_TimeOut_t timeout - [IN] Timeout Period
  13:WatchDogTimer.c **** * @return RC_SUCCESS
  14:WatchDogTimer.c **** */
  15:WatchDogTimer.c **** RC_t WD_Start( WDT_TimeOut_t timeout)
  16:WatchDogTimer.c **** {
  28              		.loc 1 16 0
  29              		.cfi_startproc
  30              		@ args = 0, pretend = 0, frame = 0
  31              		@ frame_needed = 0, uses_anonymous_args = 0
  32              	.LVL0:
  33 0000 08B5     		push	{r3, lr}
  34              		.cfi_def_cfa_offset 8
  35              		.cfi_offset 3, -8
  36              		.cfi_offset 14, -4
  17:WatchDogTimer.c ****     CyWdtStart(timeout, CYWDT_LPMODE_NOCHANGE);
  37              		.loc 1 17 0
  38 0002 0021     		movs	r1, #0
  39 0004 FFF7FEFF 		bl	CyWdtStart
  40              	.LVL1:
ARM GAS  C:\Users\DHEERA~1\AppData\Local\Temp\cc8nl3jh.s 			page 2


  18:WatchDogTimer.c ****     return RC_SUCCESS;
  19:WatchDogTimer.c **** }
  41              		.loc 1 19 0
  42 0008 0020     		movs	r0, #0
  43 000a 08BD     		pop	{r3, pc}
  44              		.cfi_endproc
  45              	.LFE111:
  46              		.size	WD_Start, .-WD_Start
  47              		.section	.text.WD_Trigger,"ax",%progbits
  48              		.align	2
  49              		.global	WD_Trigger
  50              		.thumb
  51              		.thumb_func
  52              		.type	WD_Trigger, %function
  53              	WD_Trigger:
  54              	.LFB112:
  20:WatchDogTimer.c **** 
  21:WatchDogTimer.c **** /**
  22:WatchDogTimer.c **** * Service the Watchdog Trigger
  23:WatchDogTimer.c **** * @return RC_SUCCESS
  24:WatchDogTimer.c **** */
  25:WatchDogTimer.c **** RC_t WD_Trigger()
  26:WatchDogTimer.c **** {
  55              		.loc 1 26 0
  56              		.cfi_startproc
  57              		@ args = 0, pretend = 0, frame = 0
  58              		@ frame_needed = 0, uses_anonymous_args = 0
  59 0000 08B5     		push	{r3, lr}
  60              		.cfi_def_cfa_offset 8
  61              		.cfi_offset 3, -8
  62              		.cfi_offset 14, -4
  27:WatchDogTimer.c ****     //If every runnable sends alive bit i.e. 0x0f = 0000 1111 then clear watchdog timer and reset b
  28:WatchDogTimer.c ****     if(WD_RunnableAliveBitField == 0x0f)
  63              		.loc 1 28 0
  64 0002 054B     		ldr	r3, .L6
  65 0004 1B78     		ldrb	r3, [r3]	@ zero_extendqisi2
  66 0006 0F2B     		cmp	r3, #15
  67 0008 04D1     		bne	.L4
  29:WatchDogTimer.c ****     {
  30:WatchDogTimer.c ****         CyWdtClear();
  68              		.loc 1 30 0
  69 000a FFF7FEFF 		bl	CyWdtClear
  70              	.LVL2:
  31:WatchDogTimer.c ****         WD_RunnableAliveBitField = 0;
  71              		.loc 1 31 0
  72 000e 0022     		movs	r2, #0
  73 0010 014B     		ldr	r3, .L6
  74 0012 1A70     		strb	r2, [r3]
  75              	.L4:
  32:WatchDogTimer.c ****     }    
  33:WatchDogTimer.c ****     return RC_SUCCESS;
  34:WatchDogTimer.c **** }
  76              		.loc 1 34 0
  77 0014 0020     		movs	r0, #0
  78 0016 08BD     		pop	{r3, pc}
  79              	.L7:
  80              		.align	2
ARM GAS  C:\Users\DHEERA~1\AppData\Local\Temp\cc8nl3jh.s 			page 3


  81              	.L6:
  82 0018 00000000 		.word	.LANCHOR0
  83              		.cfi_endproc
  84              	.LFE112:
  85              		.size	WD_Trigger, .-WD_Trigger
  86              		.section	.text.WD_CheckResetBit,"ax",%progbits
  87              		.align	2
  88              		.global	WD_CheckResetBit
  89              		.thumb
  90              		.thumb_func
  91              		.type	WD_CheckResetBit, %function
  92              	WD_CheckResetBit:
  93              	.LFB113:
  35:WatchDogTimer.c **** 
  36:WatchDogTimer.c **** /**
  37:WatchDogTimer.c **** * Checks the watchdog bit
  38:WatchDogTimer.c **** * @return TRUE if watchdog reset bit was set
  39:WatchDogTimer.c **** */
  40:WatchDogTimer.c **** boolean_t WD_CheckResetBit()
  41:WatchDogTimer.c **** {
  94              		.loc 1 41 0
  95              		.cfi_startproc
  96              		@ args = 0, pretend = 0, frame = 0
  97              		@ frame_needed = 0, uses_anonymous_args = 0
  98              		@ link register save eliminated.
  42:WatchDogTimer.c ****     //Check if watchdog is source of reset by checking the watchdog reset bit in status register
  43:WatchDogTimer.c ****     if(CyResetStatus & CY_RESET_WD)
  99              		.loc 1 43 0
 100 0000 044B     		ldr	r3, .L10
 101 0002 1B78     		ldrb	r3, [r3]	@ zero_extendqisi2
 102 0004 03F00803 		and	r3, r3, #8
 103 0008 03F0FF00 		and	r0, r3, #255
 104 000c 03B1     		cbz	r3, .L9
  44:WatchDogTimer.c ****     {
  45:WatchDogTimer.c ****         return TRUE;
 105              		.loc 1 45 0
 106 000e 0120     		movs	r0, #1
 107              	.L9:
  46:WatchDogTimer.c ****     }
  47:WatchDogTimer.c ****     else
  48:WatchDogTimer.c ****     {
  49:WatchDogTimer.c ****         return FALSE;
  50:WatchDogTimer.c ****     }
  51:WatchDogTimer.c **** }
 108              		.loc 1 51 0
 109 0010 7047     		bx	lr
 110              	.L11:
 111 0012 00BF     		.align	2
 112              	.L10:
 113 0014 00000000 		.word	CyResetStatus
 114              		.cfi_endproc
 115              	.LFE113:
 116              		.size	WD_CheckResetBit, .-WD_CheckResetBit
 117              		.section	.text.WD_Alive,"ax",%progbits
 118              		.align	2
 119              		.global	WD_Alive
 120              		.thumb
ARM GAS  C:\Users\DHEERA~1\AppData\Local\Temp\cc8nl3jh.s 			page 4


 121              		.thumb_func
 122              		.type	WD_Alive, %function
 123              	WD_Alive:
 124              	.LFB114:
  52:WatchDogTimer.c **** 
  53:WatchDogTimer.c **** /**
  54:WatchDogTimer.c **** * This function sets the bit at the corresponding position.
  55:WatchDogTimer.c **** * It is called by every runnable using a uniqe position.
  56:WatchDogTimer.c **** * 0 = JoyStick_run, 1 = Control_run, 2 = Engine_run, 3 = brakelight_run
  57:WatchDogTimer.c **** * @return RC_SUCCESS
  58:WatchDogTimer.c **** */
  59:WatchDogTimer.c **** RC_t WD_Alive(uint8_t myBitPosition)
  60:WatchDogTimer.c **** {
 125              		.loc 1 60 0
 126              		.cfi_startproc
 127              		@ args = 0, pretend = 0, frame = 0
 128              		@ frame_needed = 0, uses_anonymous_args = 0
 129              		@ link register save eliminated.
 130              	.LVL3:
  61:WatchDogTimer.c ****     /*
  62:WatchDogTimer.c ****     Let say joystick runnable sends alive bit i.e. myBitPosition = 0
  63:WatchDogTimer.c ****     Initial value of WD_RunnableAliveBitField = 0000 0000
  64:WatchDogTimer.c ****     left shift 1U by 0 i.e. 0000 0001 <<0 ==> 0000 0001
  65:WatchDogTimer.c ****     Bitwise OR between (1U << myBitPositon) and WD_RunnableAliveBitField ==> 0000 0001
  66:WatchDogTimer.c ****     so for second runnable ==> 0000 0011
  67:WatchDogTimer.c ****     Third runnable ==> 0000 0111
  68:WatchDogTimer.c ****     Fourth runnable ==> 0000 1111
  69:WatchDogTimer.c ****     */
  70:WatchDogTimer.c ****     WD_RunnableAliveBitField |= (1U) << myBitPosition;
 131              		.loc 1 70 0
 132 0000 0123     		movs	r3, #1
 133 0002 03FA00F0 		lsl	r0, r3, r0
 134              	.LVL4:
 135 0006 034A     		ldr	r2, .L13
 136 0008 1378     		ldrb	r3, [r2]	@ zero_extendqisi2
 137 000a 1843     		orrs	r0, r0, r3
 138 000c 1070     		strb	r0, [r2]
  71:WatchDogTimer.c ****     
  72:WatchDogTimer.c ****     return RC_SUCCESS;
  73:WatchDogTimer.c **** }...
 139              		.loc 1 73 0
 140 000e 0020     		movs	r0, #0
 141 0010 7047     		bx	lr
 142              	.L14:
 143 0012 00BF     		.align	2
 144              	.L13:
 145 0014 00000000 		.word	.LANCHOR0
 146              		.cfi_endproc
 147              	.LFE114:
 148              		.size	WD_Alive, .-WD_Alive
 149              		.bss
 150              		.set	.LANCHOR0,. + 0
 151              		.type	WD_RunnableAliveBitField, %object
 152              		.size	WD_RunnableAliveBitField, 1
 153              	WD_RunnableAliveBitField:
 154 0000 00       		.space	1
 155              		.text
ARM GAS  C:\Users\DHEERA~1\AppData\Local\Temp\cc8nl3jh.s 			page 5


 156              	.Letext0:
 157              		.file 2 ".\\sources\\bsw/global.h"
 158              		.file 3 "d:\\psoc creator\\4.4\\psoc creator\\import\\gnu\\arm\\5.4.1\\arm-none-eabi\\include\\mac
 159              		.file 4 "d:\\psoc creator\\4.4\\psoc creator\\import\\gnu\\arm\\5.4.1\\arm-none-eabi\\include\\sys
 160              		.file 5 "Generated_Source\\PSoC5/cytypes.h"
 161              		.file 6 "Generated_Source\\PSoC5/ErikaOS_1_common_ee_types.inc"
 162              		.file 7 "Generated_Source\\PSoC5/ErikaOS_1_cortex_mx_ee_cpu.inc"
 163              		.file 8 "WatchDogTimer.h"
 164              		.file 9 "Generated_Source\\PSoC5/ErikaOS_1_ee_oo_intfunc.inc"
 165              		.file 10 "Generated_Source\\PSoC5/ErikaOS_1_cortex_mx_ee_context.inc"
 166              		.file 11 "Generated_Source\\PSoC5/ErikaOS_1_common_ee_primitives.inc"
 167              		.file 12 "Generated_Source\\PSoC5/CyLib.h"
 168              		.file 13 "Generated_Source\\PSoC5/core_cm3.h"
 169              		.section	.debug_info,"",%progbits
 170              	.Ldebug_info0:
 171 0000 F5020000 		.4byte	0x2f5
 172 0004 0400     		.2byte	0x4
 173 0006 00000000 		.4byte	.Ldebug_abbrev0
 174 000a 04       		.byte	0x4
 175 000b 01       		.uleb128 0x1
 176 000c DA020000 		.4byte	.LASF69
 177 0010 0C       		.byte	0xc
 178 0011 19000000 		.4byte	.LASF70
 179 0015 08040000 		.4byte	.LASF71
 180 0019 00000000 		.4byte	.Ldebug_ranges0+0
 181 001d 00000000 		.4byte	0
 182 0021 00000000 		.4byte	.Ldebug_line0
 183 0025 02       		.uleb128 0x2
 184 0026 01       		.byte	0x1
 185 0027 06       		.byte	0x6
 186 0028 40020000 		.4byte	.LASF0
 187 002c 03       		.uleb128 0x3
 188 002d BC000000 		.4byte	.LASF10
 189 0031 02       		.byte	0x2
 190 0032 91       		.byte	0x91
 191 0033 37000000 		.4byte	0x37
 192 0037 02       		.uleb128 0x2
 193 0038 01       		.byte	0x1
 194 0039 08       		.byte	0x8
 195 003a 32020000 		.4byte	.LASF1
 196 003e 02       		.uleb128 0x2
 197 003f 02       		.byte	0x2
 198 0040 05       		.byte	0x5
 199 0041 48000000 		.4byte	.LASF2
 200 0045 02       		.uleb128 0x2
 201 0046 02       		.byte	0x2
 202 0047 07       		.byte	0x7
 203 0048 C7020000 		.4byte	.LASF3
 204 004c 02       		.uleb128 0x2
 205 004d 04       		.byte	0x4
 206 004e 05       		.byte	0x5
 207 004f BD010000 		.4byte	.LASF4
 208 0053 02       		.uleb128 0x2
 209 0054 04       		.byte	0x4
 210 0055 07       		.byte	0x7
 211 0056 DD030000 		.4byte	.LASF5
 212 005a 02       		.uleb128 0x2
ARM GAS  C:\Users\DHEERA~1\AppData\Local\Temp\cc8nl3jh.s 			page 6


 213 005b 04       		.byte	0x4
 214 005c 04       		.byte	0x4
 215 005d 47010000 		.4byte	.LASF6
 216 0061 02       		.uleb128 0x2
 217 0062 08       		.byte	0x8
 218 0063 04       		.byte	0x4
 219 0064 EF030000 		.4byte	.LASF7
 220 0068 02       		.uleb128 0x2
 221 0069 08       		.byte	0x8
 222 006a 05       		.byte	0x5
 223 006b 66010000 		.4byte	.LASF8
 224 006f 02       		.uleb128 0x2
 225 0070 08       		.byte	0x8
 226 0071 07       		.byte	0x7
 227 0072 4C020000 		.4byte	.LASF9
 228 0076 03       		.uleb128 0x3
 229 0077 09020000 		.4byte	.LASF11
 230 007b 02       		.byte	0x2
 231 007c 9C       		.byte	0x9c
 232 007d 37000000 		.4byte	0x37
 233 0081 02       		.uleb128 0x2
 234 0082 01       		.byte	0x1
 235 0083 08       		.byte	0x8
 236 0084 68030000 		.4byte	.LASF12
 237 0088 04       		.uleb128 0x4
 238 0089 01       		.byte	0x1
 239 008a 25000000 		.4byte	0x25
 240 008e 02       		.byte	0x2
 241 008f CF       		.byte	0xcf
 242 0090 31010000 		.4byte	0x131
 243 0094 05       		.uleb128 0x5
 244 0095 0E000000 		.4byte	.LASF13
 245 0099 00       		.byte	0
 246 009a 06       		.uleb128 0x6
 247 009b B0040000 		.4byte	.LASF14
 248 009f 7F       		.sleb128 -1
 249 00a0 06       		.uleb128 0x6
 250 00a1 8C020000 		.4byte	.LASF15
 251 00a5 7E       		.sleb128 -2
 252 00a6 06       		.uleb128 0x6
 253 00a7 81000000 		.4byte	.LASF16
 254 00ab 7D       		.sleb128 -3
 255 00ac 06       		.uleb128 0x6
 256 00ad B9040000 		.4byte	.LASF17
 257 00b1 7C       		.sleb128 -4
 258 00b2 06       		.uleb128 0x6
 259 00b3 30010000 		.4byte	.LASF18
 260 00b7 7B       		.sleb128 -5
 261 00b8 06       		.uleb128 0x6
 262 00b9 52000000 		.4byte	.LASF19
 263 00bd 7A       		.sleb128 -6
 264 00be 06       		.uleb128 0x6
 265 00bf C6010000 		.4byte	.LASF20
 266 00c3 79       		.sleb128 -7
 267 00c4 06       		.uleb128 0x6
 268 00c5 6D030000 		.4byte	.LASF21
 269 00c9 78       		.sleb128 -8
ARM GAS  C:\Users\DHEERA~1\AppData\Local\Temp\cc8nl3jh.s 			page 7


 270 00ca 06       		.uleb128 0x6
 271 00cb 9A020000 		.4byte	.LASF22
 272 00cf 77       		.sleb128 -9
 273 00d0 06       		.uleb128 0x6
 274 00d1 D8010000 		.4byte	.LASF23
 275 00d5 76       		.sleb128 -10
 276 00d6 06       		.uleb128 0x6
 277 00d7 F9040000 		.4byte	.LASF24
 278 00db 75       		.sleb128 -11
 279 00dc 06       		.uleb128 0x6
 280 00dd 70020000 		.4byte	.LASF25
 281 00e1 74       		.sleb128 -12
 282 00e2 06       		.uleb128 0x6
 283 00e3 F6030000 		.4byte	.LASF26
 284 00e7 73       		.sleb128 -13
 285 00e8 06       		.uleb128 0x6
 286 00e9 13020000 		.4byte	.LASF27
 287 00ed 72       		.sleb128 -14
 288 00ee 06       		.uleb128 0x6
 289 00ef 34000000 		.4byte	.LASF28
 290 00f3 71       		.sleb128 -15
 291 00f4 06       		.uleb128 0x6
 292 00f5 E6010000 		.4byte	.LASF29
 293 00f9 70       		.sleb128 -16
 294 00fa 06       		.uleb128 0x6
 295 00fb 95030000 		.4byte	.LASF30
 296 00ff 6F       		.sleb128 -17
 297 0100 06       		.uleb128 0x6
 298 0101 63000000 		.4byte	.LASF31
 299 0105 6E       		.sleb128 -18
 300 0106 06       		.uleb128 0x6
 301 0107 99010000 		.4byte	.LASF32
 302 010b 6D       		.sleb128 -19
 303 010c 06       		.uleb128 0x6
 304 010d A9030000 		.4byte	.LASF33
 305 0111 6C       		.sleb128 -20
 306 0112 06       		.uleb128 0x6
 307 0113 F7010000 		.4byte	.LASF34
 308 0117 6B       		.sleb128 -21
 309 0118 06       		.uleb128 0x6
 310 0119 85040000 		.4byte	.LASF35
 311 011d 6A       		.sleb128 -22
 312 011e 06       		.uleb128 0x6
 313 011f C4000000 		.4byte	.LASF36
 314 0123 69       		.sleb128 -23
 315 0124 06       		.uleb128 0x6
 316 0125 AC010000 		.4byte	.LASF37
 317 0129 68       		.sleb128 -24
 318 012a 06       		.uleb128 0x6
 319 012b 4D010000 		.4byte	.LASF38
 320 012f 67       		.sleb128 -25
 321 0130 00       		.byte	0
 322 0131 03       		.uleb128 0x3
 323 0132 E9040000 		.4byte	.LASF39
 324 0136 02       		.byte	0x2
 325 0137 EA       		.byte	0xea
 326 0138 88000000 		.4byte	0x88
ARM GAS  C:\Users\DHEERA~1\AppData\Local\Temp\cc8nl3jh.s 			page 8


 327 013c 03       		.uleb128 0x3
 328 013d 59040000 		.4byte	.LASF40
 329 0141 03       		.byte	0x3
 330 0142 3F       		.byte	0x3f
 331 0143 4C000000 		.4byte	0x4c
 332 0147 07       		.uleb128 0x7
 333 0148 04       		.byte	0x4
 334 0149 05       		.byte	0x5
 335 014a 696E7400 		.ascii	"int\000"
 336 014e 02       		.uleb128 0x2
 337 014f 04       		.byte	0x4
 338 0150 07       		.byte	0x7
 339 0151 63020000 		.4byte	.LASF41
 340 0155 02       		.uleb128 0x2
 341 0156 08       		.byte	0x8
 342 0157 04       		.byte	0x4
 343 0158 26020000 		.4byte	.LASF42
 344 015c 02       		.uleb128 0x2
 345 015d 04       		.byte	0x4
 346 015e 07       		.byte	0x7
 347 015f 78000000 		.4byte	.LASF43
 348 0163 03       		.uleb128 0x3
 349 0164 82030000 		.4byte	.LASF44
 350 0168 04       		.byte	0x4
 351 0169 2C       		.byte	0x2c
 352 016a 3C010000 		.4byte	0x13c
 353 016e 08       		.uleb128 0x8
 354 016f EC000000 		.4byte	.LASF45
 355 0173 05       		.byte	0x5
 356 0174 E901     		.2byte	0x1e9
 357 0176 37000000 		.4byte	0x37
 358 017a 03       		.uleb128 0x3
 359 017b B0020000 		.4byte	.LASF46
 360 017f 06       		.byte	0x6
 361 0180 53       		.byte	0x53
 362 0181 47010000 		.4byte	0x147
 363 0185 03       		.uleb128 0x3
 364 0186 AB000000 		.4byte	.LASF47
 365 018a 06       		.byte	0x6
 366 018b 54       		.byte	0x54
 367 018c 4E010000 		.4byte	0x14e
 368 0190 03       		.uleb128 0x3
 369 0191 3F010000 		.4byte	.LASF48
 370 0195 07       		.byte	0x7
 371 0196 4D       		.byte	0x4d
 372 0197 85010000 		.4byte	0x185
 373 019b 03       		.uleb128 0x3
 374 019c 8F000000 		.4byte	.LASF49
 375 01a0 07       		.byte	0x7
 376 01a1 4F       		.byte	0x4f
 377 01a2 85010000 		.4byte	0x185
 378 01a6 03       		.uleb128 0x3
 379 01a7 B5000000 		.4byte	.LASF50
 380 01ab 07       		.byte	0x7
 381 01ac 78       		.byte	0x78
 382 01ad 7A010000 		.4byte	0x17a
 383 01b1 09       		.uleb128 0x9
ARM GAS  C:\Users\DHEERA~1\AppData\Local\Temp\cc8nl3jh.s 			page 9


 384 01b2 97040000 		.4byte	.LASF72
 385 01b6 01       		.byte	0x1
 386 01b7 37000000 		.4byte	0x37
 387 01bb 08       		.byte	0x8
 388 01bc 0A       		.byte	0xa
 389 01bd DA010000 		.4byte	0x1da
 390 01c1 05       		.uleb128 0x5
 391 01c2 8D010000 		.4byte	.LASF51
 392 01c6 00       		.byte	0
 393 01c7 05       		.uleb128 0x5
 394 01c8 7E020000 		.4byte	.LASF52
 395 01cc 01       		.byte	0x1
 396 01cd 05       		.uleb128 0x5
 397 01ce 07010000 		.4byte	.LASF53
 398 01d2 02       		.byte	0x2
 399 01d3 05       		.uleb128 0x5
 400 01d4 A0000000 		.4byte	.LASF54
 401 01d8 03       		.byte	0x3
 402 01d9 00       		.byte	0
 403 01da 03       		.uleb128 0x3
 404 01db BC030000 		.4byte	.LASF55
 405 01df 08       		.byte	0x8
 406 01e0 10       		.byte	0x10
 407 01e1 B1010000 		.4byte	0x1b1
 408 01e5 0A       		.uleb128 0xa
 409 01e6 97000000 		.4byte	.LASF56
 410 01ea 01       		.byte	0x1
 411 01eb 0F       		.byte	0xf
 412 01ec 31010000 		.4byte	0x131
 413 01f0 00000000 		.4byte	.LFB111
 414 01f4 0C000000 		.4byte	.LFE111-.LFB111
 415 01f8 01       		.uleb128 0x1
 416 01f9 9C       		.byte	0x9c
 417 01fa 1D020000 		.4byte	0x21d
 418 01fe 0B       		.uleb128 0xb
 419 01ff E1040000 		.4byte	.LASF58
 420 0203 01       		.byte	0x1
 421 0204 0F       		.byte	0xf
 422 0205 DA010000 		.4byte	0x1da
 423 0209 00000000 		.4byte	.LLST0
 424 020d 0C       		.uleb128 0xc
 425 020e 08000000 		.4byte	.LVL1
 426 0212 E2020000 		.4byte	0x2e2
 427 0216 0D       		.uleb128 0xd
 428 0217 01       		.uleb128 0x1
 429 0218 51       		.byte	0x51
 430 0219 01       		.uleb128 0x1
 431 021a 30       		.byte	0x30
 432 021b 00       		.byte	0
 433 021c 00       		.byte	0
 434 021d 0E       		.uleb128 0xe
 435 021e 29000000 		.4byte	.LASF73
 436 0222 01       		.byte	0x1
 437 0223 19       		.byte	0x19
 438 0224 31010000 		.4byte	0x131
 439 0228 00000000 		.4byte	.LFB112
 440 022c 1C000000 		.4byte	.LFE112-.LFB112
ARM GAS  C:\Users\DHEERA~1\AppData\Local\Temp\cc8nl3jh.s 			page 10


 441 0230 01       		.uleb128 0x1
 442 0231 9C       		.byte	0x9c
 443 0232 40020000 		.4byte	0x240
 444 0236 0F       		.uleb128 0xf
 445 0237 0E000000 		.4byte	.LVL2
 446 023b ED020000 		.4byte	0x2ed
 447 023f 00       		.byte	0
 448 0240 10       		.uleb128 0x10
 449 0241 DB000000 		.4byte	.LASF74
 450 0245 01       		.byte	0x1
 451 0246 28       		.byte	0x28
 452 0247 76000000 		.4byte	0x76
 453 024b 00000000 		.4byte	.LFB113
 454 024f 18000000 		.4byte	.LFE113-.LFB113
 455 0253 01       		.uleb128 0x1
 456 0254 9C       		.byte	0x9c
 457 0255 0A       		.uleb128 0xa
 458 0256 7C040000 		.4byte	.LASF57
 459 025a 01       		.byte	0x1
 460 025b 3B       		.byte	0x3b
 461 025c 31010000 		.4byte	0x131
 462 0260 00000000 		.4byte	.LFB114
 463 0264 18000000 		.4byte	.LFE114-.LFB114
 464 0268 01       		.uleb128 0x1
 465 0269 9C       		.byte	0x9c
 466 026a 7E020000 		.4byte	0x27e
 467 026e 0B       		.uleb128 0xb
 468 026f 00000000 		.4byte	.LASF59
 469 0273 01       		.byte	0x1
 470 0274 3B       		.byte	0x3b
 471 0275 2C000000 		.4byte	0x2c
 472 0279 21000000 		.4byte	.LLST1
 473 027d 00       		.byte	0
 474 027e 11       		.uleb128 0x11
 475 027f 63040000 		.4byte	.LASF75
 476 0283 01       		.byte	0x1
 477 0284 06       		.byte	0x6
 478 0285 2C000000 		.4byte	0x2c
 479 0289 05       		.uleb128 0x5
 480 028a 03       		.byte	0x3
 481 028b 00000000 		.4byte	WD_RunnableAliveBitField
 482 028f 12       		.uleb128 0x12
 483 0290 C9040000 		.4byte	.LASF60
 484 0294 09       		.byte	0x9
 485 0295 40       		.byte	0x40
 486 0296 90010000 		.4byte	0x190
 487 029a 12       		.uleb128 0x12
 488 029b 74010000 		.4byte	.LASF61
 489 029f 09       		.byte	0x9
 490 02a0 47       		.byte	0x47
 491 02a1 9B010000 		.4byte	0x19b
 492 02a5 12       		.uleb128 0x12
 493 02a6 CA030000 		.4byte	.LASF62
 494 02aa 09       		.byte	0x9
 495 02ab 4A       		.byte	0x4a
 496 02ac 90010000 		.4byte	0x190
 497 02b0 12       		.uleb128 0x12
ARM GAS  C:\Users\DHEERA~1\AppData\Local\Temp\cc8nl3jh.s 			page 11


 498 02b1 17010000 		.4byte	.LASF63
 499 02b5 0A       		.byte	0xa
 500 02b6 48       		.byte	0x48
 501 02b7 A6010000 		.4byte	0x1a6
 502 02bb 12       		.uleb128 0x12
 503 02bc F2000000 		.4byte	.LASF64
 504 02c0 0B       		.byte	0xb
 505 02c1 44       		.byte	0x44
 506 02c2 90010000 		.4byte	0x190
 507 02c6 12       		.uleb128 0x12
 508 02c7 B9020000 		.4byte	.LASF65
 509 02cb 0C       		.byte	0xc
 510 02cc 2C       		.byte	0x2c
 511 02cd 6E010000 		.4byte	0x16e
 512 02d1 13       		.uleb128 0x13
 513 02d2 A3040000 		.4byte	.LASF66
 514 02d6 0D       		.byte	0xd
 515 02d7 1207     		.2byte	0x712
 516 02d9 DD020000 		.4byte	0x2dd
 517 02dd 14       		.uleb128 0x14
 518 02de 63010000 		.4byte	0x163
 519 02e2 15       		.uleb128 0x15
 520 02e3 8A030000 		.4byte	.LASF67
 521 02e7 8A030000 		.4byte	.LASF67
 522 02eb 0C       		.byte	0xc
 523 02ec 72       		.byte	0x72
 524 02ed 15       		.uleb128 0x15
 525 02ee EE040000 		.4byte	.LASF68
 526 02f2 EE040000 		.4byte	.LASF68
 527 02f6 0C       		.byte	0xc
 528 02f7 73       		.byte	0x73
 529 02f8 00       		.byte	0
 530              		.section	.debug_abbrev,"",%progbits
 531              	.Ldebug_abbrev0:
 532 0000 01       		.uleb128 0x1
 533 0001 11       		.uleb128 0x11
 534 0002 01       		.byte	0x1
 535 0003 25       		.uleb128 0x25
 536 0004 0E       		.uleb128 0xe
 537 0005 13       		.uleb128 0x13
 538 0006 0B       		.uleb128 0xb
 539 0007 03       		.uleb128 0x3
 540 0008 0E       		.uleb128 0xe
 541 0009 1B       		.uleb128 0x1b
 542 000a 0E       		.uleb128 0xe
 543 000b 55       		.uleb128 0x55
 544 000c 17       		.uleb128 0x17
 545 000d 11       		.uleb128 0x11
 546 000e 01       		.uleb128 0x1
 547 000f 10       		.uleb128 0x10
 548 0010 17       		.uleb128 0x17
 549 0011 00       		.byte	0
 550 0012 00       		.byte	0
 551 0013 02       		.uleb128 0x2
 552 0014 24       		.uleb128 0x24
 553 0015 00       		.byte	0
 554 0016 0B       		.uleb128 0xb
ARM GAS  C:\Users\DHEERA~1\AppData\Local\Temp\cc8nl3jh.s 			page 12


 555 0017 0B       		.uleb128 0xb
 556 0018 3E       		.uleb128 0x3e
 557 0019 0B       		.uleb128 0xb
 558 001a 03       		.uleb128 0x3
 559 001b 0E       		.uleb128 0xe
 560 001c 00       		.byte	0
 561 001d 00       		.byte	0
 562 001e 03       		.uleb128 0x3
 563 001f 16       		.uleb128 0x16
 564 0020 00       		.byte	0
 565 0021 03       		.uleb128 0x3
 566 0022 0E       		.uleb128 0xe
 567 0023 3A       		.uleb128 0x3a
 568 0024 0B       		.uleb128 0xb
 569 0025 3B       		.uleb128 0x3b
 570 0026 0B       		.uleb128 0xb
 571 0027 49       		.uleb128 0x49
 572 0028 13       		.uleb128 0x13
 573 0029 00       		.byte	0
 574 002a 00       		.byte	0
 575 002b 04       		.uleb128 0x4
 576 002c 04       		.uleb128 0x4
 577 002d 01       		.byte	0x1
 578 002e 0B       		.uleb128 0xb
 579 002f 0B       		.uleb128 0xb
 580 0030 49       		.uleb128 0x49
 581 0031 13       		.uleb128 0x13
 582 0032 3A       		.uleb128 0x3a
 583 0033 0B       		.uleb128 0xb
 584 0034 3B       		.uleb128 0x3b
 585 0035 0B       		.uleb128 0xb
 586 0036 01       		.uleb128 0x1
 587 0037 13       		.uleb128 0x13
 588 0038 00       		.byte	0
 589 0039 00       		.byte	0
 590 003a 05       		.uleb128 0x5
 591 003b 28       		.uleb128 0x28
 592 003c 00       		.byte	0
 593 003d 03       		.uleb128 0x3
 594 003e 0E       		.uleb128 0xe
 595 003f 1C       		.uleb128 0x1c
 596 0040 0B       		.uleb128 0xb
 597 0041 00       		.byte	0
 598 0042 00       		.byte	0
 599 0043 06       		.uleb128 0x6
 600 0044 28       		.uleb128 0x28
 601 0045 00       		.byte	0
 602 0046 03       		.uleb128 0x3
 603 0047 0E       		.uleb128 0xe
 604 0048 1C       		.uleb128 0x1c
 605 0049 0D       		.uleb128 0xd
 606 004a 00       		.byte	0
 607 004b 00       		.byte	0
 608 004c 07       		.uleb128 0x7
 609 004d 24       		.uleb128 0x24
 610 004e 00       		.byte	0
 611 004f 0B       		.uleb128 0xb
ARM GAS  C:\Users\DHEERA~1\AppData\Local\Temp\cc8nl3jh.s 			page 13


 612 0050 0B       		.uleb128 0xb
 613 0051 3E       		.uleb128 0x3e
 614 0052 0B       		.uleb128 0xb
 615 0053 03       		.uleb128 0x3
 616 0054 08       		.uleb128 0x8
 617 0055 00       		.byte	0
 618 0056 00       		.byte	0
 619 0057 08       		.uleb128 0x8
 620 0058 16       		.uleb128 0x16
 621 0059 00       		.byte	0
 622 005a 03       		.uleb128 0x3
 623 005b 0E       		.uleb128 0xe
 624 005c 3A       		.uleb128 0x3a
 625 005d 0B       		.uleb128 0xb
 626 005e 3B       		.uleb128 0x3b
 627 005f 05       		.uleb128 0x5
 628 0060 49       		.uleb128 0x49
 629 0061 13       		.uleb128 0x13
 630 0062 00       		.byte	0
 631 0063 00       		.byte	0
 632 0064 09       		.uleb128 0x9
 633 0065 04       		.uleb128 0x4
 634 0066 01       		.byte	0x1
 635 0067 03       		.uleb128 0x3
 636 0068 0E       		.uleb128 0xe
 637 0069 0B       		.uleb128 0xb
 638 006a 0B       		.uleb128 0xb
 639 006b 49       		.uleb128 0x49
 640 006c 13       		.uleb128 0x13
 641 006d 3A       		.uleb128 0x3a
 642 006e 0B       		.uleb128 0xb
 643 006f 3B       		.uleb128 0x3b
 644 0070 0B       		.uleb128 0xb
 645 0071 01       		.uleb128 0x1
 646 0072 13       		.uleb128 0x13
 647 0073 00       		.byte	0
 648 0074 00       		.byte	0
 649 0075 0A       		.uleb128 0xa
 650 0076 2E       		.uleb128 0x2e
 651 0077 01       		.byte	0x1
 652 0078 3F       		.uleb128 0x3f
 653 0079 19       		.uleb128 0x19
 654 007a 03       		.uleb128 0x3
 655 007b 0E       		.uleb128 0xe
 656 007c 3A       		.uleb128 0x3a
 657 007d 0B       		.uleb128 0xb
 658 007e 3B       		.uleb128 0x3b
 659 007f 0B       		.uleb128 0xb
 660 0080 27       		.uleb128 0x27
 661 0081 19       		.uleb128 0x19
 662 0082 49       		.uleb128 0x49
 663 0083 13       		.uleb128 0x13
 664 0084 11       		.uleb128 0x11
 665 0085 01       		.uleb128 0x1
 666 0086 12       		.uleb128 0x12
 667 0087 06       		.uleb128 0x6
 668 0088 40       		.uleb128 0x40
ARM GAS  C:\Users\DHEERA~1\AppData\Local\Temp\cc8nl3jh.s 			page 14


 669 0089 18       		.uleb128 0x18
 670 008a 9742     		.uleb128 0x2117
 671 008c 19       		.uleb128 0x19
 672 008d 01       		.uleb128 0x1
 673 008e 13       		.uleb128 0x13
 674 008f 00       		.byte	0
 675 0090 00       		.byte	0
 676 0091 0B       		.uleb128 0xb
 677 0092 05       		.uleb128 0x5
 678 0093 00       		.byte	0
 679 0094 03       		.uleb128 0x3
 680 0095 0E       		.uleb128 0xe
 681 0096 3A       		.uleb128 0x3a
 682 0097 0B       		.uleb128 0xb
 683 0098 3B       		.uleb128 0x3b
 684 0099 0B       		.uleb128 0xb
 685 009a 49       		.uleb128 0x49
 686 009b 13       		.uleb128 0x13
 687 009c 02       		.uleb128 0x2
 688 009d 17       		.uleb128 0x17
 689 009e 00       		.byte	0
 690 009f 00       		.byte	0
 691 00a0 0C       		.uleb128 0xc
 692 00a1 898201   		.uleb128 0x4109
 693 00a4 01       		.byte	0x1
 694 00a5 11       		.uleb128 0x11
 695 00a6 01       		.uleb128 0x1
 696 00a7 31       		.uleb128 0x31
 697 00a8 13       		.uleb128 0x13
 698 00a9 00       		.byte	0
 699 00aa 00       		.byte	0
 700 00ab 0D       		.uleb128 0xd
 701 00ac 8A8201   		.uleb128 0x410a
 702 00af 00       		.byte	0
 703 00b0 02       		.uleb128 0x2
 704 00b1 18       		.uleb128 0x18
 705 00b2 9142     		.uleb128 0x2111
 706 00b4 18       		.uleb128 0x18
 707 00b5 00       		.byte	0
 708 00b6 00       		.byte	0
 709 00b7 0E       		.uleb128 0xe
 710 00b8 2E       		.uleb128 0x2e
 711 00b9 01       		.byte	0x1
 712 00ba 3F       		.uleb128 0x3f
 713 00bb 19       		.uleb128 0x19
 714 00bc 03       		.uleb128 0x3
 715 00bd 0E       		.uleb128 0xe
 716 00be 3A       		.uleb128 0x3a
 717 00bf 0B       		.uleb128 0xb
 718 00c0 3B       		.uleb128 0x3b
 719 00c1 0B       		.uleb128 0xb
 720 00c2 49       		.uleb128 0x49
 721 00c3 13       		.uleb128 0x13
 722 00c4 11       		.uleb128 0x11
 723 00c5 01       		.uleb128 0x1
 724 00c6 12       		.uleb128 0x12
 725 00c7 06       		.uleb128 0x6
ARM GAS  C:\Users\DHEERA~1\AppData\Local\Temp\cc8nl3jh.s 			page 15


 726 00c8 40       		.uleb128 0x40
 727 00c9 18       		.uleb128 0x18
 728 00ca 9742     		.uleb128 0x2117
 729 00cc 19       		.uleb128 0x19
 730 00cd 01       		.uleb128 0x1
 731 00ce 13       		.uleb128 0x13
 732 00cf 00       		.byte	0
 733 00d0 00       		.byte	0
 734 00d1 0F       		.uleb128 0xf
 735 00d2 898201   		.uleb128 0x4109
 736 00d5 00       		.byte	0
 737 00d6 11       		.uleb128 0x11
 738 00d7 01       		.uleb128 0x1
 739 00d8 31       		.uleb128 0x31
 740 00d9 13       		.uleb128 0x13
 741 00da 00       		.byte	0
 742 00db 00       		.byte	0
 743 00dc 10       		.uleb128 0x10
 744 00dd 2E       		.uleb128 0x2e
 745 00de 00       		.byte	0
 746 00df 3F       		.uleb128 0x3f
 747 00e0 19       		.uleb128 0x19
 748 00e1 03       		.uleb128 0x3
 749 00e2 0E       		.uleb128 0xe
 750 00e3 3A       		.uleb128 0x3a
 751 00e4 0B       		.uleb128 0xb
 752 00e5 3B       		.uleb128 0x3b
 753 00e6 0B       		.uleb128 0xb
 754 00e7 49       		.uleb128 0x49
 755 00e8 13       		.uleb128 0x13
 756 00e9 11       		.uleb128 0x11
 757 00ea 01       		.uleb128 0x1
 758 00eb 12       		.uleb128 0x12
 759 00ec 06       		.uleb128 0x6
 760 00ed 40       		.uleb128 0x40
 761 00ee 18       		.uleb128 0x18
 762 00ef 9742     		.uleb128 0x2117
 763 00f1 19       		.uleb128 0x19
 764 00f2 00       		.byte	0
 765 00f3 00       		.byte	0
 766 00f4 11       		.uleb128 0x11
 767 00f5 34       		.uleb128 0x34
 768 00f6 00       		.byte	0
 769 00f7 03       		.uleb128 0x3
 770 00f8 0E       		.uleb128 0xe
 771 00f9 3A       		.uleb128 0x3a
 772 00fa 0B       		.uleb128 0xb
 773 00fb 3B       		.uleb128 0x3b
 774 00fc 0B       		.uleb128 0xb
 775 00fd 49       		.uleb128 0x49
 776 00fe 13       		.uleb128 0x13
 777 00ff 02       		.uleb128 0x2
 778 0100 18       		.uleb128 0x18
 779 0101 00       		.byte	0
 780 0102 00       		.byte	0
 781 0103 12       		.uleb128 0x12
 782 0104 34       		.uleb128 0x34
ARM GAS  C:\Users\DHEERA~1\AppData\Local\Temp\cc8nl3jh.s 			page 16


 783 0105 00       		.byte	0
 784 0106 03       		.uleb128 0x3
 785 0107 0E       		.uleb128 0xe
 786 0108 3A       		.uleb128 0x3a
 787 0109 0B       		.uleb128 0xb
 788 010a 3B       		.uleb128 0x3b
 789 010b 0B       		.uleb128 0xb
 790 010c 49       		.uleb128 0x49
 791 010d 13       		.uleb128 0x13
 792 010e 3F       		.uleb128 0x3f
 793 010f 19       		.uleb128 0x19
 794 0110 3C       		.uleb128 0x3c
 795 0111 19       		.uleb128 0x19
 796 0112 00       		.byte	0
 797 0113 00       		.byte	0
 798 0114 13       		.uleb128 0x13
 799 0115 34       		.uleb128 0x34
 800 0116 00       		.byte	0
 801 0117 03       		.uleb128 0x3
 802 0118 0E       		.uleb128 0xe
 803 0119 3A       		.uleb128 0x3a
 804 011a 0B       		.uleb128 0xb
 805 011b 3B       		.uleb128 0x3b
 806 011c 05       		.uleb128 0x5
 807 011d 49       		.uleb128 0x49
 808 011e 13       		.uleb128 0x13
 809 011f 3F       		.uleb128 0x3f
 810 0120 19       		.uleb128 0x19
 811 0121 3C       		.uleb128 0x3c
 812 0122 19       		.uleb128 0x19
 813 0123 00       		.byte	0
 814 0124 00       		.byte	0
 815 0125 14       		.uleb128 0x14
 816 0126 35       		.uleb128 0x35
 817 0127 00       		.byte	0
 818 0128 49       		.uleb128 0x49
 819 0129 13       		.uleb128 0x13
 820 012a 00       		.byte	0
 821 012b 00       		.byte	0
 822 012c 15       		.uleb128 0x15
 823 012d 2E       		.uleb128 0x2e
 824 012e 00       		.byte	0
 825 012f 3F       		.uleb128 0x3f
 826 0130 19       		.uleb128 0x19
 827 0131 3C       		.uleb128 0x3c
 828 0132 19       		.uleb128 0x19
 829 0133 6E       		.uleb128 0x6e
 830 0134 0E       		.uleb128 0xe
 831 0135 03       		.uleb128 0x3
 832 0136 0E       		.uleb128 0xe
 833 0137 3A       		.uleb128 0x3a
 834 0138 0B       		.uleb128 0xb
 835 0139 3B       		.uleb128 0x3b
 836 013a 0B       		.uleb128 0xb
 837 013b 00       		.byte	0
 838 013c 00       		.byte	0
 839 013d 00       		.byte	0
ARM GAS  C:\Users\DHEERA~1\AppData\Local\Temp\cc8nl3jh.s 			page 17


 840              		.section	.debug_loc,"",%progbits
 841              	.Ldebug_loc0:
 842              	.LLST0:
 843 0000 00000000 		.4byte	.LVL0
 844 0004 07000000 		.4byte	.LVL1-1
 845 0008 0100     		.2byte	0x1
 846 000a 50       		.byte	0x50
 847 000b 07000000 		.4byte	.LVL1-1
 848 000f 0C000000 		.4byte	.LFE111
 849 0013 0400     		.2byte	0x4
 850 0015 F3       		.byte	0xf3
 851 0016 01       		.uleb128 0x1
 852 0017 50       		.byte	0x50
 853 0018 9F       		.byte	0x9f
 854 0019 00000000 		.4byte	0
 855 001d 00000000 		.4byte	0
 856              	.LLST1:
 857 0021 00000000 		.4byte	.LVL3
 858 0025 06000000 		.4byte	.LVL4
 859 0029 0100     		.2byte	0x1
 860 002b 50       		.byte	0x50
 861 002c 06000000 		.4byte	.LVL4
 862 0030 18000000 		.4byte	.LFE114
 863 0034 0400     		.2byte	0x4
 864 0036 F3       		.byte	0xf3
 865 0037 01       		.uleb128 0x1
 866 0038 50       		.byte	0x50
 867 0039 9F       		.byte	0x9f
 868 003a 00000000 		.4byte	0
 869 003e 00000000 		.4byte	0
 870              		.section	.debug_aranges,"",%progbits
 871 0000 34000000 		.4byte	0x34
 872 0004 0200     		.2byte	0x2
 873 0006 00000000 		.4byte	.Ldebug_info0
 874 000a 04       		.byte	0x4
 875 000b 00       		.byte	0
 876 000c 0000     		.2byte	0
 877 000e 0000     		.2byte	0
 878 0010 00000000 		.4byte	.LFB111
 879 0014 0C000000 		.4byte	.LFE111-.LFB111
 880 0018 00000000 		.4byte	.LFB112
 881 001c 1C000000 		.4byte	.LFE112-.LFB112
 882 0020 00000000 		.4byte	.LFB113
 883 0024 18000000 		.4byte	.LFE113-.LFB113
 884 0028 00000000 		.4byte	.LFB114
 885 002c 18000000 		.4byte	.LFE114-.LFB114
 886 0030 00000000 		.4byte	0
 887 0034 00000000 		.4byte	0
 888              		.section	.debug_ranges,"",%progbits
 889              	.Ldebug_ranges0:
 890 0000 00000000 		.4byte	.LFB111
 891 0004 0C000000 		.4byte	.LFE111
 892 0008 00000000 		.4byte	.LFB112
 893 000c 1C000000 		.4byte	.LFE112
 894 0010 00000000 		.4byte	.LFB113
 895 0014 18000000 		.4byte	.LFE113
 896 0018 00000000 		.4byte	.LFB114
ARM GAS  C:\Users\DHEERA~1\AppData\Local\Temp\cc8nl3jh.s 			page 18


 897 001c 18000000 		.4byte	.LFE114
 898 0020 00000000 		.4byte	0
 899 0024 00000000 		.4byte	0
 900              		.section	.debug_line,"",%progbits
 901              	.Ldebug_line0:
 902 0000 52020000 		.section	.debug_str,"MS",%progbits,1
 902      02000302 
 902      00000201 
 902      FB0E0D00 
 902      01010101 
 903              	.LASF59:
 904 0000 6D794269 		.ascii	"myBitPosition\000"
 904      74506F73 
 904      6974696F 
 904      6E00
 905              	.LASF13:
 906 000e 52435F53 		.ascii	"RC_SUCCESS\000"
 906      55434345 
 906      535300
 907              	.LASF70:
 908 0019 57617463 		.ascii	"WatchDogTimer.c\000"
 908      68446F67 
 908      54696D65 
 908      722E6300 
 909              	.LASF73:
 910 0029 57445F54 		.ascii	"WD_Trigger\000"
 910      72696767 
 910      657200
 911              	.LASF28:
 912 0034 52435F45 		.ascii	"RC_ERROR_WRITE_ONLY\000"
 912      52524F52 
 912      5F575249 
 912      54455F4F 
 912      4E4C5900 
 913              	.LASF2:
 914 0048 73686F72 		.ascii	"short int\000"
 914      7420696E 
 914      7400
 915              	.LASF19:
 916 0052 52435F45 		.ascii	"RC_ERROR_OVERRUN\000"
 916      52524F52 
 916      5F4F5645 
 916      5252554E 
 916      00
 917              	.LASF31:
 918 0063 52435F45 		.ascii	"RC_ERROR_WRITE_FAILS\000"
 918      52524F52 
 918      5F575249 
 918      54455F46 
 918      41494C53 
 919              	.LASF43:
 920 0078 73697A65 		.ascii	"sizetype\000"
 920      74797065 
 920      00
 921              	.LASF16:
 922 0081 52435F45 		.ascii	"RC_ERROR_ZERO\000"
 922      52524F52 
ARM GAS  C:\Users\DHEERA~1\AppData\Local\Temp\cc8nl3jh.s 			page 19


 922      5F5A4552 
 922      4F00
 923              	.LASF49:
 924 008f 45455F46 		.ascii	"EE_FREG\000"
 924      52454700 
 925              	.LASF56:
 926 0097 57445F53 		.ascii	"WD_Start\000"
 926      74617274 
 926      00
 927              	.LASF54:
 928 00a0 7469636B 		.ascii	"ticks_2_3s\000"
 928      735F325F 
 928      337300
 929              	.LASF47:
 930 00ab 45455F55 		.ascii	"EE_UINT32\000"
 930      494E5433 
 930      3200
 931              	.LASF50:
 932 00b5 45455F54 		.ascii	"EE_TID\000"
 932      494400
 933              	.LASF10:
 934 00bc 75696E74 		.ascii	"uint8_t\000"
 934      385F7400 
 935              	.LASF36:
 936 00c4 52435F45 		.ascii	"RC_ERROR_INVALID_STATE\000"
 936      52524F52 
 936      5F494E56 
 936      414C4944 
 936      5F535441 
 937              	.LASF74:
 938 00db 57445F43 		.ascii	"WD_CheckResetBit\000"
 938      6865636B 
 938      52657365 
 938      74426974 
 938      00
 939              	.LASF45:
 940 00ec 75696E74 		.ascii	"uint8\000"
 940      3800
 941              	.LASF64:
 942 00f2 45455F49 		.ascii	"EE_IRQ_nesting_level\000"
 942      52515F6E 
 942      65737469 
 942      6E675F6C 
 942      6576656C 
 943              	.LASF53:
 944 0107 7469636B 		.ascii	"ticks_256_384ms\000"
 944      735F3235 
 944      365F3338 
 944      346D7300 
 945              	.LASF63:
 946 0117 45455F73 		.ascii	"EE_std_endcycle_next_tid\000"
 946      74645F65 
 946      6E646379 
 946      636C655F 
 946      6E657874 
 947              	.LASF18:
 948 0130 52435F45 		.ascii	"RC_ERROR_RANGE\000"
ARM GAS  C:\Users\DHEERA~1\AppData\Local\Temp\cc8nl3jh.s 			page 20


 948      52524F52 
 948      5F52414E 
 948      474500
 949              	.LASF48:
 950 013f 45455F55 		.ascii	"EE_UREG\000"
 950      52454700 
 951              	.LASF6:
 952 0147 666C6F61 		.ascii	"float\000"
 952      7400
 953              	.LASF38:
 954 014d 52435F45 		.ascii	"RC_ERROR_NOT_IMPLEMENTED\000"
 954      52524F52 
 954      5F4E4F54 
 954      5F494D50 
 954      4C454D45 
 955              	.LASF8:
 956 0166 6C6F6E67 		.ascii	"long long int\000"
 956      206C6F6E 
 956      6720696E 
 956      7400
 957              	.LASF61:
 958 0174 45455F6F 		.ascii	"EE_oo_IRQ_suspend_status\000"
 958      6F5F4952 
 958      515F7375 
 958      7370656E 
 958      645F7374 
 959              	.LASF51:
 960 018d 7469636B 		.ascii	"ticks_4_6ms\000"
 960      735F345F 
 960      366D7300 
 961              	.LASF32:
 962 0199 52435F45 		.ascii	"RC_ERROR_NOT_MATCH\000"
 962      52524F52 
 962      5F4E4F54 
 962      5F4D4154 
 962      434800
 963              	.LASF37:
 964 01ac 52435F45 		.ascii	"RC_ERROR_UNKNOWN\000"
 964      52524F52 
 964      5F554E4B 
 964      4E4F574E 
 964      00
 965              	.LASF4:
 966 01bd 6C6F6E67 		.ascii	"long int\000"
 966      20696E74 
 966      00
 967              	.LASF20:
 968 01c6 52435F45 		.ascii	"RC_ERROR_UNDERRUN\000"
 968      52524F52 
 968      5F554E44 
 968      45525255 
 968      4E00
 969              	.LASF23:
 970 01d8 52435F45 		.ascii	"RC_ERROR_BUSY\000"
 970      52524F52 
 970      5F425553 
 970      5900
ARM GAS  C:\Users\DHEERA~1\AppData\Local\Temp\cc8nl3jh.s 			page 21


 971              	.LASF29:
 972 01e6 52435F45 		.ascii	"RC_ERROR_INVALID\000"
 972      52524F52 
 972      5F494E56 
 972      414C4944 
 972      00
 973              	.LASF34:
 974 01f7 52435F45 		.ascii	"RC_ERROR_BAD_DATA\000"
 974      52524F52 
 974      5F424144 
 974      5F444154 
 974      4100
 975              	.LASF11:
 976 0209 626F6F6C 		.ascii	"boolean_t\000"
 976      65616E5F 
 976      7400
 977              	.LASF27:
 978 0213 52435F45 		.ascii	"RC_ERROR_READ_ONLY\000"
 978      52524F52 
 978      5F524541 
 978      445F4F4E 
 978      4C5900
 979              	.LASF42:
 980 0226 6C6F6E67 		.ascii	"long double\000"
 980      20646F75 
 980      626C6500 
 981              	.LASF1:
 982 0232 756E7369 		.ascii	"unsigned char\000"
 982      676E6564 
 982      20636861 
 982      7200
 983              	.LASF0:
 984 0240 7369676E 		.ascii	"signed char\000"
 984      65642063 
 984      68617200 
 985              	.LASF9:
 986 024c 6C6F6E67 		.ascii	"long long unsigned int\000"
 986      206C6F6E 
 986      6720756E 
 986      7369676E 
 986      65642069 
 987              	.LASF41:
 988 0263 756E7369 		.ascii	"unsigned int\000"
 988      676E6564 
 988      20696E74 
 988      00
 989              	.LASF25:
 990 0270 52435F45 		.ascii	"RC_ERROR_OPEN\000"
 990      52524F52 
 990      5F4F5045 
 990      4E00
 991              	.LASF52:
 992 027e 7469636B 		.ascii	"ticks_32_48ms\000"
 992      735F3332 
 992      5F34386D 
 992      7300
 993              	.LASF15:
ARM GAS  C:\Users\DHEERA~1\AppData\Local\Temp\cc8nl3jh.s 			page 22


 994 028c 52435F45 		.ascii	"RC_ERROR_NULL\000"
 994      52524F52 
 994      5F4E554C 
 994      4C00
 995              	.LASF22:
 996 029a 52435F45 		.ascii	"RC_ERROR_BUFFER_EMTPY\000"
 996      52524F52 
 996      5F425546 
 996      4645525F 
 996      454D5450 
 997              	.LASF46:
 998 02b0 45455F49 		.ascii	"EE_INT32\000"
 998      4E543332 
 998      00
 999              	.LASF65:
 1000 02b9 43795265 		.ascii	"CyResetStatus\000"
 1000      73657453 
 1000      74617475 
 1000      7300
 1001              	.LASF3:
 1002 02c7 73686F72 		.ascii	"short unsigned int\000"
 1002      7420756E 
 1002      7369676E 
 1002      65642069 
 1002      6E7400
 1003              	.LASF69:
 1004 02da 474E5520 		.ascii	"GNU C11 5.4.1 20160609 (release) [ARM/embedded-5-br"
 1004      43313120 
 1004      352E342E 
 1004      31203230 
 1004      31363036 
 1005 030d 616E6368 		.ascii	"anch revision 237715] -mcpu=cortex-m3 -mthumb -g -O"
 1005      20726576 
 1005      6973696F 
 1005      6E203233 
 1005      37373135 
 1006 0340 67202D66 		.ascii	"g -ffunction-sections -ffat-lto-objects\000"
 1006      66756E63 
 1006      74696F6E 
 1006      2D736563 
 1006      74696F6E 
 1007              	.LASF12:
 1008 0368 63686172 		.ascii	"char\000"
 1008      00
 1009              	.LASF21:
 1010 036d 52435F45 		.ascii	"RC_ERROR_BUFFER_FULL\000"
 1010      52524F52 
 1010      5F425546 
 1010      4645525F 
 1010      46554C4C 
 1011              	.LASF44:
 1012 0382 696E7433 		.ascii	"int32_t\000"
 1012      325F7400 
 1013              	.LASF67:
 1014 038a 43795764 		.ascii	"CyWdtStart\000"
 1014      74537461 
 1014      727400
ARM GAS  C:\Users\DHEERA~1\AppData\Local\Temp\cc8nl3jh.s 			page 23


 1015              	.LASF30:
 1016 0395 52435F45 		.ascii	"RC_ERROR_READ_FAILS\000"
 1016      52524F52 
 1016      5F524541 
 1016      445F4641 
 1016      494C5300 
 1017              	.LASF33:
 1018 03a9 52435F45 		.ascii	"RC_ERROR_BAD_PARAM\000"
 1018      52524F52 
 1018      5F424144 
 1018      5F504152 
 1018      414D00
 1019              	.LASF55:
 1020 03bc 5744545F 		.ascii	"WDT_TimeOut_t\000"
 1020      54696D65 
 1020      4F75745F 
 1020      7400
 1021              	.LASF62:
 1022 03ca 45455F41 		.ascii	"EE_ApplicationMode\000"
 1022      70706C69 
 1022      63617469 
 1022      6F6E4D6F 
 1022      646500
 1023              	.LASF5:
 1024 03dd 6C6F6E67 		.ascii	"long unsigned int\000"
 1024      20756E73 
 1024      69676E65 
 1024      6420696E 
 1024      7400
 1025              	.LASF7:
 1026 03ef 646F7562 		.ascii	"double\000"
 1026      6C6500
 1027              	.LASF26:
 1028 03f6 52435F45 		.ascii	"RC_ERROR_CHECKSUM\000"
 1028      52524F52 
 1028      5F434845 
 1028      434B5355 
 1028      4D00
 1029              	.LASF71:
 1030 0408 443A5C4D 		.ascii	"D:\\MS\\HDA\\Embedded\\Second_sem\\EAA\\Assignment1"
 1030      535C4844 
 1030      415C456D 
 1030      62656464 
 1030      65645C53 
 1031 0435 5C456C65 		.ascii	"\\Electronic_Gaspedal\\Design01.cydsn\000"
 1031      6374726F 
 1031      6E69635F 
 1031      47617370 
 1031      6564616C 
 1032              	.LASF40:
 1033 0459 5F5F696E 		.ascii	"__int32_t\000"
 1033      7433325F 
 1033      7400
 1034              	.LASF75:
 1035 0463 57445F52 		.ascii	"WD_RunnableAliveBitField\000"
 1035      756E6E61 
 1035      626C6541 
ARM GAS  C:\Users\DHEERA~1\AppData\Local\Temp\cc8nl3jh.s 			page 24


 1035      6C697665 
 1035      42697446 
 1036              	.LASF57:
 1037 047c 57445F41 		.ascii	"WD_Alive\000"
 1037      6C697665 
 1037      00
 1038              	.LASF35:
 1039 0485 52435F45 		.ascii	"RC_ERROR_CANCELED\000"
 1039      52524F52 
 1039      5F43414E 
 1039      43454C45 
 1039      4400
 1040              	.LASF72:
 1041 0497 5744545F 		.ascii	"WDT_TimeOut\000"
 1041      54696D65 
 1041      4F757400 
 1042              	.LASF66:
 1043 04a3 49544D5F 		.ascii	"ITM_RxBuffer\000"
 1043      52784275 
 1043      66666572 
 1043      00
 1044              	.LASF14:
 1045 04b0 52435F45 		.ascii	"RC_ERROR\000"
 1045      52524F52 
 1045      00
 1046              	.LASF17:
 1047 04b9 52435F45 		.ascii	"RC_ERROR_MEMORY\000"
 1047      52524F52 
 1047      5F4D454D 
 1047      4F525900 
 1048              	.LASF60:
 1049 04c9 45455F6F 		.ascii	"EE_oo_IRQ_disable_count\000"
 1049      6F5F4952 
 1049      515F6469 
 1049      7361626C 
 1049      655F636F 
 1050              	.LASF58:
 1051 04e1 74696D65 		.ascii	"timeout\000"
 1051      6F757400 
 1052              	.LASF39:
 1053 04e9 52435F74 		.ascii	"RC_t\000"
 1053      00
 1054              	.LASF68:
 1055 04ee 43795764 		.ascii	"CyWdtClear\000"
 1055      74436C65 
 1055      617200
 1056              	.LASF24:
 1057 04f9 52435F45 		.ascii	"RC_ERROR_TIME_OUT\000"
 1057      52524F52 
 1057      5F54494D 
 1057      455F4F55 
 1057      5400
 1058              		.ident	"GCC: (GNU Tools for ARM Embedded Processors) 5.4.1 20160609 (release) [ARM/embedded-5-bran
